!SESSION 2021-01-18 14:49:27.197 -----------------------------------------------
eclipse.buildId=4.17.0.I20200902-1800
java.version=15.0.1
java.vendor=Oracle Corporation
BootLoader constants: OS=win32, ARCH=x86_64, WS=win32, NL=en_US
Framework arguments:  -product org.eclipse.epp.package.java.product
Command-line arguments:  -os win32 -ws win32 -arch x86_64 -product org.eclipse.epp.package.java.product

This is a continuation of log file C:\Users\karthick RS\eclipse-workspace\.metadata\.bak_0.log
Created Time: 2021-01-18 15:42:21.844

!ENTRY org.eclipse.jdt.junit.core 4 4 2021-01-18 15:42:21.876
!MESSAGE Error
!STACK 0
java.lang.Exception: Unexpected TestElement type for testId '11': TestSuite: | BBB | 222 | : Completed - OK (5)
	at org.eclipse.jdt.internal.junit.model.TestRunSession$TestSessionNotifier.logUnexpectedTest(TestRunSession.java:801)
	at org.eclipse.jdt.internal.junit.model.TestRunSession$TestSessionNotifier.testEnded(TestRunSession.java:738)
	at org.eclipse.jdt.internal.junit.model.RemoteTestRunnerClient$4.run(RemoteTestRunnerClient.java:523)
	at org.eclipse.core.runtime.SafeRunner.run(SafeRunner.java:45)
	at org.eclipse.jdt.internal.junit.model.RemoteTestRunnerClient.notifyTestEnded(RemoteTestRunnerClient.java:519)
	at org.eclipse.jdt.internal.junit.model.RemoteTestRunnerClient.access$7(RemoteTestRunnerClient.java:515)
	at org.eclipse.jdt.internal.junit.model.RemoteTestRunnerClient$DefaultProcessingState.readMessage(RemoteTestRunnerClient.java:96)
	at org.eclipse.jdt.internal.junit.model.RemoteTestRunnerClient.receiveMessage(RemoteTestRunnerClient.java:378)
	at org.eclipse.jdt.internal.junit.model.RemoteTestRunnerClient.access$27(RemoteTestRunnerClient.java:377)
	at org.eclipse.jdt.internal.junit.model.RemoteTestRunnerClient$ServerConnection.run(RemoteTestRunnerClient.java:273)

!ENTRY org.eclipse.jdt.junit.core 4 4 2021-01-18 15:42:21.896
!MESSAGE Error
!STACK 0
java.lang.Exception: Unexpected TestElement type for testId '17': TestSuite: | karthick123 | 12131415 | : Not Started - Undefined (5)
	at org.eclipse.jdt.internal.junit.model.TestRunSession$TestSessionNotifier.logUnexpectedTest(TestRunSession.java:801)
	at org.eclipse.jdt.internal.junit.model.TestRunSession$TestSessionNotifier.testStarted(TestRunSession.java:708)
	at org.eclipse.jdt.internal.junit.model.RemoteTestRunnerClient$5.run(RemoteTestRunnerClient.java:537)
	at org.eclipse.core.runtime.SafeRunner.run(SafeRunner.java:45)
	at org.eclipse.jdt.internal.junit.model.RemoteTestRunnerClient.notifyTestStarted(RemoteTestRunnerClient.java:533)
	at org.eclipse.jdt.internal.junit.model.RemoteTestRunnerClient.access$6(RemoteTestRunnerClient.java:529)
	at org.eclipse.jdt.internal.junit.model.RemoteTestRunnerClient$DefaultProcessingState.readMessage(RemoteTestRunnerClient.java:92)
	at org.eclipse.jdt.internal.junit.model.RemoteTestRunnerClient.receiveMessage(RemoteTestRunnerClient.java:378)
	at org.eclipse.jdt.internal.junit.model.RemoteTestRunnerClient.access$27(RemoteTestRunnerClient.java:377)
	at org.eclipse.jdt.internal.junit.model.RemoteTestRunnerClient$ServerConnection.run(RemoteTestRunnerClient.java:273)

!ENTRY org.eclipse.jdt.junit.core 4 4 2021-01-18 15:42:24.322
!MESSAGE Error
!STACK 0
java.lang.Exception: Unexpected TestElement type for testId '17': TestSuite: | karthick123 | 12131415 | : Completed - OK (5)
	at org.eclipse.jdt.internal.junit.model.TestRunSession$TestSessionNotifier.logUnexpectedTest(TestRunSession.java:801)
	at org.eclipse.jdt.internal.junit.model.TestRunSession$TestSessionNotifier.testEnded(TestRunSession.java:738)
	at org.eclipse.jdt.internal.junit.model.RemoteTestRunnerClient$4.run(RemoteTestRunnerClient.java:523)
	at org.eclipse.core.runtime.SafeRunner.run(SafeRunner.java:45)
	at org.eclipse.jdt.internal.junit.model.RemoteTestRunnerClient.notifyTestEnded(RemoteTestRunnerClient.java:519)
	at org.eclipse.jdt.internal.junit.model.RemoteTestRunnerClient.access$7(RemoteTestRunnerClient.java:515)
	at org.eclipse.jdt.internal.junit.model.RemoteTestRunnerClient$DefaultProcessingState.readMessage(RemoteTestRunnerClient.java:96)
	at org.eclipse.jdt.internal.junit.model.RemoteTestRunnerClient.receiveMessage(RemoteTestRunnerClient.java:378)
	at org.eclipse.jdt.internal.junit.model.RemoteTestRunnerClient.access$27(RemoteTestRunnerClient.java:377)
	at org.eclipse.jdt.internal.junit.model.RemoteTestRunnerClient$ServerConnection.run(RemoteTestRunnerClient.java:273)

!ENTRY org.eclipse.jdt.junit.core 4 4 2021-01-18 15:42:24.338
!MESSAGE Error
!STACK 0
java.lang.Exception: Unexpected TestElement type for testId '23': TestSuite: Scenario: Verify the user is able to Search Hotel Page. : Not Started - Undefined (10)
	at org.eclipse.jdt.internal.junit.model.TestRunSession$TestSessionNotifier.logUnexpectedTest(TestRunSession.java:801)
	at org.eclipse.jdt.internal.junit.model.TestRunSession$TestSessionNotifier.testStarted(TestRunSession.java:708)
	at org.eclipse.jdt.internal.junit.model.RemoteTestRunnerClient$5.run(RemoteTestRunnerClient.java:537)
	at org.eclipse.core.runtime.SafeRunner.run(SafeRunner.java:45)
	at org.eclipse.jdt.internal.junit.model.RemoteTestRunnerClient.notifyTestStarted(RemoteTestRunnerClient.java:533)
	at org.eclipse.jdt.internal.junit.model.RemoteTestRunnerClient.access$6(RemoteTestRunnerClient.java:529)
	at org.eclipse.jdt.internal.junit.model.RemoteTestRunnerClient$DefaultProcessingState.readMessage(RemoteTestRunnerClient.java:92)
	at org.eclipse.jdt.internal.junit.model.RemoteTestRunnerClient.receiveMessage(RemoteTestRunnerClient.java:378)
	at org.eclipse.jdt.internal.junit.model.RemoteTestRunnerClient.access$27(RemoteTestRunnerClient.java:377)
	at org.eclipse.jdt.internal.junit.model.RemoteTestRunnerClient$ServerConnection.run(RemoteTestRunnerClient.java:273)

!ENTRY org.eclipse.jdt.junit.core 4 4 2021-01-18 15:42:25.830
!MESSAGE Error
!STACK 0
java.lang.Exception: Unexpected TestElement type for testId '23': TestSuite: Scenario: Verify the user is able to Search Hotel Page. : Completed - OK (10)
	at org.eclipse.jdt.internal.junit.model.TestRunSession$TestSessionNotifier.logUnexpectedTest(TestRunSession.java:801)
	at org.eclipse.jdt.internal.junit.model.TestRunSession$TestSessionNotifier.testEnded(TestRunSession.java:738)
	at org.eclipse.jdt.internal.junit.model.RemoteTestRunnerClient$4.run(RemoteTestRunnerClient.java:523)
	at org.eclipse.core.runtime.SafeRunner.run(SafeRunner.java:45)
	at org.eclipse.jdt.internal.junit.model.RemoteTestRunnerClient.notifyTestEnded(RemoteTestRunnerClient.java:519)
	at org.eclipse.jdt.internal.junit.model.RemoteTestRunnerClient.access$7(RemoteTestRunnerClient.java:515)
	at org.eclipse.jdt.internal.junit.model.RemoteTestRunnerClient$DefaultProcessingState.readMessage(RemoteTestRunnerClient.java:96)
	at org.eclipse.jdt.internal.junit.model.RemoteTestRunnerClient.receiveMessage(RemoteTestRunnerClient.java:378)
	at org.eclipse.jdt.internal.junit.model.RemoteTestRunnerClient.access$27(RemoteTestRunnerClient.java:377)
	at org.eclipse.jdt.internal.junit.model.RemoteTestRunnerClient$ServerConnection.run(RemoteTestRunnerClient.java:273)

!ENTRY org.eclipse.jdt.junit.core 4 4 2021-01-18 15:42:25.846
!MESSAGE Error
!STACK 0
java.lang.Exception: Unexpected TestElement type for testId '34': TestSuite: Scenario: Verify the user is able to Select Hotel Page. : Not Started - Undefined (3)
	at org.eclipse.jdt.internal.junit.model.TestRunSession$TestSessionNotifier.logUnexpectedTest(TestRunSession.java:801)
	at org.eclipse.jdt.internal.junit.model.TestRunSession$TestSessionNotifier.testStarted(TestRunSession.java:708)
	at org.eclipse.jdt.internal.junit.model.RemoteTestRunnerClient$5.run(RemoteTestRunnerClient.java:537)
	at org.eclipse.core.runtime.SafeRunner.run(SafeRunner.java:45)
	at org.eclipse.jdt.internal.junit.model.RemoteTestRunnerClient.notifyTestStarted(RemoteTestRunnerClient.java:533)
	at org.eclipse.jdt.internal.junit.model.RemoteTestRunnerClient.access$6(RemoteTestRunnerClient.java:529)
	at org.eclipse.jdt.internal.junit.model.RemoteTestRunnerClient$DefaultProcessingState.readMessage(RemoteTestRunnerClient.java:92)
	at org.eclipse.jdt.internal.junit.model.RemoteTestRunnerClient.receiveMessage(RemoteTestRunnerClient.java:378)
	at org.eclipse.jdt.internal.junit.model.RemoteTestRunnerClient.access$27(RemoteTestRunnerClient.java:377)
	at org.eclipse.jdt.internal.junit.model.RemoteTestRunnerClient$ServerConnection.run(RemoteTestRunnerClient.java:273)

!ENTRY org.eclipse.jdt.junit.core 4 4 2021-01-18 15:42:31.492
!MESSAGE Error
!STACK 0
java.lang.Exception: Unexpected TestElement type for testId '34': TestSuite: Scenario: Verify the user is able to Select Hotel Page. : Completed - OK (3)
	at org.eclipse.jdt.internal.junit.model.TestRunSession$TestSessionNotifier.logUnexpectedTest(TestRunSession.java:801)
	at org.eclipse.jdt.internal.junit.model.TestRunSession$TestSessionNotifier.testEnded(TestRunSession.java:738)
	at org.eclipse.jdt.internal.junit.model.RemoteTestRunnerClient$4.run(RemoteTestRunnerClient.java:523)
	at org.eclipse.core.runtime.SafeRunner.run(SafeRunner.java:45)
	at org.eclipse.jdt.internal.junit.model.RemoteTestRunnerClient.notifyTestEnded(RemoteTestRunnerClient.java:519)
	at org.eclipse.jdt.internal.junit.model.RemoteTestRunnerClient.access$7(RemoteTestRunnerClient.java:515)
	at org.eclipse.jdt.internal.junit.model.RemoteTestRunnerClient$DefaultProcessingState.readMessage(RemoteTestRunnerClient.java:96)
	at org.eclipse.jdt.internal.junit.model.RemoteTestRunnerClient.receiveMessage(RemoteTestRunnerClient.java:378)
	at org.eclipse.jdt.internal.junit.model.RemoteTestRunnerClient.access$27(RemoteTestRunnerClient.java:377)
	at org.eclipse.jdt.internal.junit.model.RemoteTestRunnerClient$ServerConnection.run(RemoteTestRunnerClient.java:273)

!ENTRY org.eclipse.jdt.junit.core 4 4 2021-01-18 15:42:31.508
!MESSAGE Error
!STACK 0
java.lang.Exception: Unexpected TestElement type for testId '38': TestSuite: Scenario: Verify the user is able to Book Now Page. : Not Started - Undefined (10)
	at org.eclipse.jdt.internal.junit.model.TestRunSession$TestSessionNotifier.logUnexpectedTest(TestRunSession.java:801)
	at org.eclipse.jdt.internal.junit.model.TestRunSession$TestSessionNotifier.testStarted(TestRunSession.java:708)
	at org.eclipse.jdt.internal.junit.model.RemoteTestRunnerClient$5.run(RemoteTestRunnerClient.java:537)
	at org.eclipse.core.runtime.SafeRunner.run(SafeRunner.java:45)
	at org.eclipse.jdt.internal.junit.model.RemoteTestRunnerClient.notifyTestStarted(RemoteTestRunnerClient.java:533)
	at org.eclipse.jdt.internal.junit.model.RemoteTestRunnerClient.access$6(RemoteTestRunnerClient.java:529)
	at org.eclipse.jdt.internal.junit.model.RemoteTestRunnerClient$DefaultProcessingState.readMessage(RemoteTestRunnerClient.java:92)
	at org.eclipse.jdt.internal.junit.model.RemoteTestRunnerClient.receiveMessage(RemoteTestRunnerClient.java:378)
	at org.eclipse.jdt.internal.junit.model.RemoteTestRunnerClient.access$27(RemoteTestRunnerClient.java:377)
	at org.eclipse.jdt.internal.junit.model.RemoteTestRunnerClient$ServerConnection.run(RemoteTestRunnerClient.java:273)

!ENTRY org.eclipse.jdt.junit.core 4 4 2021-01-18 15:48:09.521
!MESSAGE Error
!STACK 0
java.lang.Exception: Unexpected TestElement type for testId '5': TestSuite: | AAA | 111 | : Not Started - Undefined (5)
	at org.eclipse.jdt.internal.junit.model.TestRunSession$TestSessionNotifier.logUnexpectedTest(TestRunSession.java:801)
	at org.eclipse.jdt.internal.junit.model.TestRunSession$TestSessionNotifier.testStarted(TestRunSession.java:708)
	at org.eclipse.jdt.internal.junit.model.RemoteTestRunnerClient$5.run(RemoteTestRunnerClient.java:537)
	at org.eclipse.core.runtime.SafeRunner.run(SafeRunner.java:45)
	at org.eclipse.jdt.internal.junit.model.RemoteTestRunnerClient.notifyTestStarted(RemoteTestRunnerClient.java:533)
	at org.eclipse.jdt.internal.junit.model.RemoteTestRunnerClient.access$6(RemoteTestRunnerClient.java:529)
	at org.eclipse.jdt.internal.junit.model.RemoteTestRunnerClient$DefaultProcessingState.readMessage(RemoteTestRunnerClient.java:92)
	at org.eclipse.jdt.internal.junit.model.RemoteTestRunnerClient.receiveMessage(RemoteTestRunnerClient.java:378)
	at org.eclipse.jdt.internal.junit.model.RemoteTestRunnerClient.access$27(RemoteTestRunnerClient.java:377)
	at org.eclipse.jdt.internal.junit.model.RemoteTestRunnerClient$ServerConnection.run(RemoteTestRunnerClient.java:273)

!ENTRY org.eclipse.jdt.junit.core 4 4 2021-01-18 15:48:16.066
!MESSAGE Error
!STACK 0
java.lang.Exception: Unexpected TestElement type for testId '5': TestSuite: | AAA | 111 | : Completed - OK (5)
	at org.eclipse.jdt.internal.junit.model.TestRunSession$TestSessionNotifier.logUnexpectedTest(TestRunSession.java:801)
	at org.eclipse.jdt.internal.junit.model.TestRunSession$TestSessionNotifier.testEnded(TestRunSession.java:738)
	at org.eclipse.jdt.internal.junit.model.RemoteTestRunnerClient$4.run(RemoteTestRunnerClient.java:523)
	at org.eclipse.core.runtime.SafeRunner.run(SafeRunner.java:45)
	at org.eclipse.jdt.internal.junit.model.RemoteTestRunnerClient.notifyTestEnded(RemoteTestRunnerClient.java:519)
	at org.eclipse.jdt.internal.junit.model.RemoteTestRunnerClient.access$7(RemoteTestRunnerClient.java:515)
	at org.eclipse.jdt.internal.junit.model.RemoteTestRunnerClient$DefaultProcessingState.readMessage(RemoteTestRunnerClient.java:96)
	at org.eclipse.jdt.internal.junit.model.RemoteTestRunnerClient.receiveMessage(RemoteTestRunnerClient.java:378)
	at org.eclipse.jdt.internal.junit.model.RemoteTestRunnerClient.access$27(RemoteTestRunnerClient.java:377)
	at org.eclipse.jdt.internal.junit.model.RemoteTestRunnerClient$ServerConnection.run(RemoteTestRunnerClient.java:273)

!ENTRY org.eclipse.jdt.junit.core 4 4 2021-01-18 15:48:16.082
!MESSAGE Error
!STACK 0
java.lang.Exception: Unexpected TestElement type for testId '11': TestSuite: | BBB | 222 | : Not Started - Undefined (5)
	at org.eclipse.jdt.internal.junit.model.TestRunSession$TestSessionNotifier.logUnexpectedTest(TestRunSession.java:801)
	at org.eclipse.jdt.internal.junit.model.TestRunSession$TestSessionNotifier.testStarted(TestRunSession.java:708)
	at org.eclipse.jdt.internal.junit.model.RemoteTestRunnerClient$5.run(RemoteTestRunnerClient.java:537)
	at org.eclipse.core.runtime.SafeRunner.run(SafeRunner.java:45)
	at org.eclipse.jdt.internal.junit.model.RemoteTestRunnerClient.notifyTestStarted(RemoteTestRunnerClient.java:533)
	at org.eclipse.jdt.internal.junit.model.RemoteTestRunnerClient.access$6(RemoteTestRunnerClient.java:529)
	at org.eclipse.jdt.internal.junit.model.RemoteTestRunnerClient$DefaultProcessingState.readMessage(RemoteTestRunnerClient.java:92)
	at org.eclipse.jdt.internal.junit.model.RemoteTestRunnerClient.receiveMessage(RemoteTestRunnerClient.java:378)
	at org.eclipse.jdt.internal.junit.model.RemoteTestRunnerClient.access$27(RemoteTestRunnerClient.java:377)
	at org.eclipse.jdt.internal.junit.model.RemoteTestRunnerClient$ServerConnection.run(RemoteTestRunnerClient.java:273)

!ENTRY org.eclipse.jdt.junit.core 4 4 2021-01-18 15:48:18.157
!MESSAGE Error
!STACK 0
java.lang.Exception: Unexpected TestElement type for testId '11': TestSuite: | BBB | 222 | : Completed - OK (5)
	at org.eclipse.jdt.internal.junit.model.TestRunSession$TestSessionNotifier.logUnexpectedTest(TestRunSession.java:801)
	at org.eclipse.jdt.internal.junit.model.TestRunSession$TestSessionNotifier.testEnded(TestRunSession.java:738)
	at org.eclipse.jdt.internal.junit.model.RemoteTestRunnerClient$4.run(RemoteTestRunnerClient.java:523)
	at org.eclipse.core.runtime.SafeRunner.run(SafeRunner.java:45)
	at org.eclipse.jdt.internal.junit.model.RemoteTestRunnerClient.notifyTestEnded(RemoteTestRunnerClient.java:519)
	at org.eclipse.jdt.internal.junit.model.RemoteTestRunnerClient.access$7(RemoteTestRunnerClient.java:515)
	at org.eclipse.jdt.internal.junit.model.RemoteTestRunnerClient$DefaultProcessingState.readMessage(RemoteTestRunnerClient.java:96)
	at org.eclipse.jdt.internal.junit.model.RemoteTestRunnerClient.receiveMessage(RemoteTestRunnerClient.java:378)
	at org.eclipse.jdt.internal.junit.model.RemoteTestRunnerClient.access$27(RemoteTestRunnerClient.java:377)
	at org.eclipse.jdt.internal.junit.model.RemoteTestRunnerClient$ServerConnection.run(RemoteTestRunnerClient.java:273)

!ENTRY org.eclipse.jdt.junit.core 4 4 2021-01-18 15:48:18.174
!MESSAGE Error
!STACK 0
java.lang.Exception: Unexpected TestElement type for testId '17': TestSuite: | karthick123 | 12131415 | : Not Started - Undefined (5)
	at org.eclipse.jdt.internal.junit.model.TestRunSession$TestSessionNotifier.logUnexpectedTest(TestRunSession.java:801)
	at org.eclipse.jdt.internal.junit.model.TestRunSession$TestSessionNotifier.testStarted(TestRunSession.java:708)
	at org.eclipse.jdt.internal.junit.model.RemoteTestRunnerClient$5.run(RemoteTestRunnerClient.java:537)
	at org.eclipse.core.runtime.SafeRunner.run(SafeRunner.java:45)
	at org.eclipse.jdt.internal.junit.model.RemoteTestRunnerClient.notifyTestStarted(RemoteTestRunnerClient.java:533)
	at org.eclipse.jdt.internal.junit.model.RemoteTestRunnerClient.access$6(RemoteTestRunnerClient.java:529)
	at org.eclipse.jdt.internal.junit.model.RemoteTestRunnerClient$DefaultProcessingState.readMessage(RemoteTestRunnerClient.java:92)
	at org.eclipse.jdt.internal.junit.model.RemoteTestRunnerClient.receiveMessage(RemoteTestRunnerClient.java:378)
	at org.eclipse.jdt.internal.junit.model.RemoteTestRunnerClient.access$27(RemoteTestRunnerClient.java:377)
	at org.eclipse.jdt.internal.junit.model.RemoteTestRunnerClient$ServerConnection.run(RemoteTestRunnerClient.java:273)

!ENTRY org.eclipse.jdt.junit.core 4 4 2021-01-18 15:48:20.837
!MESSAGE Error
!STACK 0
java.lang.Exception: Unexpected TestElement type for testId '17': TestSuite: | karthick123 | 12131415 | : Completed - OK (5)
	at org.eclipse.jdt.internal.junit.model.TestRunSession$TestSessionNotifier.logUnexpectedTest(TestRunSession.java:801)
	at org.eclipse.jdt.internal.junit.model.TestRunSession$TestSessionNotifier.testEnded(TestRunSession.java:738)
	at org.eclipse.jdt.internal.junit.model.RemoteTestRunnerClient$4.run(RemoteTestRunnerClient.java:523)
	at org.eclipse.core.runtime.SafeRunner.run(SafeRunner.java:45)
	at org.eclipse.jdt.internal.junit.model.RemoteTestRunnerClient.notifyTestEnded(RemoteTestRunnerClient.java:519)
	at org.eclipse.jdt.internal.junit.model.RemoteTestRunnerClient.access$7(RemoteTestRunnerClient.java:515)
	at org.eclipse.jdt.internal.junit.model.RemoteTestRunnerClient$DefaultProcessingState.readMessage(RemoteTestRunnerClient.java:96)
	at org.eclipse.jdt.internal.junit.model.RemoteTestRunnerClient.receiveMessage(RemoteTestRunnerClient.java:378)
	at org.eclipse.jdt.internal.junit.model.RemoteTestRunnerClient.access$27(RemoteTestRunnerClient.java:377)
	at org.eclipse.jdt.internal.junit.model.RemoteTestRunnerClient$ServerConnection.run(RemoteTestRunnerClient.java:273)

!ENTRY org.eclipse.jdt.junit.core 4 4 2021-01-18 15:48:20.856
!MESSAGE Error
!STACK 0
java.lang.Exception: Unexpected TestElement type for testId '23': TestSuite: Scenario: Verify the user is able to Search Hotel Page. : Not Started - Undefined (10)
	at org.eclipse.jdt.internal.junit.model.TestRunSession$TestSessionNotifier.logUnexpectedTest(TestRunSession.java:801)
	at org.eclipse.jdt.internal.junit.model.TestRunSession$TestSessionNotifier.testStarted(TestRunSession.java:708)
	at org.eclipse.jdt.internal.junit.model.RemoteTestRunnerClient$5.run(RemoteTestRunnerClient.java:537)
	at org.eclipse.core.runtime.SafeRunner.run(SafeRunner.java:45)
	at org.eclipse.jdt.internal.junit.model.RemoteTestRunnerClient.notifyTestStarted(RemoteTestRunnerClient.java:533)
	at org.eclipse.jdt.internal.junit.model.RemoteTestRunnerClient.access$6(RemoteTestRunnerClient.java:529)
	at org.eclipse.jdt.internal.junit.model.RemoteTestRunnerClient$DefaultProcessingState.readMessage(RemoteTestRunnerClient.java:92)
	at org.eclipse.jdt.internal.junit.model.RemoteTestRunnerClient.receiveMessage(RemoteTestRunnerClient.java:378)
	at org.eclipse.jdt.internal.junit.model.RemoteTestRunnerClient.access$27(RemoteTestRunnerClient.java:377)
	at org.eclipse.jdt.internal.junit.model.RemoteTestRunnerClient$ServerConnection.run(RemoteTestRunnerClient.java:273)

!ENTRY org.eclipse.jdt.junit.core 4 4 2021-01-18 15:48:23.626
!MESSAGE Error
!STACK 0
java.lang.Exception: Unexpected TestElement type for testId '23': TestSuite: Scenario: Verify the user is able to Search Hotel Page. : Completed - OK (10)
	at org.eclipse.jdt.internal.junit.model.TestRunSession$TestSessionNotifier.logUnexpectedTest(TestRunSession.java:801)
	at org.eclipse.jdt.internal.junit.model.TestRunSession$TestSessionNotifier.testEnded(TestRunSession.java:738)
	at org.eclipse.jdt.internal.junit.model.RemoteTestRunnerClient$4.run(RemoteTestRunnerClient.java:523)
	at org.eclipse.core.runtime.SafeRunner.run(SafeRunner.java:45)
	at org.eclipse.jdt.internal.junit.model.RemoteTestRunnerClient.notifyTestEnded(RemoteTestRunnerClient.java:519)
	at org.eclipse.jdt.internal.junit.model.RemoteTestRunnerClient.access$7(RemoteTestRunnerClient.java:515)
	at org.eclipse.jdt.internal.junit.model.RemoteTestRunnerClient$DefaultProcessingState.readMessage(RemoteTestRunnerClient.java:96)
	at org.eclipse.jdt.internal.junit.model.RemoteTestRunnerClient.receiveMessage(RemoteTestRunnerClient.java:378)
	at org.eclipse.jdt.internal.junit.model.RemoteTestRunnerClient.access$27(RemoteTestRunnerClient.java:377)
	at org.eclipse.jdt.internal.junit.model.RemoteTestRunnerClient$ServerConnection.run(RemoteTestRunnerClient.java:273)

!ENTRY org.eclipse.jdt.junit.core 4 4 2021-01-18 15:48:23.640
!MESSAGE Error
!STACK 0
java.lang.Exception: Unexpected TestElement type for testId '34': TestSuite: Scenario: Verify the user is able to Select Hotel Page. : Not Started - Undefined (3)
	at org.eclipse.jdt.internal.junit.model.TestRunSession$TestSessionNotifier.logUnexpectedTest(TestRunSession.java:801)
	at org.eclipse.jdt.internal.junit.model.TestRunSession$TestSessionNotifier.testStarted(TestRunSession.java:708)
	at org.eclipse.jdt.internal.junit.model.RemoteTestRunnerClient$5.run(RemoteTestRunnerClient.java:537)
	at org.eclipse.core.runtime.SafeRunner.run(SafeRunner.java:45)
	at org.eclipse.jdt.internal.junit.model.RemoteTestRunnerClient.notifyTestStarted(RemoteTestRunnerClient.java:533)
	at org.eclipse.jdt.internal.junit.model.RemoteTestRunnerClient.access$6(RemoteTestRunnerClient.java:529)
	at org.eclipse.jdt.internal.junit.model.RemoteTestRunnerClient$DefaultProcessingState.readMessage(RemoteTestRunnerClient.java:92)
	at org.eclipse.jdt.internal.junit.model.RemoteTestRunnerClient.receiveMessage(RemoteTestRunnerClient.java:378)
	at org.eclipse.jdt.internal.junit.model.RemoteTestRunnerClient.access$27(RemoteTestRunnerClient.java:377)
	at org.eclipse.jdt.internal.junit.model.RemoteTestRunnerClient$ServerConnection.run(RemoteTestRunnerClient.java:273)

!ENTRY org.eclipse.jdt.junit.core 4 4 2021-01-18 15:50:03.671
!MESSAGE Error
!STACK 0
java.lang.Exception: Unexpected TestElement type for testId '5': TestSuite: | AAA | 111 | : Not Started - Undefined (5)
	at org.eclipse.jdt.internal.junit.model.TestRunSession$TestSessionNotifier.logUnexpectedTest(TestRunSession.java:801)
	at org.eclipse.jdt.internal.junit.model.TestRunSession$TestSessionNotifier.testStarted(TestRunSession.java:708)
	at org.eclipse.jdt.internal.junit.model.RemoteTestRunnerClient$5.run(RemoteTestRunnerClient.java:537)
	at org.eclipse.core.runtime.SafeRunner.run(SafeRunner.java:45)
	at org.eclipse.jdt.internal.junit.model.RemoteTestRunnerClient.notifyTestStarted(RemoteTestRunnerClient.java:533)
	at org.eclipse.jdt.internal.junit.model.RemoteTestRunnerClient.access$6(RemoteTestRunnerClient.java:529)
	at org.eclipse.jdt.internal.junit.model.RemoteTestRunnerClient$DefaultProcessingState.readMessage(RemoteTestRunnerClient.java:92)
	at org.eclipse.jdt.internal.junit.model.RemoteTestRunnerClient.receiveMessage(RemoteTestRunnerClient.java:378)
	at org.eclipse.jdt.internal.junit.model.RemoteTestRunnerClient.access$27(RemoteTestRunnerClient.java:377)
	at org.eclipse.jdt.internal.junit.model.RemoteTestRunnerClient$ServerConnection.run(RemoteTestRunnerClient.java:273)

!ENTRY org.eclipse.jdt.junit.core 4 4 2021-01-18 15:50:09.965
!MESSAGE Error
!STACK 0
java.lang.Exception: Unexpected TestElement type for testId '5': TestSuite: | AAA | 111 | : Completed - OK (5)
	at org.eclipse.jdt.internal.junit.model.TestRunSession$TestSessionNotifier.logUnexpectedTest(TestRunSession.java:801)
	at org.eclipse.jdt.internal.junit.model.TestRunSession$TestSessionNotifier.testEnded(TestRunSession.java:738)
	at org.eclipse.jdt.internal.junit.model.RemoteTestRunnerClient$4.run(RemoteTestRunnerClient.java:523)
	at org.eclipse.core.runtime.SafeRunner.run(SafeRunner.java:45)
	at org.eclipse.jdt.internal.junit.model.RemoteTestRunnerClient.notifyTestEnded(RemoteTestRunnerClient.java:519)
	at org.eclipse.jdt.internal.junit.model.RemoteTestRunnerClient.access$7(RemoteTestRunnerClient.java:515)
	at org.eclipse.jdt.internal.junit.model.RemoteTestRunnerClient$DefaultProcessingState.readMessage(RemoteTestRunnerClient.java:96)
	at org.eclipse.jdt.internal.junit.model.RemoteTestRunnerClient.receiveMessage(RemoteTestRunnerClient.java:378)
	at org.eclipse.jdt.internal.junit.model.RemoteTestRunnerClient.access$27(RemoteTestRunnerClient.java:377)
	at org.eclipse.jdt.internal.junit.model.RemoteTestRunnerClient$ServerConnection.run(RemoteTestRunnerClient.java:273)

!ENTRY org.eclipse.jdt.junit.core 4 4 2021-01-18 15:50:09.983
!MESSAGE Error
!STACK 0
java.lang.Exception: Unexpected TestElement type for testId '11': TestSuite: | BBB | 222 | : Not Started - Undefined (5)
	at org.eclipse.jdt.internal.junit.model.TestRunSession$TestSessionNotifier.logUnexpectedTest(TestRunSession.java:801)
	at org.eclipse.jdt.internal.junit.model.TestRunSession$TestSessionNotifier.testStarted(TestRunSession.java:708)
	at org.eclipse.jdt.internal.junit.model.RemoteTestRunnerClient$5.run(RemoteTestRunnerClient.java:537)
	at org.eclipse.core.runtime.SafeRunner.run(SafeRunner.java:45)
	at org.eclipse.jdt.internal.junit.model.RemoteTestRunnerClient.notifyTestStarted(RemoteTestRunnerClient.java:533)
	at org.eclipse.jdt.internal.junit.model.RemoteTestRunnerClient.access$6(RemoteTestRunnerClient.java:529)
	at org.eclipse.jdt.internal.junit.model.RemoteTestRunnerClient$DefaultProcessingState.readMessage(RemoteTestRunnerClient.java:92)
	at org.eclipse.jdt.internal.junit.model.RemoteTestRunnerClient.receiveMessage(RemoteTestRunnerClient.java:378)
	at org.eclipse.jdt.internal.junit.model.RemoteTestRunnerClient.access$27(RemoteTestRunnerClient.java:377)
	at org.eclipse.jdt.internal.junit.model.RemoteTestRunnerClient$ServerConnection.run(RemoteTestRunnerClient.java:273)

!ENTRY org.eclipse.jdt.junit.core 4 4 2021-01-18 15:50:12.075
!MESSAGE Error
!STACK 0
java.lang.Exception: Unexpected TestElement type for testId '11': TestSuite: | BBB | 222 | : Completed - OK (5)
	at org.eclipse.jdt.internal.junit.model.TestRunSession$TestSessionNotifier.logUnexpectedTest(TestRunSession.java:801)
	at org.eclipse.jdt.internal.junit.model.TestRunSession$TestSessionNotifier.testEnded(TestRunSession.java:738)
	at org.eclipse.jdt.internal.junit.model.RemoteTestRunnerClient$4.run(RemoteTestRunnerClient.java:523)
	at org.eclipse.core.runtime.SafeRunner.run(SafeRunner.java:45)
	at org.eclipse.jdt.internal.junit.model.RemoteTestRunnerClient.notifyTestEnded(RemoteTestRunnerClient.java:519)
	at org.eclipse.jdt.internal.junit.model.RemoteTestRunnerClient.access$7(RemoteTestRunnerClient.java:515)
	at org.eclipse.jdt.internal.junit.model.RemoteTestRunnerClient$DefaultProcessingState.readMessage(RemoteTestRunnerClient.java:96)
	at org.eclipse.jdt.internal.junit.model.RemoteTestRunnerClient.receiveMessage(RemoteTestRunnerClient.java:378)
	at org.eclipse.jdt.internal.junit.model.RemoteTestRunnerClient.access$27(RemoteTestRunnerClient.java:377)
	at org.eclipse.jdt.internal.junit.model.RemoteTestRunnerClient$ServerConnection.run(RemoteTestRunnerClient.java:273)

!ENTRY org.eclipse.jdt.junit.core 4 4 2021-01-18 15:50:12.094
!MESSAGE Error
!STACK 0
java.lang.Exception: Unexpected TestElement type for testId '17': TestSuite: | karthick123 | 12131415 | : Not Started - Undefined (5)
	at org.eclipse.jdt.internal.junit.model.TestRunSession$TestSessionNotifier.logUnexpectedTest(TestRunSession.java:801)
	at org.eclipse.jdt.internal.junit.model.TestRunSession$TestSessionNotifier.testStarted(TestRunSession.java:708)
	at org.eclipse.jdt.internal.junit.model.RemoteTestRunnerClient$5.run(RemoteTestRunnerClient.java:537)
	at org.eclipse.core.runtime.SafeRunner.run(SafeRunner.java:45)
	at org.eclipse.jdt.internal.junit.model.RemoteTestRunnerClient.notifyTestStarted(RemoteTestRunnerClient.java:533)
	at org.eclipse.jdt.internal.junit.model.RemoteTestRunnerClient.access$6(RemoteTestRunnerClient.java:529)
	at org.eclipse.jdt.internal.junit.model.RemoteTestRunnerClient$DefaultProcessingState.readMessage(RemoteTestRunnerClient.java:92)
	at org.eclipse.jdt.internal.junit.model.RemoteTestRunnerClient.receiveMessage(RemoteTestRunnerClient.java:378)
	at org.eclipse.jdt.internal.junit.model.RemoteTestRunnerClient.access$27(RemoteTestRunnerClient.java:377)
	at org.eclipse.jdt.internal.junit.model.RemoteTestRunnerClient$ServerConnection.run(RemoteTestRunnerClient.java:273)

!ENTRY org.eclipse.jdt.junit.core 4 4 2021-01-18 15:50:14.738
!MESSAGE Error
!STACK 0
java.lang.Exception: Unexpected TestElement type for testId '17': TestSuite: | karthick123 | 12131415 | : Completed - OK (5)
	at org.eclipse.jdt.internal.junit.model.TestRunSession$TestSessionNotifier.logUnexpectedTest(TestRunSession.java:801)
	at org.eclipse.jdt.internal.junit.model.TestRunSession$TestSessionNotifier.testEnded(TestRunSession.java:738)
	at org.eclipse.jdt.internal.junit.model.RemoteTestRunnerClient$4.run(RemoteTestRunnerClient.java:523)
	at org.eclipse.core.runtime.SafeRunner.run(SafeRunner.java:45)
	at org.eclipse.jdt.internal.junit.model.RemoteTestRunnerClient.notifyTestEnded(RemoteTestRunnerClient.java:519)
	at org.eclipse.jdt.internal.junit.model.RemoteTestRunnerClient.access$7(RemoteTestRunnerClient.java:515)
	at org.eclipse.jdt.internal.junit.model.RemoteTestRunnerClient$DefaultProcessingState.readMessage(RemoteTestRunnerClient.java:96)
	at org.eclipse.jdt.internal.junit.model.RemoteTestRunnerClient.receiveMessage(RemoteTestRunnerClient.java:378)
	at org.eclipse.jdt.internal.junit.model.RemoteTestRunnerClient.access$27(RemoteTestRunnerClient.java:377)
	at org.eclipse.jdt.internal.junit.model.RemoteTestRunnerClient$ServerConnection.run(RemoteTestRunnerClient.java:273)

!ENTRY org.eclipse.jdt.junit.core 4 4 2021-01-18 15:50:14.756
!MESSAGE Error
!STACK 0
java.lang.Exception: Unexpected TestElement type for testId '23': TestSuite: Scenario: Verify the user is able to Search Hotel Page. : Not Started - Undefined (10)
	at org.eclipse.jdt.internal.junit.model.TestRunSession$TestSessionNotifier.logUnexpectedTest(TestRunSession.java:801)
	at org.eclipse.jdt.internal.junit.model.TestRunSession$TestSessionNotifier.testStarted(TestRunSession.java:708)
	at org.eclipse.jdt.internal.junit.model.RemoteTestRunnerClient$5.run(RemoteTestRunnerClient.java:537)
	at org.eclipse.core.runtime.SafeRunner.run(SafeRunner.java:45)
	at org.eclipse.jdt.internal.junit.model.RemoteTestRunnerClient.notifyTestStarted(RemoteTestRunnerClient.java:533)
	at org.eclipse.jdt.internal.junit.model.RemoteTestRunnerClient.access$6(RemoteTestRunnerClient.java:529)
	at org.eclipse.jdt.internal.junit.model.RemoteTestRunnerClient$DefaultProcessingState.readMessage(RemoteTestRunnerClient.java:92)
	at org.eclipse.jdt.internal.junit.model.RemoteTestRunnerClient.receiveMessage(RemoteTestRunnerClient.java:378)
	at org.eclipse.jdt.internal.junit.model.RemoteTestRunnerClient.access$27(RemoteTestRunnerClient.java:377)
	at org.eclipse.jdt.internal.junit.model.RemoteTestRunnerClient$ServerConnection.run(RemoteTestRunnerClient.java:273)

!ENTRY org.eclipse.jdt.junit.core 4 4 2021-01-18 15:50:17.373
!MESSAGE Error
!STACK 0
java.lang.Exception: Unexpected TestElement type for testId '23': TestSuite: Scenario: Verify the user is able to Search Hotel Page. : Completed - OK (10)
	at org.eclipse.jdt.internal.junit.model.TestRunSession$TestSessionNotifier.logUnexpectedTest(TestRunSession.java:801)
	at org.eclipse.jdt.internal.junit.model.TestRunSession$TestSessionNotifier.testEnded(TestRunSession.java:738)
	at org.eclipse.jdt.internal.junit.model.RemoteTestRunnerClient$4.run(RemoteTestRunnerClient.java:523)
	at org.eclipse.core.runtime.SafeRunner.run(SafeRunner.java:45)
	at org.eclipse.jdt.internal.junit.model.RemoteTestRunnerClient.notifyTestEnded(RemoteTestRunnerClient.java:519)
	at org.eclipse.jdt.internal.junit.model.RemoteTestRunnerClient.access$7(RemoteTestRunnerClient.java:515)
	at org.eclipse.jdt.internal.junit.model.RemoteTestRunnerClient$DefaultProcessingState.readMessage(RemoteTestRunnerClient.java:96)
	at org.eclipse.jdt.internal.junit.model.RemoteTestRunnerClient.receiveMessage(RemoteTestRunnerClient.java:378)
	at org.eclipse.jdt.internal.junit.model.RemoteTestRunnerClient.access$27(RemoteTestRunnerClient.java:377)
	at org.eclipse.jdt.internal.junit.model.RemoteTestRunnerClient$ServerConnection.run(RemoteTestRunnerClient.java:273)

!ENTRY org.eclipse.jdt.junit.core 4 4 2021-01-18 15:50:17.390
!MESSAGE Error
!STACK 0
java.lang.Exception: Unexpected TestElement type for testId '34': TestSuite: Scenario: Verify the user is able to Select Hotel Page. : Not Started - Undefined (3)
	at org.eclipse.jdt.internal.junit.model.TestRunSession$TestSessionNotifier.logUnexpectedTest(TestRunSession.java:801)
	at org.eclipse.jdt.internal.junit.model.TestRunSession$TestSessionNotifier.testStarted(TestRunSession.java:708)
	at org.eclipse.jdt.internal.junit.model.RemoteTestRunnerClient$5.run(RemoteTestRunnerClient.java:537)
	at org.eclipse.core.runtime.SafeRunner.run(SafeRunner.java:45)
	at org.eclipse.jdt.internal.junit.model.RemoteTestRunnerClient.notifyTestStarted(RemoteTestRunnerClient.java:533)
	at org.eclipse.jdt.internal.junit.model.RemoteTestRunnerClient.access$6(RemoteTestRunnerClient.java:529)
	at org.eclipse.jdt.internal.junit.model.RemoteTestRunnerClient$DefaultProcessingState.readMessage(RemoteTestRunnerClient.java:92)
	at org.eclipse.jdt.internal.junit.model.RemoteTestRunnerClient.receiveMessage(RemoteTestRunnerClient.java:378)
	at org.eclipse.jdt.internal.junit.model.RemoteTestRunnerClient.access$27(RemoteTestRunnerClient.java:377)
	at org.eclipse.jdt.internal.junit.model.RemoteTestRunnerClient$ServerConnection.run(RemoteTestRunnerClient.java:273)

!ENTRY org.eclipse.jdt.junit.core 4 4 2021-01-18 15:50:29.693
!MESSAGE Error
!STACK 0
java.lang.Exception: Unexpected TestElement type for testId '34': TestSuite: Scenario: Verify the user is able to Select Hotel Page. : Completed - OK (3)
	at org.eclipse.jdt.internal.junit.model.TestRunSession$TestSessionNotifier.logUnexpectedTest(TestRunSession.java:801)
	at org.eclipse.jdt.internal.junit.model.TestRunSession$TestSessionNotifier.testEnded(TestRunSession.java:738)
	at org.eclipse.jdt.internal.junit.model.RemoteTestRunnerClient$4.run(RemoteTestRunnerClient.java:523)
	at org.eclipse.core.runtime.SafeRunner.run(SafeRunner.java:45)
	at org.eclipse.jdt.internal.junit.model.RemoteTestRunnerClient.notifyTestEnded(RemoteTestRunnerClient.java:519)
	at org.eclipse.jdt.internal.junit.model.RemoteTestRunnerClient.access$7(RemoteTestRunnerClient.java:515)
	at org.eclipse.jdt.internal.junit.model.RemoteTestRunnerClient$DefaultProcessingState.readMessage(RemoteTestRunnerClient.java:96)
	at org.eclipse.jdt.internal.junit.model.RemoteTestRunnerClient.receiveMessage(RemoteTestRunnerClient.java:378)
	at org.eclipse.jdt.internal.junit.model.RemoteTestRunnerClient.access$27(RemoteTestRunnerClient.java:377)
	at org.eclipse.jdt.internal.junit.model.RemoteTestRunnerClient$ServerConnection.run(RemoteTestRunnerClient.java:273)

!ENTRY org.eclipse.jdt.junit.core 4 4 2021-01-18 15:50:29.732
!MESSAGE Error
!STACK 0
java.lang.Exception: Unexpected TestElement type for testId '38': TestSuite: Scenario: Verify the user is able to Book Now Page. : Not Started - Undefined (10)
	at org.eclipse.jdt.internal.junit.model.TestRunSession$TestSessionNotifier.logUnexpectedTest(TestRunSession.java:801)
	at org.eclipse.jdt.internal.junit.model.TestRunSession$TestSessionNotifier.testStarted(TestRunSession.java:708)
	at org.eclipse.jdt.internal.junit.model.RemoteTestRunnerClient$5.run(RemoteTestRunnerClient.java:537)
	at org.eclipse.core.runtime.SafeRunner.run(SafeRunner.java:45)
	at org.eclipse.jdt.internal.junit.model.RemoteTestRunnerClient.notifyTestStarted(RemoteTestRunnerClient.java:533)
	at org.eclipse.jdt.internal.junit.model.RemoteTestRunnerClient.access$6(RemoteTestRunnerClient.java:529)
	at org.eclipse.jdt.internal.junit.model.RemoteTestRunnerClient$DefaultProcessingState.readMessage(RemoteTestRunnerClient.java:92)
	at org.eclipse.jdt.internal.junit.model.RemoteTestRunnerClient.receiveMessage(RemoteTestRunnerClient.java:378)
	at org.eclipse.jdt.internal.junit.model.RemoteTestRunnerClient.access$27(RemoteTestRunnerClient.java:377)
	at org.eclipse.jdt.internal.junit.model.RemoteTestRunnerClient$ServerConnection.run(RemoteTestRunnerClient.java:273)

!ENTRY org.eclipse.jdt.junit.core 4 4 2021-01-18 15:54:10.792
!MESSAGE Error
!STACK 0
java.lang.Exception: Unexpected TestElement type for testId '5': TestSuite: | AAA | 111 | : Not Started - Undefined (5)
	at org.eclipse.jdt.internal.junit.model.TestRunSession$TestSessionNotifier.logUnexpectedTest(TestRunSession.java:801)
	at org.eclipse.jdt.internal.junit.model.TestRunSession$TestSessionNotifier.testStarted(TestRunSession.java:708)
	at org.eclipse.jdt.internal.junit.model.RemoteTestRunnerClient$5.run(RemoteTestRunnerClient.java:537)
	at org.eclipse.core.runtime.SafeRunner.run(SafeRunner.java:45)
	at org.eclipse.jdt.internal.junit.model.RemoteTestRunnerClient.notifyTestStarted(RemoteTestRunnerClient.java:533)
	at org.eclipse.jdt.internal.junit.model.RemoteTestRunnerClient.access$6(RemoteTestRunnerClient.java:529)
	at org.eclipse.jdt.internal.junit.model.RemoteTestRunnerClient$DefaultProcessingState.readMessage(RemoteTestRunnerClient.java:92)
	at org.eclipse.jdt.internal.junit.model.RemoteTestRunnerClient.receiveMessage(RemoteTestRunnerClient.java:378)
	at org.eclipse.jdt.internal.junit.model.RemoteTestRunnerClient.access$27(RemoteTestRunnerClient.java:377)
	at org.eclipse.jdt.internal.junit.model.RemoteTestRunnerClient$ServerConnection.run(RemoteTestRunnerClient.java:273)

!ENTRY org.eclipse.jdt.junit.core 4 4 2021-01-18 15:54:18.705
!MESSAGE Error
!STACK 0
java.lang.Exception: Unexpected TestElement type for testId '5': TestSuite: | AAA | 111 | : Completed - OK (5)
	at org.eclipse.jdt.internal.junit.model.TestRunSession$TestSessionNotifier.logUnexpectedTest(TestRunSession.java:801)
	at org.eclipse.jdt.internal.junit.model.TestRunSession$TestSessionNotifier.testEnded(TestRunSession.java:738)
	at org.eclipse.jdt.internal.junit.model.RemoteTestRunnerClient$4.run(RemoteTestRunnerClient.java:523)
	at org.eclipse.core.runtime.SafeRunner.run(SafeRunner.java:45)
	at org.eclipse.jdt.internal.junit.model.RemoteTestRunnerClient.notifyTestEnded(RemoteTestRunnerClient.java:519)
	at org.eclipse.jdt.internal.junit.model.RemoteTestRunnerClient.access$7(RemoteTestRunnerClient.java:515)
	at org.eclipse.jdt.internal.junit.model.RemoteTestRunnerClient$DefaultProcessingState.readMessage(RemoteTestRunnerClient.java:96)
	at org.eclipse.jdt.internal.junit.model.RemoteTestRunnerClient.receiveMessage(RemoteTestRunnerClient.java:378)
	at org.eclipse.jdt.internal.junit.model.RemoteTestRunnerClient.access$27(RemoteTestRunnerClient.java:377)
	at org.eclipse.jdt.internal.junit.model.RemoteTestRunnerClient$ServerConnection.run(RemoteTestRunnerClient.java:273)

!ENTRY org.eclipse.jdt.junit.core 4 4 2021-01-18 15:54:18.719
!MESSAGE Error
!STACK 0
java.lang.Exception: Unexpected TestElement type for testId '11': TestSuite: | BBB | 222 | : Not Started - Undefined (5)
	at org.eclipse.jdt.internal.junit.model.TestRunSession$TestSessionNotifier.logUnexpectedTest(TestRunSession.java:801)
	at org.eclipse.jdt.internal.junit.model.TestRunSession$TestSessionNotifier.testStarted(TestRunSession.java:708)
	at org.eclipse.jdt.internal.junit.model.RemoteTestRunnerClient$5.run(RemoteTestRunnerClient.java:537)
	at org.eclipse.core.runtime.SafeRunner.run(SafeRunner.java:45)
	at org.eclipse.jdt.internal.junit.model.RemoteTestRunnerClient.notifyTestStarted(RemoteTestRunnerClient.java:533)
	at org.eclipse.jdt.internal.junit.model.RemoteTestRunnerClient.access$6(RemoteTestRunnerClient.java:529)
	at org.eclipse.jdt.internal.junit.model.RemoteTestRunnerClient$DefaultProcessingState.readMessage(RemoteTestRunnerClient.java:92)
	at org.eclipse.jdt.internal.junit.model.RemoteTestRunnerClient.receiveMessage(RemoteTestRunnerClient.java:378)
	at org.eclipse.jdt.internal.junit.model.RemoteTestRunnerClient.access$27(RemoteTestRunnerClient.java:377)
	at org.eclipse.jdt.internal.junit.model.RemoteTestRunnerClient$ServerConnection.run(RemoteTestRunnerClient.java:273)

!ENTRY org.eclipse.jdt.junit.core 4 4 2021-01-18 15:54:20.673
!MESSAGE Error
!STACK 0
java.lang.Exception: Unexpected TestElement type for testId '11': TestSuite: | BBB | 222 | : Completed - OK (5)
	at org.eclipse.jdt.internal.junit.model.TestRunSession$TestSessionNotifier.logUnexpectedTest(TestRunSession.java:801)
	at org.eclipse.jdt.internal.junit.model.TestRunSession$TestSessionNotifier.testEnded(TestRunSession.java:738)
	at org.eclipse.jdt.internal.junit.model.RemoteTestRunnerClient$4.run(RemoteTestRunnerClient.java:523)
	at org.eclipse.core.runtime.SafeRunner.run(SafeRunner.java:45)
	at org.eclipse.jdt.internal.junit.model.RemoteTestRunnerClient.notifyTestEnded(RemoteTestRunnerClient.java:519)
	at org.eclipse.jdt.internal.junit.model.RemoteTestRunnerClient.access$7(RemoteTestRunnerClient.java:515)
	at org.eclipse.jdt.internal.junit.model.RemoteTestRunnerClient$DefaultProcessingState.readMessage(RemoteTestRunnerClient.java:96)
	at org.eclipse.jdt.internal.junit.model.RemoteTestRunnerClient.receiveMessage(RemoteTestRunnerClient.java:378)
	at org.eclipse.jdt.internal.junit.model.RemoteTestRunnerClient.access$27(RemoteTestRunnerClient.java:377)
	at org.eclipse.jdt.internal.junit.model.RemoteTestRunnerClient$ServerConnection.run(RemoteTestRunnerClient.java:273)

!ENTRY org.eclipse.jdt.junit.core 4 4 2021-01-18 15:54:20.690
!MESSAGE Error
!STACK 0
java.lang.Exception: Unexpected TestElement type for testId '17': TestSuite: | karthick123 | 12131415 | : Not Started - Undefined (5)
	at org.eclipse.jdt.internal.junit.model.TestRunSession$TestSessionNotifier.logUnexpectedTest(TestRunSession.java:801)
	at org.eclipse.jdt.internal.junit.model.TestRunSession$TestSessionNotifier.testStarted(TestRunSession.java:708)
	at org.eclipse.jdt.internal.junit.model.RemoteTestRunnerClient$5.run(RemoteTestRunnerClient.java:537)
	at org.eclipse.core.runtime.SafeRunner.run(SafeRunner.java:45)
	at org.eclipse.jdt.internal.junit.model.RemoteTestRunnerClient.notifyTestStarted(RemoteTestRunnerClient.java:533)
	at org.eclipse.jdt.internal.junit.model.RemoteTestRunnerClient.access$6(RemoteTestRunnerClient.java:529)
	at org.eclipse.jdt.internal.junit.model.RemoteTestRunnerClient$DefaultProcessingState.readMessage(RemoteTestRunnerClient.java:92)
	at org.eclipse.jdt.internal.junit.model.RemoteTestRunnerClient.receiveMessage(RemoteTestRunnerClient.java:378)
	at org.eclipse.jdt.internal.junit.model.RemoteTestRunnerClient.access$27(RemoteTestRunnerClient.java:377)
	at org.eclipse.jdt.internal.junit.model.RemoteTestRunnerClient$ServerConnection.run(RemoteTestRunnerClient.java:273)

!ENTRY org.eclipse.jdt.junit.core 4 4 2021-01-18 15:54:23.231
!MESSAGE Error
!STACK 0
java.lang.Exception: Unexpected TestElement type for testId '17': TestSuite: | karthick123 | 12131415 | : Completed - OK (5)
	at org.eclipse.jdt.internal.junit.model.TestRunSession$TestSessionNotifier.logUnexpectedTest(TestRunSession.java:801)
	at org.eclipse.jdt.internal.junit.model.TestRunSession$TestSessionNotifier.testEnded(TestRunSession.java:738)
	at org.eclipse.jdt.internal.junit.model.RemoteTestRunnerClient$4.run(RemoteTestRunnerClient.java:523)
	at org.eclipse.core.runtime.SafeRunner.run(SafeRunner.java:45)
	at org.eclipse.jdt.internal.junit.model.RemoteTestRunnerClient.notifyTestEnded(RemoteTestRunnerClient.java:519)
	at org.eclipse.jdt.internal.junit.model.RemoteTestRunnerClient.access$7(RemoteTestRunnerClient.java:515)
	at org.eclipse.jdt.internal.junit.model.RemoteTestRunnerClient$DefaultProcessingState.readMessage(RemoteTestRunnerClient.java:96)
	at org.eclipse.jdt.internal.junit.model.RemoteTestRunnerClient.receiveMessage(RemoteTestRunnerClient.java:378)
	at org.eclipse.jdt.internal.junit.model.RemoteTestRunnerClient.access$27(RemoteTestRunnerClient.java:377)
	at org.eclipse.jdt.internal.junit.model.RemoteTestRunnerClient$ServerConnection.run(RemoteTestRunnerClient.java:273)

!ENTRY org.eclipse.jdt.junit.core 4 4 2021-01-18 15:54:23.246
!MESSAGE Error
!STACK 0
java.lang.Exception: Unexpected TestElement type for testId '23': TestSuite: Scenario: Verify the user is able to Search Hotel Page. : Not Started - Undefined (10)
	at org.eclipse.jdt.internal.junit.model.TestRunSession$TestSessionNotifier.logUnexpectedTest(TestRunSession.java:801)
	at org.eclipse.jdt.internal.junit.model.TestRunSession$TestSessionNotifier.testStarted(TestRunSession.java:708)
	at org.eclipse.jdt.internal.junit.model.RemoteTestRunnerClient$5.run(RemoteTestRunnerClient.java:537)
	at org.eclipse.core.runtime.SafeRunner.run(SafeRunner.java:45)
	at org.eclipse.jdt.internal.junit.model.RemoteTestRunnerClient.notifyTestStarted(RemoteTestRunnerClient.java:533)
	at org.eclipse.jdt.internal.junit.model.RemoteTestRunnerClient.access$6(RemoteTestRunnerClient.java:529)
	at org.eclipse.jdt.internal.junit.model.RemoteTestRunnerClient$DefaultProcessingState.readMessage(RemoteTestRunnerClient.java:92)
	at org.eclipse.jdt.internal.junit.model.RemoteTestRunnerClient.receiveMessage(RemoteTestRunnerClient.java:378)
	at org.eclipse.jdt.internal.junit.model.RemoteTestRunnerClient.access$27(RemoteTestRunnerClient.java:377)
	at org.eclipse.jdt.internal.junit.model.RemoteTestRunnerClient$ServerConnection.run(RemoteTestRunnerClient.java:273)

!ENTRY org.eclipse.jdt.junit.core 4 4 2021-01-18 15:54:24.721
!MESSAGE Error
!STACK 0
java.lang.Exception: Unexpected TestElement type for testId '23': TestSuite: Scenario: Verify the user is able to Search Hotel Page. : Completed - OK (10)
	at org.eclipse.jdt.internal.junit.model.TestRunSession$TestSessionNotifier.logUnexpectedTest(TestRunSession.java:801)
	at org.eclipse.jdt.internal.junit.model.TestRunSession$TestSessionNotifier.testEnded(TestRunSession.java:738)
	at org.eclipse.jdt.internal.junit.model.RemoteTestRunnerClient$4.run(RemoteTestRunnerClient.java:523)
	at org.eclipse.core.runtime.SafeRunner.run(SafeRunner.java:45)
	at org.eclipse.jdt.internal.junit.model.RemoteTestRunnerClient.notifyTestEnded(RemoteTestRunnerClient.java:519)
	at org.eclipse.jdt.internal.junit.model.RemoteTestRunnerClient.access$7(RemoteTestRunnerClient.java:515)
	at org.eclipse.jdt.internal.junit.model.RemoteTestRunnerClient$DefaultProcessingState.readMessage(RemoteTestRunnerClient.java:96)
	at org.eclipse.jdt.internal.junit.model.RemoteTestRunnerClient.receiveMessage(RemoteTestRunnerClient.java:378)
	at org.eclipse.jdt.internal.junit.model.RemoteTestRunnerClient.access$27(RemoteTestRunnerClient.java:377)
	at org.eclipse.jdt.internal.junit.model.RemoteTestRunnerClient$ServerConnection.run(RemoteTestRunnerClient.java:273)

!ENTRY org.eclipse.jdt.junit.core 4 4 2021-01-18 15:54:24.741
!MESSAGE Error
!STACK 0
java.lang.Exception: Unexpected TestElement type for testId '34': TestSuite: Scenario: Verify the user is able to Select Hotel Page. : Not Started - Undefined (3)
	at org.eclipse.jdt.internal.junit.model.TestRunSession$TestSessionNotifier.logUnexpectedTest(TestRunSession.java:801)
	at org.eclipse.jdt.internal.junit.model.TestRunSession$TestSessionNotifier.testStarted(TestRunSession.java:708)
	at org.eclipse.jdt.internal.junit.model.RemoteTestRunnerClient$5.run(RemoteTestRunnerClient.java:537)
	at org.eclipse.core.runtime.SafeRunner.run(SafeRunner.java:45)
	at org.eclipse.jdt.internal.junit.model.RemoteTestRunnerClient.notifyTestStarted(RemoteTestRunnerClient.java:533)
	at org.eclipse.jdt.internal.junit.model.RemoteTestRunnerClient.access$6(RemoteTestRunnerClient.java:529)
	at org.eclipse.jdt.internal.junit.model.RemoteTestRunnerClient$DefaultProcessingState.readMessage(RemoteTestRunnerClient.java:92)
	at org.eclipse.jdt.internal.junit.model.RemoteTestRunnerClient.receiveMessage(RemoteTestRunnerClient.java:378)
	at org.eclipse.jdt.internal.junit.model.RemoteTestRunnerClient.access$27(RemoteTestRunnerClient.java:377)
	at org.eclipse.jdt.internal.junit.model.RemoteTestRunnerClient$ServerConnection.run(RemoteTestRunnerClient.java:273)

!ENTRY org.eclipse.jdt.junit.core 4 4 2021-01-18 15:54:36.953
!MESSAGE Error
!STACK 0
java.lang.Exception: Unexpected TestElement type for testId '34': TestSuite: Scenario: Verify the user is able to Select Hotel Page. : Completed - OK (3)
	at org.eclipse.jdt.internal.junit.model.TestRunSession$TestSessionNotifier.logUnexpectedTest(TestRunSession.java:801)
	at org.eclipse.jdt.internal.junit.model.TestRunSession$TestSessionNotifier.testEnded(TestRunSession.java:738)
	at org.eclipse.jdt.internal.junit.model.RemoteTestRunnerClient$4.run(RemoteTestRunnerClient.java:523)
	at org.eclipse.core.runtime.SafeRunner.run(SafeRunner.java:45)
	at org.eclipse.jdt.internal.junit.model.RemoteTestRunnerClient.notifyTestEnded(RemoteTestRunnerClient.java:519)
	at org.eclipse.jdt.internal.junit.model.RemoteTestRunnerClient.access$7(RemoteTestRunnerClient.java:515)
	at org.eclipse.jdt.internal.junit.model.RemoteTestRunnerClient$DefaultProcessingState.readMessage(RemoteTestRunnerClient.java:96)
	at org.eclipse.jdt.internal.junit.model.RemoteTestRunnerClient.receiveMessage(RemoteTestRunnerClient.java:378)
	at org.eclipse.jdt.internal.junit.model.RemoteTestRunnerClient.access$27(RemoteTestRunnerClient.java:377)
	at org.eclipse.jdt.internal.junit.model.RemoteTestRunnerClient$ServerConnection.run(RemoteTestRunnerClient.java:273)

!ENTRY org.eclipse.jdt.junit.core 4 4 2021-01-18 15:54:36.986
!MESSAGE Error
!STACK 0
java.lang.Exception: Unexpected TestElement type for testId '38': TestSuite: Scenario: Verify the user is able to Book Now Page. : Not Started - Undefined (10)
	at org.eclipse.jdt.internal.junit.model.TestRunSession$TestSessionNotifier.logUnexpectedTest(TestRunSession.java:801)
	at org.eclipse.jdt.internal.junit.model.TestRunSession$TestSessionNotifier.testStarted(TestRunSession.java:708)
	at org.eclipse.jdt.internal.junit.model.RemoteTestRunnerClient$5.run(RemoteTestRunnerClient.java:537)
	at org.eclipse.core.runtime.SafeRunner.run(SafeRunner.java:45)
	at org.eclipse.jdt.internal.junit.model.RemoteTestRunnerClient.notifyTestStarted(RemoteTestRunnerClient.java:533)
	at org.eclipse.jdt.internal.junit.model.RemoteTestRunnerClient.access$6(RemoteTestRunnerClient.java:529)
	at org.eclipse.jdt.internal.junit.model.RemoteTestRunnerClient$DefaultProcessingState.readMessage(RemoteTestRunnerClient.java:92)
	at org.eclipse.jdt.internal.junit.model.RemoteTestRunnerClient.receiveMessage(RemoteTestRunnerClient.java:378)
	at org.eclipse.jdt.internal.junit.model.RemoteTestRunnerClient.access$27(RemoteTestRunnerClient.java:377)
	at org.eclipse.jdt.internal.junit.model.RemoteTestRunnerClient$ServerConnection.run(RemoteTestRunnerClient.java:273)

!ENTRY org.eclipse.jdt.junit.core 4 4 2021-01-18 15:55:29.865
!MESSAGE Error
!STACK 0
java.lang.Exception: Unexpected TestElement type for testId '5': TestSuite: | AAA | 111 | : Not Started - Undefined (5)
	at org.eclipse.jdt.internal.junit.model.TestRunSession$TestSessionNotifier.logUnexpectedTest(TestRunSession.java:801)
	at org.eclipse.jdt.internal.junit.model.TestRunSession$TestSessionNotifier.testStarted(TestRunSession.java:708)
	at org.eclipse.jdt.internal.junit.model.RemoteTestRunnerClient$5.run(RemoteTestRunnerClient.java:537)
	at org.eclipse.core.runtime.SafeRunner.run(SafeRunner.java:45)
	at org.eclipse.jdt.internal.junit.model.RemoteTestRunnerClient.notifyTestStarted(RemoteTestRunnerClient.java:533)
	at org.eclipse.jdt.internal.junit.model.RemoteTestRunnerClient.access$6(RemoteTestRunnerClient.java:529)
	at org.eclipse.jdt.internal.junit.model.RemoteTestRunnerClient$DefaultProcessingState.readMessage(RemoteTestRunnerClient.java:92)
	at org.eclipse.jdt.internal.junit.model.RemoteTestRunnerClient.receiveMessage(RemoteTestRunnerClient.java:378)
	at org.eclipse.jdt.internal.junit.model.RemoteTestRunnerClient.access$27(RemoteTestRunnerClient.java:377)
	at org.eclipse.jdt.internal.junit.model.RemoteTestRunnerClient$ServerConnection.run(RemoteTestRunnerClient.java:273)

!ENTRY org.eclipse.jdt.junit.core 4 4 2021-01-18 15:55:36.659
!MESSAGE Error
!STACK 0
java.lang.Exception: Unexpected TestElement type for testId '5': TestSuite: | AAA | 111 | : Completed - OK (5)
	at org.eclipse.jdt.internal.junit.model.TestRunSession$TestSessionNotifier.logUnexpectedTest(TestRunSession.java:801)
	at org.eclipse.jdt.internal.junit.model.TestRunSession$TestSessionNotifier.testEnded(TestRunSession.java:738)
	at org.eclipse.jdt.internal.junit.model.RemoteTestRunnerClient$4.run(RemoteTestRunnerClient.java:523)
	at org.eclipse.core.runtime.SafeRunner.run(SafeRunner.java:45)
	at org.eclipse.jdt.internal.junit.model.RemoteTestRunnerClient.notifyTestEnded(RemoteTestRunnerClient.java:519)
	at org.eclipse.jdt.internal.junit.model.RemoteTestRunnerClient.access$7(RemoteTestRunnerClient.java:515)
	at org.eclipse.jdt.internal.junit.model.RemoteTestRunnerClient$DefaultProcessingState.readMessage(RemoteTestRunnerClient.java:96)
	at org.eclipse.jdt.internal.junit.model.RemoteTestRunnerClient.receiveMessage(RemoteTestRunnerClient.java:378)
	at org.eclipse.jdt.internal.junit.model.RemoteTestRunnerClient.access$27(RemoteTestRunnerClient.java:377)
	at org.eclipse.jdt.internal.junit.model.RemoteTestRunnerClient$ServerConnection.run(RemoteTestRunnerClient.java:273)

!ENTRY org.eclipse.jdt.junit.core 4 4 2021-01-18 15:55:36.677
!MESSAGE Error
!STACK 0
java.lang.Exception: Unexpected TestElement type for testId '11': TestSuite: | BBB | 222 | : Not Started - Undefined (5)
	at org.eclipse.jdt.internal.junit.model.TestRunSession$TestSessionNotifier.logUnexpectedTest(TestRunSession.java:801)
	at org.eclipse.jdt.internal.junit.model.TestRunSession$TestSessionNotifier.testStarted(TestRunSession.java:708)
	at org.eclipse.jdt.internal.junit.model.RemoteTestRunnerClient$5.run(RemoteTestRunnerClient.java:537)
	at org.eclipse.core.runtime.SafeRunner.run(SafeRunner.java:45)
	at org.eclipse.jdt.internal.junit.model.RemoteTestRunnerClient.notifyTestStarted(RemoteTestRunnerClient.java:533)
	at org.eclipse.jdt.internal.junit.model.RemoteTestRunnerClient.access$6(RemoteTestRunnerClient.java:529)
	at org.eclipse.jdt.internal.junit.model.RemoteTestRunnerClient$DefaultProcessingState.readMessage(RemoteTestRunnerClient.java:92)
	at org.eclipse.jdt.internal.junit.model.RemoteTestRunnerClient.receiveMessage(RemoteTestRunnerClient.java:378)
	at org.eclipse.jdt.internal.junit.model.RemoteTestRunnerClient.access$27(RemoteTestRunnerClient.java:377)
	at org.eclipse.jdt.internal.junit.model.RemoteTestRunnerClient$ServerConnection.run(RemoteTestRunnerClient.java:273)

!ENTRY org.eclipse.jdt.junit.core 4 4 2021-01-18 15:55:38.587
!MESSAGE Error
!STACK 0
java.lang.Exception: Unexpected TestElement type for testId '11': TestSuite: | BBB | 222 | : Completed - OK (5)
	at org.eclipse.jdt.internal.junit.model.TestRunSession$TestSessionNotifier.logUnexpectedTest(TestRunSession.java:801)
	at org.eclipse.jdt.internal.junit.model.TestRunSession$TestSessionNotifier.testEnded(TestRunSession.java:738)
	at org.eclipse.jdt.internal.junit.model.RemoteTestRunnerClient$4.run(RemoteTestRunnerClient.java:523)
	at org.eclipse.core.runtime.SafeRunner.run(SafeRunner.java:45)
	at org.eclipse.jdt.internal.junit.model.RemoteTestRunnerClient.notifyTestEnded(RemoteTestRunnerClient.java:519)
	at org.eclipse.jdt.internal.junit.model.RemoteTestRunnerClient.access$7(RemoteTestRunnerClient.java:515)
	at org.eclipse.jdt.internal.junit.model.RemoteTestRunnerClient$DefaultProcessingState.readMessage(RemoteTestRunnerClient.java:96)
	at org.eclipse.jdt.internal.junit.model.RemoteTestRunnerClient.receiveMessage(RemoteTestRunnerClient.java:378)
	at org.eclipse.jdt.internal.junit.model.RemoteTestRunnerClient.access$27(RemoteTestRunnerClient.java:377)
	at org.eclipse.jdt.internal.junit.model.RemoteTestRunnerClient$ServerConnection.run(RemoteTestRunnerClient.java:273)

!ENTRY org.eclipse.jdt.junit.core 4 4 2021-01-18 15:55:38.608
!MESSAGE Error
!STACK 0
java.lang.Exception: Unexpected TestElement type for testId '17': TestSuite: | karthick123 | 12131415 | : Not Started - Undefined (5)
	at org.eclipse.jdt.internal.junit.model.TestRunSession$TestSessionNotifier.logUnexpectedTest(TestRunSession.java:801)
	at org.eclipse.jdt.internal.junit.model.TestRunSession$TestSessionNotifier.testStarted(TestRunSession.java:708)
	at org.eclipse.jdt.internal.junit.model.RemoteTestRunnerClient$5.run(RemoteTestRunnerClient.java:537)
	at org.eclipse.core.runtime.SafeRunner.run(SafeRunner.java:45)
	at org.eclipse.jdt.internal.junit.model.RemoteTestRunnerClient.notifyTestStarted(RemoteTestRunnerClient.java:533)
	at org.eclipse.jdt.internal.junit.model.RemoteTestRunnerClient.access$6(RemoteTestRunnerClient.java:529)
	at org.eclipse.jdt.internal.junit.model.RemoteTestRunnerClient$DefaultProcessingState.readMessage(RemoteTestRunnerClient.java:92)
	at org.eclipse.jdt.internal.junit.model.RemoteTestRunnerClient.receiveMessage(RemoteTestRunnerClient.java:378)
	at org.eclipse.jdt.internal.junit.model.RemoteTestRunnerClient.access$27(RemoteTestRunnerClient.java:377)
	at org.eclipse.jdt.internal.junit.model.RemoteTestRunnerClient$ServerConnection.run(RemoteTestRunnerClient.java:273)

!ENTRY org.eclipse.jdt.junit.core 4 4 2021-01-18 15:55:41.170
!MESSAGE Error
!STACK 0
java.lang.Exception: Unexpected TestElement type for testId '17': TestSuite: | karthick123 | 12131415 | : Completed - OK (5)
	at org.eclipse.jdt.internal.junit.model.TestRunSession$TestSessionNotifier.logUnexpectedTest(TestRunSession.java:801)
	at org.eclipse.jdt.internal.junit.model.TestRunSession$TestSessionNotifier.testEnded(TestRunSession.java:738)
	at org.eclipse.jdt.internal.junit.model.RemoteTestRunnerClient$4.run(RemoteTestRunnerClient.java:523)
	at org.eclipse.core.runtime.SafeRunner.run(SafeRunner.java:45)
	at org.eclipse.jdt.internal.junit.model.RemoteTestRunnerClient.notifyTestEnded(RemoteTestRunnerClient.java:519)
	at org.eclipse.jdt.internal.junit.model.RemoteTestRunnerClient.access$7(RemoteTestRunnerClient.java:515)
	at org.eclipse.jdt.internal.junit.model.RemoteTestRunnerClient$DefaultProcessingState.readMessage(RemoteTestRunnerClient.java:96)
	at org.eclipse.jdt.internal.junit.model.RemoteTestRunnerClient.receiveMessage(RemoteTestRunnerClient.java:378)
	at org.eclipse.jdt.internal.junit.model.RemoteTestRunnerClient.access$27(RemoteTestRunnerClient.java:377)
	at org.eclipse.jdt.internal.junit.model.RemoteTestRunnerClient$ServerConnection.run(RemoteTestRunnerClient.java:273)

!ENTRY org.eclipse.jdt.junit.core 4 4 2021-01-18 15:55:41.186
!MESSAGE Error
!STACK 0
java.lang.Exception: Unexpected TestElement type for testId '23': TestSuite: Scenario: Verify the user is able to Search Hotel Page. : Not Started - Undefined (10)
	at org.eclipse.jdt.internal.junit.model.TestRunSession$TestSessionNotifier.logUnexpectedTest(TestRunSession.java:801)
	at org.eclipse.jdt.internal.junit.model.TestRunSession$TestSessionNotifier.testStarted(TestRunSession.java:708)
	at org.eclipse.jdt.internal.junit.model.RemoteTestRunnerClient$5.run(RemoteTestRunnerClient.java:537)
	at org.eclipse.core.runtime.SafeRunner.run(SafeRunner.java:45)
	at org.eclipse.jdt.internal.junit.model.RemoteTestRunnerClient.notifyTestStarted(RemoteTestRunnerClient.java:533)
	at org.eclipse.jdt.internal.junit.model.RemoteTestRunnerClient.access$6(RemoteTestRunnerClient.java:529)
	at org.eclipse.jdt.internal.junit.model.RemoteTestRunnerClient$DefaultProcessingState.readMessage(RemoteTestRunnerClient.java:92)
	at org.eclipse.jdt.internal.junit.model.RemoteTestRunnerClient.receiveMessage(RemoteTestRunnerClient.java:378)
	at org.eclipse.jdt.internal.junit.model.RemoteTestRunnerClient.access$27(RemoteTestRunnerClient.java:377)
	at org.eclipse.jdt.internal.junit.model.RemoteTestRunnerClient$ServerConnection.run(RemoteTestRunnerClient.java:273)

!ENTRY org.eclipse.jdt.junit.core 4 4 2021-01-18 15:55:42.662
!MESSAGE Error
!STACK 0
java.lang.Exception: Unexpected TestElement type for testId '23': TestSuite: Scenario: Verify the user is able to Search Hotel Page. : Completed - OK (10)
	at org.eclipse.jdt.internal.junit.model.TestRunSession$TestSessionNotifier.logUnexpectedTest(TestRunSession.java:801)
	at org.eclipse.jdt.internal.junit.model.TestRunSession$TestSessionNotifier.testEnded(TestRunSession.java:738)
	at org.eclipse.jdt.internal.junit.model.RemoteTestRunnerClient$4.run(RemoteTestRunnerClient.java:523)
	at org.eclipse.core.runtime.SafeRunner.run(SafeRunner.java:45)
	at org.eclipse.jdt.internal.junit.model.RemoteTestRunnerClient.notifyTestEnded(RemoteTestRunnerClient.java:519)
	at org.eclipse.jdt.internal.junit.model.RemoteTestRunnerClient.access$7(RemoteTestRunnerClient.java:515)
	at org.eclipse.jdt.internal.junit.model.RemoteTestRunnerClient$DefaultProcessingState.readMessage(RemoteTestRunnerClient.java:96)
	at org.eclipse.jdt.internal.junit.model.RemoteTestRunnerClient.receiveMessage(RemoteTestRunnerClient.java:378)
	at org.eclipse.jdt.internal.junit.model.RemoteTestRunnerClient.access$27(RemoteTestRunnerClient.java:377)
	at org.eclipse.jdt.internal.junit.model.RemoteTestRunnerClient$ServerConnection.run(RemoteTestRunnerClient.java:273)

!ENTRY org.eclipse.jdt.junit.core 4 4 2021-01-18 15:55:42.676
!MESSAGE Error
!STACK 0
java.lang.Exception: Unexpected TestElement type for testId '34': TestSuite: Scenario: Verify the user is able to Select Hotel Page. : Not Started - Undefined (3)
	at org.eclipse.jdt.internal.junit.model.TestRunSession$TestSessionNotifier.logUnexpectedTest(TestRunSession.java:801)
	at org.eclipse.jdt.internal.junit.model.TestRunSession$TestSessionNotifier.testStarted(TestRunSession.java:708)
	at org.eclipse.jdt.internal.junit.model.RemoteTestRunnerClient$5.run(RemoteTestRunnerClient.java:537)
	at org.eclipse.core.runtime.SafeRunner.run(SafeRunner.java:45)
	at org.eclipse.jdt.internal.junit.model.RemoteTestRunnerClient.notifyTestStarted(RemoteTestRunnerClient.java:533)
	at org.eclipse.jdt.internal.junit.model.RemoteTestRunnerClient.access$6(RemoteTestRunnerClient.java:529)
	at org.eclipse.jdt.internal.junit.model.RemoteTestRunnerClient$DefaultProcessingState.readMessage(RemoteTestRunnerClient.java:92)
	at org.eclipse.jdt.internal.junit.model.RemoteTestRunnerClient.receiveMessage(RemoteTestRunnerClient.java:378)
	at org.eclipse.jdt.internal.junit.model.RemoteTestRunnerClient.access$27(RemoteTestRunnerClient.java:377)
	at org.eclipse.jdt.internal.junit.model.RemoteTestRunnerClient$ServerConnection.run(RemoteTestRunnerClient.java:273)

!ENTRY org.eclipse.jdt.junit.core 4 4 2021-01-18 15:55:54.915
!MESSAGE Error
!STACK 0
java.lang.Exception: Unexpected TestElement type for testId '34': TestSuite: Scenario: Verify the user is able to Select Hotel Page. : Completed - OK (3)
	at org.eclipse.jdt.internal.junit.model.TestRunSession$TestSessionNotifier.logUnexpectedTest(TestRunSession.java:801)
	at org.eclipse.jdt.internal.junit.model.TestRunSession$TestSessionNotifier.testEnded(TestRunSession.java:738)
	at org.eclipse.jdt.internal.junit.model.RemoteTestRunnerClient$4.run(RemoteTestRunnerClient.java:523)
	at org.eclipse.core.runtime.SafeRunner.run(SafeRunner.java:45)
	at org.eclipse.jdt.internal.junit.model.RemoteTestRunnerClient.notifyTestEnded(RemoteTestRunnerClient.java:519)
	at org.eclipse.jdt.internal.junit.model.RemoteTestRunnerClient.access$7(RemoteTestRunnerClient.java:515)
	at org.eclipse.jdt.internal.junit.model.RemoteTestRunnerClient$DefaultProcessingState.readMessage(RemoteTestRunnerClient.java:96)
	at org.eclipse.jdt.internal.junit.model.RemoteTestRunnerClient.receiveMessage(RemoteTestRunnerClient.java:378)
	at org.eclipse.jdt.internal.junit.model.RemoteTestRunnerClient.access$27(RemoteTestRunnerClient.java:377)
	at org.eclipse.jdt.internal.junit.model.RemoteTestRunnerClient$ServerConnection.run(RemoteTestRunnerClient.java:273)

!ENTRY org.eclipse.jdt.junit.core 4 4 2021-01-18 15:55:54.966
!MESSAGE Error
!STACK 0
java.lang.Exception: Unexpected TestElement type for testId '38': TestSuite: Scenario: Verify the user is able to Book Now Page. : Not Started - Undefined (10)
	at org.eclipse.jdt.internal.junit.model.TestRunSession$TestSessionNotifier.logUnexpectedTest(TestRunSession.java:801)
	at org.eclipse.jdt.internal.junit.model.TestRunSession$TestSessionNotifier.testStarted(TestRunSession.java:708)
	at org.eclipse.jdt.internal.junit.model.RemoteTestRunnerClient$5.run(RemoteTestRunnerClient.java:537)
	at org.eclipse.core.runtime.SafeRunner.run(SafeRunner.java:45)
	at org.eclipse.jdt.internal.junit.model.RemoteTestRunnerClient.notifyTestStarted(RemoteTestRunnerClient.java:533)
	at org.eclipse.jdt.internal.junit.model.RemoteTestRunnerClient.access$6(RemoteTestRunnerClient.java:529)
	at org.eclipse.jdt.internal.junit.model.RemoteTestRunnerClient$DefaultProcessingState.readMessage(RemoteTestRunnerClient.java:92)
	at org.eclipse.jdt.internal.junit.model.RemoteTestRunnerClient.receiveMessage(RemoteTestRunnerClient.java:378)
	at org.eclipse.jdt.internal.junit.model.RemoteTestRunnerClient.access$27(RemoteTestRunnerClient.java:377)
	at org.eclipse.jdt.internal.junit.model.RemoteTestRunnerClient$ServerConnection.run(RemoteTestRunnerClient.java:273)

!ENTRY org.eclipse.jdt.junit.core 4 4 2021-01-18 15:58:35.849
!MESSAGE Error
!STACK 0
java.lang.Exception: Unexpected TestElement type for testId '5': TestSuite: | AAA | 111 | : Not Started - Undefined (5)
	at org.eclipse.jdt.internal.junit.model.TestRunSession$TestSessionNotifier.logUnexpectedTest(TestRunSession.java:801)
	at org.eclipse.jdt.internal.junit.model.TestRunSession$TestSessionNotifier.testStarted(TestRunSession.java:708)
	at org.eclipse.jdt.internal.junit.model.RemoteTestRunnerClient$5.run(RemoteTestRunnerClient.java:537)
	at org.eclipse.core.runtime.SafeRunner.run(SafeRunner.java:45)
	at org.eclipse.jdt.internal.junit.model.RemoteTestRunnerClient.notifyTestStarted(RemoteTestRunnerClient.java:533)
	at org.eclipse.jdt.internal.junit.model.RemoteTestRunnerClient.access$6(RemoteTestRunnerClient.java:529)
	at org.eclipse.jdt.internal.junit.model.RemoteTestRunnerClient$DefaultProcessingState.readMessage(RemoteTestRunnerClient.java:92)
	at org.eclipse.jdt.internal.junit.model.RemoteTestRunnerClient.receiveMessage(RemoteTestRunnerClient.java:378)
	at org.eclipse.jdt.internal.junit.model.RemoteTestRunnerClient.access$27(RemoteTestRunnerClient.java:377)
	at org.eclipse.jdt.internal.junit.model.RemoteTestRunnerClient$ServerConnection.run(RemoteTestRunnerClient.java:273)

!ENTRY org.eclipse.jdt.junit.core 4 4 2021-01-18 15:58:43.326
!MESSAGE Error
!STACK 0
java.lang.Exception: Unexpected TestElement type for testId '5': TestSuite: | AAA | 111 | : Completed - OK (5)
	at org.eclipse.jdt.internal.junit.model.TestRunSession$TestSessionNotifier.logUnexpectedTest(TestRunSession.java:801)
	at org.eclipse.jdt.internal.junit.model.TestRunSession$TestSessionNotifier.testEnded(TestRunSession.java:738)
	at org.eclipse.jdt.internal.junit.model.RemoteTestRunnerClient$4.run(RemoteTestRunnerClient.java:523)
	at org.eclipse.core.runtime.SafeRunner.run(SafeRunner.java:45)
	at org.eclipse.jdt.internal.junit.model.RemoteTestRunnerClient.notifyTestEnded(RemoteTestRunnerClient.java:519)
	at org.eclipse.jdt.internal.junit.model.RemoteTestRunnerClient.access$7(RemoteTestRunnerClient.java:515)
	at org.eclipse.jdt.internal.junit.model.RemoteTestRunnerClient$DefaultProcessingState.readMessage(RemoteTestRunnerClient.java:96)
	at org.eclipse.jdt.internal.junit.model.RemoteTestRunnerClient.receiveMessage(RemoteTestRunnerClient.java:378)
	at org.eclipse.jdt.internal.junit.model.RemoteTestRunnerClient.access$27(RemoteTestRunnerClient.java:377)
	at org.eclipse.jdt.internal.junit.model.RemoteTestRunnerClient$ServerConnection.run(RemoteTestRunnerClient.java:273)

!ENTRY org.eclipse.jdt.junit.core 4 4 2021-01-18 15:58:43.345
!MESSAGE Error
!STACK 0
java.lang.Exception: Unexpected TestElement type for testId '11': TestSuite: | BBB | 222 | : Not Started - Undefined (5)
	at org.eclipse.jdt.internal.junit.model.TestRunSession$TestSessionNotifier.logUnexpectedTest(TestRunSession.java:801)
	at org.eclipse.jdt.internal.junit.model.TestRunSession$TestSessionNotifier.testStarted(TestRunSession.java:708)
	at org.eclipse.jdt.internal.junit.model.RemoteTestRunnerClient$5.run(RemoteTestRunnerClient.java:537)
	at org.eclipse.core.runtime.SafeRunner.run(SafeRunner.java:45)
	at org.eclipse.jdt.internal.junit.model.RemoteTestRunnerClient.notifyTestStarted(RemoteTestRunnerClient.java:533)
	at org.eclipse.jdt.internal.junit.model.RemoteTestRunnerClient.access$6(RemoteTestRunnerClient.java:529)
	at org.eclipse.jdt.internal.junit.model.RemoteTestRunnerClient$DefaultProcessingState.readMessage(RemoteTestRunnerClient.java:92)
	at org.eclipse.jdt.internal.junit.model.RemoteTestRunnerClient.receiveMessage(RemoteTestRunnerClient.java:378)
	at org.eclipse.jdt.internal.junit.model.RemoteTestRunnerClient.access$27(RemoteTestRunnerClient.java:377)
	at org.eclipse.jdt.internal.junit.model.RemoteTestRunnerClient$ServerConnection.run(RemoteTestRunnerClient.java:273)

!ENTRY org.eclipse.jdt.junit.core 4 4 2021-01-18 15:58:45.184
!MESSAGE Error
!STACK 0
java.lang.Exception: Unexpected TestElement type for testId '11': TestSuite: | BBB | 222 | : Completed - OK (5)
	at org.eclipse.jdt.internal.junit.model.TestRunSession$TestSessionNotifier.logUnexpectedTest(TestRunSession.java:801)
	at org.eclipse.jdt.internal.junit.model.TestRunSession$TestSessionNotifier.testEnded(TestRunSession.java:738)
	at org.eclipse.jdt.internal.junit.model.RemoteTestRunnerClient$4.run(RemoteTestRunnerClient.java:523)
	at org.eclipse.core.runtime.SafeRunner.run(SafeRunner.java:45)
	at org.eclipse.jdt.internal.junit.model.RemoteTestRunnerClient.notifyTestEnded(RemoteTestRunnerClient.java:519)
	at org.eclipse.jdt.internal.junit.model.RemoteTestRunnerClient.access$7(RemoteTestRunnerClient.java:515)
	at org.eclipse.jdt.internal.junit.model.RemoteTestRunnerClient$DefaultProcessingState.readMessage(RemoteTestRunnerClient.java:96)
	at org.eclipse.jdt.internal.junit.model.RemoteTestRunnerClient.receiveMessage(RemoteTestRunnerClient.java:378)
	at org.eclipse.jdt.internal.junit.model.RemoteTestRunnerClient.access$27(RemoteTestRunnerClient.java:377)
	at org.eclipse.jdt.internal.junit.model.RemoteTestRunnerClient$ServerConnection.run(RemoteTestRunnerClient.java:273)

!ENTRY org.eclipse.jdt.junit.core 4 4 2021-01-18 15:58:45.205
!MESSAGE Error
!STACK 0
java.lang.Exception: Unexpected TestElement type for testId '17': TestSuite: | karthick123 | 12131415 | : Not Started - Undefined (5)
	at org.eclipse.jdt.internal.junit.model.TestRunSession$TestSessionNotifier.logUnexpectedTest(TestRunSession.java:801)
	at org.eclipse.jdt.internal.junit.model.TestRunSession$TestSessionNotifier.testStarted(TestRunSession.java:708)
	at org.eclipse.jdt.internal.junit.model.RemoteTestRunnerClient$5.run(RemoteTestRunnerClient.java:537)
	at org.eclipse.core.runtime.SafeRunner.run(SafeRunner.java:45)
	at org.eclipse.jdt.internal.junit.model.RemoteTestRunnerClient.notifyTestStarted(RemoteTestRunnerClient.java:533)
	at org.eclipse.jdt.internal.junit.model.RemoteTestRunnerClient.access$6(RemoteTestRunnerClient.java:529)
	at org.eclipse.jdt.internal.junit.model.RemoteTestRunnerClient$DefaultProcessingState.readMessage(RemoteTestRunnerClient.java:92)
	at org.eclipse.jdt.internal.junit.model.RemoteTestRunnerClient.receiveMessage(RemoteTestRunnerClient.java:378)
	at org.eclipse.jdt.internal.junit.model.RemoteTestRunnerClient.access$27(RemoteTestRunnerClient.java:377)
	at org.eclipse.jdt.internal.junit.model.RemoteTestRunnerClient$ServerConnection.run(RemoteTestRunnerClient.java:273)

!ENTRY org.eclipse.jdt.junit.core 4 4 2021-01-18 15:58:48.165
!MESSAGE Error
!STACK 0
java.lang.Exception: Unexpected TestElement type for testId '17': TestSuite: | karthick123 | 12131415 | : Completed - OK (5)
	at org.eclipse.jdt.internal.junit.model.TestRunSession$TestSessionNotifier.logUnexpectedTest(TestRunSession.java:801)
	at org.eclipse.jdt.internal.junit.model.TestRunSession$TestSessionNotifier.testEnded(TestRunSession.java:738)
	at org.eclipse.jdt.internal.junit.model.RemoteTestRunnerClient$4.run(RemoteTestRunnerClient.java:523)
	at org.eclipse.core.runtime.SafeRunner.run(SafeRunner.java:45)
	at org.eclipse.jdt.internal.junit.model.RemoteTestRunnerClient.notifyTestEnded(RemoteTestRunnerClient.java:519)
	at org.eclipse.jdt.internal.junit.model.RemoteTestRunnerClient.access$7(RemoteTestRunnerClient.java:515)
	at org.eclipse.jdt.internal.junit.model.RemoteTestRunnerClient$DefaultProcessingState.readMessage(RemoteTestRunnerClient.java:96)
	at org.eclipse.jdt.internal.junit.model.RemoteTestRunnerClient.receiveMessage(RemoteTestRunnerClient.java:378)
	at org.eclipse.jdt.internal.junit.model.RemoteTestRunnerClient.access$27(RemoteTestRunnerClient.java:377)
	at org.eclipse.jdt.internal.junit.model.RemoteTestRunnerClient$ServerConnection.run(RemoteTestRunnerClient.java:273)

!ENTRY org.eclipse.jdt.junit.core 4 4 2021-01-18 15:58:48.184
!MESSAGE Error
!STACK 0
java.lang.Exception: Unexpected TestElement type for testId '23': TestSuite: Scenario: Verify the user is able to Search Hotel Page. : Not Started - Undefined (10)
	at org.eclipse.jdt.internal.junit.model.TestRunSession$TestSessionNotifier.logUnexpectedTest(TestRunSession.java:801)
	at org.eclipse.jdt.internal.junit.model.TestRunSession$TestSessionNotifier.testStarted(TestRunSession.java:708)
	at org.eclipse.jdt.internal.junit.model.RemoteTestRunnerClient$5.run(RemoteTestRunnerClient.java:537)
	at org.eclipse.core.runtime.SafeRunner.run(SafeRunner.java:45)
	at org.eclipse.jdt.internal.junit.model.RemoteTestRunnerClient.notifyTestStarted(RemoteTestRunnerClient.java:533)
	at org.eclipse.jdt.internal.junit.model.RemoteTestRunnerClient.access$6(RemoteTestRunnerClient.java:529)
	at org.eclipse.jdt.internal.junit.model.RemoteTestRunnerClient$DefaultProcessingState.readMessage(RemoteTestRunnerClient.java:92)
	at org.eclipse.jdt.internal.junit.model.RemoteTestRunnerClient.receiveMessage(RemoteTestRunnerClient.java:378)
	at org.eclipse.jdt.internal.junit.model.RemoteTestRunnerClient.access$27(RemoteTestRunnerClient.java:377)
	at org.eclipse.jdt.internal.junit.model.RemoteTestRunnerClient$ServerConnection.run(RemoteTestRunnerClient.java:273)

!ENTRY org.eclipse.jdt.junit.core 4 4 2021-01-18 15:58:49.834
!MESSAGE Error
!STACK 0
java.lang.Exception: Unexpected TestElement type for testId '23': TestSuite: Scenario: Verify the user is able to Search Hotel Page. : Completed - OK (10)
	at org.eclipse.jdt.internal.junit.model.TestRunSession$TestSessionNotifier.logUnexpectedTest(TestRunSession.java:801)
	at org.eclipse.jdt.internal.junit.model.TestRunSession$TestSessionNotifier.testEnded(TestRunSession.java:738)
	at org.eclipse.jdt.internal.junit.model.RemoteTestRunnerClient$4.run(RemoteTestRunnerClient.java:523)
	at org.eclipse.core.runtime.SafeRunner.run(SafeRunner.java:45)
	at org.eclipse.jdt.internal.junit.model.RemoteTestRunnerClient.notifyTestEnded(RemoteTestRunnerClient.java:519)
	at org.eclipse.jdt.internal.junit.model.RemoteTestRunnerClient.access$7(RemoteTestRunnerClient.java:515)
	at org.eclipse.jdt.internal.junit.model.RemoteTestRunnerClient$DefaultProcessingState.readMessage(RemoteTestRunnerClient.java:96)
	at org.eclipse.jdt.internal.junit.model.RemoteTestRunnerClient.receiveMessage(RemoteTestRunnerClient.java:378)
	at org.eclipse.jdt.internal.junit.model.RemoteTestRunnerClient.access$27(RemoteTestRunnerClient.java:377)
	at org.eclipse.jdt.internal.junit.model.RemoteTestRunnerClient$ServerConnection.run(RemoteTestRunnerClient.java:273)

!ENTRY org.eclipse.jdt.junit.core 4 4 2021-01-18 15:58:49.847
!MESSAGE Error
!STACK 0
java.lang.Exception: Unexpected TestElement type for testId '34': TestSuite: Scenario: Verify the user is able to Select Hotel Page. : Not Started - Undefined (3)
	at org.eclipse.jdt.internal.junit.model.TestRunSession$TestSessionNotifier.logUnexpectedTest(TestRunSession.java:801)
	at org.eclipse.jdt.internal.junit.model.TestRunSession$TestSessionNotifier.testStarted(TestRunSession.java:708)
	at org.eclipse.jdt.internal.junit.model.RemoteTestRunnerClient$5.run(RemoteTestRunnerClient.java:537)
	at org.eclipse.core.runtime.SafeRunner.run(SafeRunner.java:45)
	at org.eclipse.jdt.internal.junit.model.RemoteTestRunnerClient.notifyTestStarted(RemoteTestRunnerClient.java:533)
	at org.eclipse.jdt.internal.junit.model.RemoteTestRunnerClient.access$6(RemoteTestRunnerClient.java:529)
	at org.eclipse.jdt.internal.junit.model.RemoteTestRunnerClient$DefaultProcessingState.readMessage(RemoteTestRunnerClient.java:92)
	at org.eclipse.jdt.internal.junit.model.RemoteTestRunnerClient.receiveMessage(RemoteTestRunnerClient.java:378)
	at org.eclipse.jdt.internal.junit.model.RemoteTestRunnerClient.access$27(RemoteTestRunnerClient.java:377)
	at org.eclipse.jdt.internal.junit.model.RemoteTestRunnerClient$ServerConnection.run(RemoteTestRunnerClient.java:273)

!ENTRY org.eclipse.jdt.junit.core 4 4 2021-01-18 16:00:12.170
!MESSAGE Error
!STACK 0
java.lang.Exception: Unexpected TestElement type for testId '5': TestSuite: | AAA | 111 | : Not Started - Undefined (5)
	at org.eclipse.jdt.internal.junit.model.TestRunSession$TestSessionNotifier.logUnexpectedTest(TestRunSession.java:801)
	at org.eclipse.jdt.internal.junit.model.TestRunSession$TestSessionNotifier.testStarted(TestRunSession.java:708)
	at org.eclipse.jdt.internal.junit.model.RemoteTestRunnerClient$5.run(RemoteTestRunnerClient.java:537)
	at org.eclipse.core.runtime.SafeRunner.run(SafeRunner.java:45)
	at org.eclipse.jdt.internal.junit.model.RemoteTestRunnerClient.notifyTestStarted(RemoteTestRunnerClient.java:533)
	at org.eclipse.jdt.internal.junit.model.RemoteTestRunnerClient.access$6(RemoteTestRunnerClient.java:529)
	at org.eclipse.jdt.internal.junit.model.RemoteTestRunnerClient$DefaultProcessingState.readMessage(RemoteTestRunnerClient.java:92)
	at org.eclipse.jdt.internal.junit.model.RemoteTestRunnerClient.receiveMessage(RemoteTestRunnerClient.java:378)
	at org.eclipse.jdt.internal.junit.model.RemoteTestRunnerClient.access$27(RemoteTestRunnerClient.java:377)
	at org.eclipse.jdt.internal.junit.model.RemoteTestRunnerClient$ServerConnection.run(RemoteTestRunnerClient.java:273)

!ENTRY org.eclipse.jdt.junit.core 4 4 2021-01-18 16:00:19.438
!MESSAGE Error
!STACK 0
java.lang.Exception: Unexpected TestElement type for testId '5': TestSuite: | AAA | 111 | : Completed - OK (5)
	at org.eclipse.jdt.internal.junit.model.TestRunSession$TestSessionNotifier.logUnexpectedTest(TestRunSession.java:801)
	at org.eclipse.jdt.internal.junit.model.TestRunSession$TestSessionNotifier.testEnded(TestRunSession.java:738)
	at org.eclipse.jdt.internal.junit.model.RemoteTestRunnerClient$4.run(RemoteTestRunnerClient.java:523)
	at org.eclipse.core.runtime.SafeRunner.run(SafeRunner.java:45)
	at org.eclipse.jdt.internal.junit.model.RemoteTestRunnerClient.notifyTestEnded(RemoteTestRunnerClient.java:519)
	at org.eclipse.jdt.internal.junit.model.RemoteTestRunnerClient.access$7(RemoteTestRunnerClient.java:515)
	at org.eclipse.jdt.internal.junit.model.RemoteTestRunnerClient$DefaultProcessingState.readMessage(RemoteTestRunnerClient.java:96)
	at org.eclipse.jdt.internal.junit.model.RemoteTestRunnerClient.receiveMessage(RemoteTestRunnerClient.java:378)
	at org.eclipse.jdt.internal.junit.model.RemoteTestRunnerClient.access$27(RemoteTestRunnerClient.java:377)
	at org.eclipse.jdt.internal.junit.model.RemoteTestRunnerClient$ServerConnection.run(RemoteTestRunnerClient.java:273)

!ENTRY org.eclipse.jdt.junit.core 4 4 2021-01-18 16:00:19.457
!MESSAGE Error
!STACK 0
java.lang.Exception: Unexpected TestElement type for testId '11': TestSuite: | BBB | 222 | : Not Started - Undefined (5)
	at org.eclipse.jdt.internal.junit.model.TestRunSession$TestSessionNotifier.logUnexpectedTest(TestRunSession.java:801)
	at org.eclipse.jdt.internal.junit.model.TestRunSession$TestSessionNotifier.testStarted(TestRunSession.java:708)
	at org.eclipse.jdt.internal.junit.model.RemoteTestRunnerClient$5.run(RemoteTestRunnerClient.java:537)
	at org.eclipse.core.runtime.SafeRunner.run(SafeRunner.java:45)
	at org.eclipse.jdt.internal.junit.model.RemoteTestRunnerClient.notifyTestStarted(RemoteTestRunnerClient.java:533)
	at org.eclipse.jdt.internal.junit.model.RemoteTestRunnerClient.access$6(RemoteTestRunnerClient.java:529)
	at org.eclipse.jdt.internal.junit.model.RemoteTestRunnerClient$DefaultProcessingState.readMessage(RemoteTestRunnerClient.java:92)
	at org.eclipse.jdt.internal.junit.model.RemoteTestRunnerClient.receiveMessage(RemoteTestRunnerClient.java:378)
	at org.eclipse.jdt.internal.junit.model.RemoteTestRunnerClient.access$27(RemoteTestRunnerClient.java:377)
	at org.eclipse.jdt.internal.junit.model.RemoteTestRunnerClient$ServerConnection.run(RemoteTestRunnerClient.java:273)

!ENTRY org.eclipse.jdt.junit.core 4 4 2021-01-18 16:00:22.014
!MESSAGE Error
!STACK 0
java.lang.Exception: Unexpected TestElement type for testId '11': TestSuite: | BBB | 222 | : Completed - OK (5)
	at org.eclipse.jdt.internal.junit.model.TestRunSession$TestSessionNotifier.logUnexpectedTest(TestRunSession.java:801)
	at org.eclipse.jdt.internal.junit.model.TestRunSession$TestSessionNotifier.testEnded(TestRunSession.java:738)
	at org.eclipse.jdt.internal.junit.model.RemoteTestRunnerClient$4.run(RemoteTestRunnerClient.java:523)
	at org.eclipse.core.runtime.SafeRunner.run(SafeRunner.java:45)
	at org.eclipse.jdt.internal.junit.model.RemoteTestRunnerClient.notifyTestEnded(RemoteTestRunnerClient.java:519)
	at org.eclipse.jdt.internal.junit.model.RemoteTestRunnerClient.access$7(RemoteTestRunnerClient.java:515)
	at org.eclipse.jdt.internal.junit.model.RemoteTestRunnerClient$DefaultProcessingState.readMessage(RemoteTestRunnerClient.java:96)
	at org.eclipse.jdt.internal.junit.model.RemoteTestRunnerClient.receiveMessage(RemoteTestRunnerClient.java:378)
	at org.eclipse.jdt.internal.junit.model.RemoteTestRunnerClient.access$27(RemoteTestRunnerClient.java:377)
	at org.eclipse.jdt.internal.junit.model.RemoteTestRunnerClient$ServerConnection.run(RemoteTestRunnerClient.java:273)

!ENTRY org.eclipse.jdt.junit.core 4 4 2021-01-18 16:00:22.035
!MESSAGE Error
!STACK 0
java.lang.Exception: Unexpected TestElement type for testId '17': TestSuite: | karthick123 | 12131415 | : Not Started - Undefined (5)
	at org.eclipse.jdt.internal.junit.model.TestRunSession$TestSessionNotifier.logUnexpectedTest(TestRunSession.java:801)
	at org.eclipse.jdt.internal.junit.model.TestRunSession$TestSessionNotifier.testStarted(TestRunSession.java:708)
	at org.eclipse.jdt.internal.junit.model.RemoteTestRunnerClient$5.run(RemoteTestRunnerClient.java:537)
	at org.eclipse.core.runtime.SafeRunner.run(SafeRunner.java:45)
	at org.eclipse.jdt.internal.junit.model.RemoteTestRunnerClient.notifyTestStarted(RemoteTestRunnerClient.java:533)
	at org.eclipse.jdt.internal.junit.model.RemoteTestRunnerClient.access$6(RemoteTestRunnerClient.java:529)
	at org.eclipse.jdt.internal.junit.model.RemoteTestRunnerClient$DefaultProcessingState.readMessage(RemoteTestRunnerClient.java:92)
	at org.eclipse.jdt.internal.junit.model.RemoteTestRunnerClient.receiveMessage(RemoteTestRunnerClient.java:378)
	at org.eclipse.jdt.internal.junit.model.RemoteTestRunnerClient.access$27(RemoteTestRunnerClient.java:377)
	at org.eclipse.jdt.internal.junit.model.RemoteTestRunnerClient$ServerConnection.run(RemoteTestRunnerClient.java:273)

!ENTRY org.eclipse.jdt.junit.core 4 4 2021-01-18 16:00:24.733
!MESSAGE Error
!STACK 0
java.lang.Exception: Unexpected TestElement type for testId '17': TestSuite: | karthick123 | 12131415 | : Completed - OK (5)
	at org.eclipse.jdt.internal.junit.model.TestRunSession$TestSessionNotifier.logUnexpectedTest(TestRunSession.java:801)
	at org.eclipse.jdt.internal.junit.model.TestRunSession$TestSessionNotifier.testEnded(TestRunSession.java:738)
	at org.eclipse.jdt.internal.junit.model.RemoteTestRunnerClient$4.run(RemoteTestRunnerClient.java:523)
	at org.eclipse.core.runtime.SafeRunner.run(SafeRunner.java:45)
	at org.eclipse.jdt.internal.junit.model.RemoteTestRunnerClient.notifyTestEnded(RemoteTestRunnerClient.java:519)
	at org.eclipse.jdt.internal.junit.model.RemoteTestRunnerClient.access$7(RemoteTestRunnerClient.java:515)
	at org.eclipse.jdt.internal.junit.model.RemoteTestRunnerClient$DefaultProcessingState.readMessage(RemoteTestRunnerClient.java:96)
	at org.eclipse.jdt.internal.junit.model.RemoteTestRunnerClient.receiveMessage(RemoteTestRunnerClient.java:378)
	at org.eclipse.jdt.internal.junit.model.RemoteTestRunnerClient.access$27(RemoteTestRunnerClient.java:377)
	at org.eclipse.jdt.internal.junit.model.RemoteTestRunnerClient$ServerConnection.run(RemoteTestRunnerClient.java:273)

!ENTRY org.eclipse.jdt.junit.core 4 4 2021-01-18 16:00:24.752
!MESSAGE Error
!STACK 0
java.lang.Exception: Unexpected TestElement type for testId '23': TestSuite: Scenario: Verify the user is able to Search Hotel Page. : Not Started - Undefined (10)
	at org.eclipse.jdt.internal.junit.model.TestRunSession$TestSessionNotifier.logUnexpectedTest(TestRunSession.java:801)
	at org.eclipse.jdt.internal.junit.model.TestRunSession$TestSessionNotifier.testStarted(TestRunSession.java:708)
	at org.eclipse.jdt.internal.junit.model.RemoteTestRunnerClient$5.run(RemoteTestRunnerClient.java:537)
	at org.eclipse.core.runtime.SafeRunner.run(SafeRunner.java:45)
	at org.eclipse.jdt.internal.junit.model.RemoteTestRunnerClient.notifyTestStarted(RemoteTestRunnerClient.java:533)
	at org.eclipse.jdt.internal.junit.model.RemoteTestRunnerClient.access$6(RemoteTestRunnerClient.java:529)
	at org.eclipse.jdt.internal.junit.model.RemoteTestRunnerClient$DefaultProcessingState.readMessage(RemoteTestRunnerClient.java:92)
	at org.eclipse.jdt.internal.junit.model.RemoteTestRunnerClient.receiveMessage(RemoteTestRunnerClient.java:378)
	at org.eclipse.jdt.internal.junit.model.RemoteTestRunnerClient.access$27(RemoteTestRunnerClient.java:377)
	at org.eclipse.jdt.internal.junit.model.RemoteTestRunnerClient$ServerConnection.run(RemoteTestRunnerClient.java:273)

!ENTRY org.eclipse.jdt.junit.core 4 4 2021-01-18 16:00:27.891
!MESSAGE Error
!STACK 0
java.lang.Exception: Unexpected TestElement type for testId '23': TestSuite: Scenario: Verify the user is able to Search Hotel Page. : Completed - OK (10)
	at org.eclipse.jdt.internal.junit.model.TestRunSession$TestSessionNotifier.logUnexpectedTest(TestRunSession.java:801)
	at org.eclipse.jdt.internal.junit.model.TestRunSession$TestSessionNotifier.testEnded(TestRunSession.java:738)
	at org.eclipse.jdt.internal.junit.model.RemoteTestRunnerClient$4.run(RemoteTestRunnerClient.java:523)
	at org.eclipse.core.runtime.SafeRunner.run(SafeRunner.java:45)
	at org.eclipse.jdt.internal.junit.model.RemoteTestRunnerClient.notifyTestEnded(RemoteTestRunnerClient.java:519)
	at org.eclipse.jdt.internal.junit.model.RemoteTestRunnerClient.access$7(RemoteTestRunnerClient.java:515)
	at org.eclipse.jdt.internal.junit.model.RemoteTestRunnerClient$DefaultProcessingState.readMessage(RemoteTestRunnerClient.java:96)
	at org.eclipse.jdt.internal.junit.model.RemoteTestRunnerClient.receiveMessage(RemoteTestRunnerClient.java:378)
	at org.eclipse.jdt.internal.junit.model.RemoteTestRunnerClient.access$27(RemoteTestRunnerClient.java:377)
	at org.eclipse.jdt.internal.junit.model.RemoteTestRunnerClient$ServerConnection.run(RemoteTestRunnerClient.java:273)

!ENTRY org.eclipse.jdt.junit.core 4 4 2021-01-18 16:00:27.904
!MESSAGE Error
!STACK 0
java.lang.Exception: Unexpected TestElement type for testId '34': TestSuite: Scenario: Verify the user is able to Select Hotel Page. : Not Started - Undefined (3)
	at org.eclipse.jdt.internal.junit.model.TestRunSession$TestSessionNotifier.logUnexpectedTest(TestRunSession.java:801)
	at org.eclipse.jdt.internal.junit.model.TestRunSession$TestSessionNotifier.testStarted(TestRunSession.java:708)
	at org.eclipse.jdt.internal.junit.model.RemoteTestRunnerClient$5.run(RemoteTestRunnerClient.java:537)
	at org.eclipse.core.runtime.SafeRunner.run(SafeRunner.java:45)
	at org.eclipse.jdt.internal.junit.model.RemoteTestRunnerClient.notifyTestStarted(RemoteTestRunnerClient.java:533)
	at org.eclipse.jdt.internal.junit.model.RemoteTestRunnerClient.access$6(RemoteTestRunnerClient.java:529)
	at org.eclipse.jdt.internal.junit.model.RemoteTestRunnerClient$DefaultProcessingState.readMessage(RemoteTestRunnerClient.java:92)
	at org.eclipse.jdt.internal.junit.model.RemoteTestRunnerClient.receiveMessage(RemoteTestRunnerClient.java:378)
	at org.eclipse.jdt.internal.junit.model.RemoteTestRunnerClient.access$27(RemoteTestRunnerClient.java:377)
	at org.eclipse.jdt.internal.junit.model.RemoteTestRunnerClient$ServerConnection.run(RemoteTestRunnerClient.java:273)

!ENTRY org.eclipse.jdt.junit.core 4 4 2021-01-18 16:01:33.898
!MESSAGE Error
!STACK 0
java.lang.Exception: Unexpected TestElement type for testId '5': TestSuite: | AAA | 111 | : Not Started - Undefined (5)
	at org.eclipse.jdt.internal.junit.model.TestRunSession$TestSessionNotifier.logUnexpectedTest(TestRunSession.java:801)
	at org.eclipse.jdt.internal.junit.model.TestRunSession$TestSessionNotifier.testStarted(TestRunSession.java:708)
	at org.eclipse.jdt.internal.junit.model.RemoteTestRunnerClient$5.run(RemoteTestRunnerClient.java:537)
	at org.eclipse.core.runtime.SafeRunner.run(SafeRunner.java:45)
	at org.eclipse.jdt.internal.junit.model.RemoteTestRunnerClient.notifyTestStarted(RemoteTestRunnerClient.java:533)
	at org.eclipse.jdt.internal.junit.model.RemoteTestRunnerClient.access$6(RemoteTestRunnerClient.java:529)
	at org.eclipse.jdt.internal.junit.model.RemoteTestRunnerClient$DefaultProcessingState.readMessage(RemoteTestRunnerClient.java:92)
	at org.eclipse.jdt.internal.junit.model.RemoteTestRunnerClient.receiveMessage(RemoteTestRunnerClient.java:378)
	at org.eclipse.jdt.internal.junit.model.RemoteTestRunnerClient.access$27(RemoteTestRunnerClient.java:377)
	at org.eclipse.jdt.internal.junit.model.RemoteTestRunnerClient$ServerConnection.run(RemoteTestRunnerClient.java:273)

!ENTRY org.eclipse.jdt.junit.core 4 4 2021-01-18 16:01:40.477
!MESSAGE Error
!STACK 0
java.lang.Exception: Unexpected TestElement type for testId '5': TestSuite: | AAA | 111 | : Completed - OK (5)
	at org.eclipse.jdt.internal.junit.model.TestRunSession$TestSessionNotifier.logUnexpectedTest(TestRunSession.java:801)
	at org.eclipse.jdt.internal.junit.model.TestRunSession$TestSessionNotifier.testEnded(TestRunSession.java:738)
	at org.eclipse.jdt.internal.junit.model.RemoteTestRunnerClient$4.run(RemoteTestRunnerClient.java:523)
	at org.eclipse.core.runtime.SafeRunner.run(SafeRunner.java:45)
	at org.eclipse.jdt.internal.junit.model.RemoteTestRunnerClient.notifyTestEnded(RemoteTestRunnerClient.java:519)
	at org.eclipse.jdt.internal.junit.model.RemoteTestRunnerClient.access$7(RemoteTestRunnerClient.java:515)
	at org.eclipse.jdt.internal.junit.model.RemoteTestRunnerClient$DefaultProcessingState.readMessage(RemoteTestRunnerClient.java:96)
	at org.eclipse.jdt.internal.junit.model.RemoteTestRunnerClient.receiveMessage(RemoteTestRunnerClient.java:378)
	at org.eclipse.jdt.internal.junit.model.RemoteTestRunnerClient.access$27(RemoteTestRunnerClient.java:377)
	at org.eclipse.jdt.internal.junit.model.RemoteTestRunnerClient$ServerConnection.run(RemoteTestRunnerClient.java:273)

!ENTRY org.eclipse.jdt.junit.core 4 4 2021-01-18 16:01:40.495
!MESSAGE Error
!STACK 0
java.lang.Exception: Unexpected TestElement type for testId '11': TestSuite: | BBB | 222 | : Not Started - Undefined (5)
	at org.eclipse.jdt.internal.junit.model.TestRunSession$TestSessionNotifier.logUnexpectedTest(TestRunSession.java:801)
	at org.eclipse.jdt.internal.junit.model.TestRunSession$TestSessionNotifier.testStarted(TestRunSession.java:708)
	at org.eclipse.jdt.internal.junit.model.RemoteTestRunnerClient$5.run(RemoteTestRunnerClient.java:537)
	at org.eclipse.core.runtime.SafeRunner.run(SafeRunner.java:45)
	at org.eclipse.jdt.internal.junit.model.RemoteTestRunnerClient.notifyTestStarted(RemoteTestRunnerClient.java:533)
	at org.eclipse.jdt.internal.junit.model.RemoteTestRunnerClient.access$6(RemoteTestRunnerClient.java:529)
	at org.eclipse.jdt.internal.junit.model.RemoteTestRunnerClient$DefaultProcessingState.readMessage(RemoteTestRunnerClient.java:92)
	at org.eclipse.jdt.internal.junit.model.RemoteTestRunnerClient.receiveMessage(RemoteTestRunnerClient.java:378)
	at org.eclipse.jdt.internal.junit.model.RemoteTestRunnerClient.access$27(RemoteTestRunnerClient.java:377)
	at org.eclipse.jdt.internal.junit.model.RemoteTestRunnerClient$ServerConnection.run(RemoteTestRunnerClient.java:273)

!ENTRY org.eclipse.jdt.junit.core 4 4 2021-01-18 16:01:42.674
!MESSAGE Error
!STACK 0
java.lang.Exception: Unexpected TestElement type for testId '11': TestSuite: | BBB | 222 | : Completed - OK (5)
	at org.eclipse.jdt.internal.junit.model.TestRunSession$TestSessionNotifier.logUnexpectedTest(TestRunSession.java:801)
	at org.eclipse.jdt.internal.junit.model.TestRunSession$TestSessionNotifier.testEnded(TestRunSession.java:738)
	at org.eclipse.jdt.internal.junit.model.RemoteTestRunnerClient$4.run(RemoteTestRunnerClient.java:523)
	at org.eclipse.core.runtime.SafeRunner.run(SafeRunner.java:45)
	at org.eclipse.jdt.internal.junit.model.RemoteTestRunnerClient.notifyTestEnded(RemoteTestRunnerClient.java:519)
	at org.eclipse.jdt.internal.junit.model.RemoteTestRunnerClient.access$7(RemoteTestRunnerClient.java:515)
	at org.eclipse.jdt.internal.junit.model.RemoteTestRunnerClient$DefaultProcessingState.readMessage(RemoteTestRunnerClient.java:96)
	at org.eclipse.jdt.internal.junit.model.RemoteTestRunnerClient.receiveMessage(RemoteTestRunnerClient.java:378)
	at org.eclipse.jdt.internal.junit.model.RemoteTestRunnerClient.access$27(RemoteTestRunnerClient.java:377)
	at org.eclipse.jdt.internal.junit.model.RemoteTestRunnerClient$ServerConnection.run(RemoteTestRunnerClient.java:273)

!ENTRY org.eclipse.jdt.junit.core 4 4 2021-01-18 16:01:42.691
!MESSAGE Error
!STACK 0
java.lang.Exception: Unexpected TestElement type for testId '17': TestSuite: | karthick123 | 12131415 | : Not Started - Undefined (5)
	at org.eclipse.jdt.internal.junit.model.TestRunSession$TestSessionNotifier.logUnexpectedTest(TestRunSession.java:801)
	at org.eclipse.jdt.internal.junit.model.TestRunSession$TestSessionNotifier.testStarted(TestRunSession.java:708)
	at org.eclipse.jdt.internal.junit.model.RemoteTestRunnerClient$5.run(RemoteTestRunnerClient.java:537)
	at org.eclipse.core.runtime.SafeRunner.run(SafeRunner.java:45)
	at org.eclipse.jdt.internal.junit.model.RemoteTestRunnerClient.notifyTestStarted(RemoteTestRunnerClient.java:533)
	at org.eclipse.jdt.internal.junit.model.RemoteTestRunnerClient.access$6(RemoteTestRunnerClient.java:529)
	at org.eclipse.jdt.internal.junit.model.RemoteTestRunnerClient$DefaultProcessingState.readMessage(RemoteTestRunnerClient.java:92)
	at org.eclipse.jdt.internal.junit.model.RemoteTestRunnerClient.receiveMessage(RemoteTestRunnerClient.java:378)
	at org.eclipse.jdt.internal.junit.model.RemoteTestRunnerClient.access$27(RemoteTestRunnerClient.java:377)
	at org.eclipse.jdt.internal.junit.model.RemoteTestRunnerClient$ServerConnection.run(RemoteTestRunnerClient.java:273)

!ENTRY org.eclipse.jdt.junit.core 4 4 2021-01-18 16:01:45.843
!MESSAGE Error
!STACK 0
java.lang.Exception: Unexpected TestElement type for testId '17': TestSuite: | karthick123 | 12131415 | : Completed - OK (5)
	at org.eclipse.jdt.internal.junit.model.TestRunSession$TestSessionNotifier.logUnexpectedTest(TestRunSession.java:801)
	at org.eclipse.jdt.internal.junit.model.TestRunSession$TestSessionNotifier.testEnded(TestRunSession.java:738)
	at org.eclipse.jdt.internal.junit.model.RemoteTestRunnerClient$4.run(RemoteTestRunnerClient.java:523)
	at org.eclipse.core.runtime.SafeRunner.run(SafeRunner.java:45)
	at org.eclipse.jdt.internal.junit.model.RemoteTestRunnerClient.notifyTestEnded(RemoteTestRunnerClient.java:519)
	at org.eclipse.jdt.internal.junit.model.RemoteTestRunnerClient.access$7(RemoteTestRunnerClient.java:515)
	at org.eclipse.jdt.internal.junit.model.RemoteTestRunnerClient$DefaultProcessingState.readMessage(RemoteTestRunnerClient.java:96)
	at org.eclipse.jdt.internal.junit.model.RemoteTestRunnerClient.receiveMessage(RemoteTestRunnerClient.java:378)
	at org.eclipse.jdt.internal.junit.model.RemoteTestRunnerClient.access$27(RemoteTestRunnerClient.java:377)
	at org.eclipse.jdt.internal.junit.model.RemoteTestRunnerClient$ServerConnection.run(RemoteTestRunnerClient.java:273)

!ENTRY org.eclipse.jdt.junit.core 4 4 2021-01-18 16:01:45.863
!MESSAGE Error
!STACK 0
java.lang.Exception: Unexpected TestElement type for testId '23': TestSuite: Scenario: Verify the user is able to Search Hotel Page. : Not Started - Undefined (10)
	at org.eclipse.jdt.internal.junit.model.TestRunSession$TestSessionNotifier.logUnexpectedTest(TestRunSession.java:801)
	at org.eclipse.jdt.internal.junit.model.TestRunSession$TestSessionNotifier.testStarted(TestRunSession.java:708)
	at org.eclipse.jdt.internal.junit.model.RemoteTestRunnerClient$5.run(RemoteTestRunnerClient.java:537)
	at org.eclipse.core.runtime.SafeRunner.run(SafeRunner.java:45)
	at org.eclipse.jdt.internal.junit.model.RemoteTestRunnerClient.notifyTestStarted(RemoteTestRunnerClient.java:533)
	at org.eclipse.jdt.internal.junit.model.RemoteTestRunnerClient.access$6(RemoteTestRunnerClient.java:529)
	at org.eclipse.jdt.internal.junit.model.RemoteTestRunnerClient$DefaultProcessingState.readMessage(RemoteTestRunnerClient.java:92)
	at org.eclipse.jdt.internal.junit.model.RemoteTestRunnerClient.receiveMessage(RemoteTestRunnerClient.java:378)
	at org.eclipse.jdt.internal.junit.model.RemoteTestRunnerClient.access$27(RemoteTestRunnerClient.java:377)
	at org.eclipse.jdt.internal.junit.model.RemoteTestRunnerClient$ServerConnection.run(RemoteTestRunnerClient.java:273)

!ENTRY org.eclipse.jdt.junit.core 4 4 2021-01-18 16:01:48.972
!MESSAGE Error
!STACK 0
java.lang.Exception: Unexpected TestElement type for testId '23': TestSuite: Scenario: Verify the user is able to Search Hotel Page. : Completed - OK (10)
	at org.eclipse.jdt.internal.junit.model.TestRunSession$TestSessionNotifier.logUnexpectedTest(TestRunSession.java:801)
	at org.eclipse.jdt.internal.junit.model.TestRunSession$TestSessionNotifier.testEnded(TestRunSession.java:738)
	at org.eclipse.jdt.internal.junit.model.RemoteTestRunnerClient$4.run(RemoteTestRunnerClient.java:523)
	at org.eclipse.core.runtime.SafeRunner.run(SafeRunner.java:45)
	at org.eclipse.jdt.internal.junit.model.RemoteTestRunnerClient.notifyTestEnded(RemoteTestRunnerClient.java:519)
	at org.eclipse.jdt.internal.junit.model.RemoteTestRunnerClient.access$7(RemoteTestRunnerClient.java:515)
	at org.eclipse.jdt.internal.junit.model.RemoteTestRunnerClient$DefaultProcessingState.readMessage(RemoteTestRunnerClient.java:96)
	at org.eclipse.jdt.internal.junit.model.RemoteTestRunnerClient.receiveMessage(RemoteTestRunnerClient.java:378)
	at org.eclipse.jdt.internal.junit.model.RemoteTestRunnerClient.access$27(RemoteTestRunnerClient.java:377)
	at org.eclipse.jdt.internal.junit.model.RemoteTestRunnerClient$ServerConnection.run(RemoteTestRunnerClient.java:273)

!ENTRY org.eclipse.jdt.junit.core 4 4 2021-01-18 16:01:48.985
!MESSAGE Error
!STACK 0
java.lang.Exception: Unexpected TestElement type for testId '34': TestSuite: Scenario: Verify the user is able to Select Hotel Page. : Not Started - Undefined (3)
	at org.eclipse.jdt.internal.junit.model.TestRunSession$TestSessionNotifier.logUnexpectedTest(TestRunSession.java:801)
	at org.eclipse.jdt.internal.junit.model.TestRunSession$TestSessionNotifier.testStarted(TestRunSession.java:708)
	at org.eclipse.jdt.internal.junit.model.RemoteTestRunnerClient$5.run(RemoteTestRunnerClient.java:537)
	at org.eclipse.core.runtime.SafeRunner.run(SafeRunner.java:45)
	at org.eclipse.jdt.internal.junit.model.RemoteTestRunnerClient.notifyTestStarted(RemoteTestRunnerClient.java:533)
	at org.eclipse.jdt.internal.junit.model.RemoteTestRunnerClient.access$6(RemoteTestRunnerClient.java:529)
	at org.eclipse.jdt.internal.junit.model.RemoteTestRunnerClient$DefaultProcessingState.readMessage(RemoteTestRunnerClient.java:92)
	at org.eclipse.jdt.internal.junit.model.RemoteTestRunnerClient.receiveMessage(RemoteTestRunnerClient.java:378)
	at org.eclipse.jdt.internal.junit.model.RemoteTestRunnerClient.access$27(RemoteTestRunnerClient.java:377)
	at org.eclipse.jdt.internal.junit.model.RemoteTestRunnerClient$ServerConnection.run(RemoteTestRunnerClient.java:273)

!ENTRY org.eclipse.jdt.junit.core 4 4 2021-01-18 16:03:18.445
!MESSAGE Error
!STACK 0
java.lang.Exception: Unexpected TestElement type for testId '5': TestSuite: | AAA | 111 | : Not Started - Undefined (5)
	at org.eclipse.jdt.internal.junit.model.TestRunSession$TestSessionNotifier.logUnexpectedTest(TestRunSession.java:801)
	at org.eclipse.jdt.internal.junit.model.TestRunSession$TestSessionNotifier.testStarted(TestRunSession.java:708)
	at org.eclipse.jdt.internal.junit.model.RemoteTestRunnerClient$5.run(RemoteTestRunnerClient.java:537)
	at org.eclipse.core.runtime.SafeRunner.run(SafeRunner.java:45)
	at org.eclipse.jdt.internal.junit.model.RemoteTestRunnerClient.notifyTestStarted(RemoteTestRunnerClient.java:533)
	at org.eclipse.jdt.internal.junit.model.RemoteTestRunnerClient.access$6(RemoteTestRunnerClient.java:529)
	at org.eclipse.jdt.internal.junit.model.RemoteTestRunnerClient$DefaultProcessingState.readMessage(RemoteTestRunnerClient.java:92)
	at org.eclipse.jdt.internal.junit.model.RemoteTestRunnerClient.receiveMessage(RemoteTestRunnerClient.java:378)
	at org.eclipse.jdt.internal.junit.model.RemoteTestRunnerClient.access$27(RemoteTestRunnerClient.java:377)
	at org.eclipse.jdt.internal.junit.model.RemoteTestRunnerClient$ServerConnection.run(RemoteTestRunnerClient.java:273)

!ENTRY org.eclipse.jdt.junit.core 4 4 2021-01-18 16:03:24.283
!MESSAGE Error
!STACK 0
java.lang.Exception: Unexpected TestElement type for testId '5': TestSuite: | AAA | 111 | : Completed - OK (5)
	at org.eclipse.jdt.internal.junit.model.TestRunSession$TestSessionNotifier.logUnexpectedTest(TestRunSession.java:801)
	at org.eclipse.jdt.internal.junit.model.TestRunSession$TestSessionNotifier.testEnded(TestRunSession.java:738)
	at org.eclipse.jdt.internal.junit.model.RemoteTestRunnerClient$4.run(RemoteTestRunnerClient.java:523)
	at org.eclipse.core.runtime.SafeRunner.run(SafeRunner.java:45)
	at org.eclipse.jdt.internal.junit.model.RemoteTestRunnerClient.notifyTestEnded(RemoteTestRunnerClient.java:519)
	at org.eclipse.jdt.internal.junit.model.RemoteTestRunnerClient.access$7(RemoteTestRunnerClient.java:515)
	at org.eclipse.jdt.internal.junit.model.RemoteTestRunnerClient$DefaultProcessingState.readMessage(RemoteTestRunnerClient.java:96)
	at org.eclipse.jdt.internal.junit.model.RemoteTestRunnerClient.receiveMessage(RemoteTestRunnerClient.java:378)
	at org.eclipse.jdt.internal.junit.model.RemoteTestRunnerClient.access$27(RemoteTestRunnerClient.java:377)
	at org.eclipse.jdt.internal.junit.model.RemoteTestRunnerClient$ServerConnection.run(RemoteTestRunnerClient.java:273)

!ENTRY org.eclipse.jdt.junit.core 4 4 2021-01-18 16:03:24.305
!MESSAGE Error
!STACK 0
java.lang.Exception: Unexpected TestElement type for testId '11': TestSuite: | BBB | 222 | : Not Started - Undefined (5)
	at org.eclipse.jdt.internal.junit.model.TestRunSession$TestSessionNotifier.logUnexpectedTest(TestRunSession.java:801)
	at org.eclipse.jdt.internal.junit.model.TestRunSession$TestSessionNotifier.testStarted(TestRunSession.java:708)
	at org.eclipse.jdt.internal.junit.model.RemoteTestRunnerClient$5.run(RemoteTestRunnerClient.java:537)
	at org.eclipse.core.runtime.SafeRunner.run(SafeRunner.java:45)
	at org.eclipse.jdt.internal.junit.model.RemoteTestRunnerClient.notifyTestStarted(RemoteTestRunnerClient.java:533)
	at org.eclipse.jdt.internal.junit.model.RemoteTestRunnerClient.access$6(RemoteTestRunnerClient.java:529)
	at org.eclipse.jdt.internal.junit.model.RemoteTestRunnerClient$DefaultProcessingState.readMessage(RemoteTestRunnerClient.java:92)
	at org.eclipse.jdt.internal.junit.model.RemoteTestRunnerClient.receiveMessage(RemoteTestRunnerClient.java:378)
	at org.eclipse.jdt.internal.junit.model.RemoteTestRunnerClient.access$27(RemoteTestRunnerClient.java:377)
	at org.eclipse.jdt.internal.junit.model.RemoteTestRunnerClient$ServerConnection.run(RemoteTestRunnerClient.java:273)

!ENTRY org.eclipse.jdt.junit.core 4 4 2021-01-18 16:03:26.420
!MESSAGE Error
!STACK 0
java.lang.Exception: Unexpected TestElement type for testId '11': TestSuite: | BBB | 222 | : Completed - OK (5)
	at org.eclipse.jdt.internal.junit.model.TestRunSession$TestSessionNotifier.logUnexpectedTest(TestRunSession.java:801)
	at org.eclipse.jdt.internal.junit.model.TestRunSession$TestSessionNotifier.testEnded(TestRunSession.java:738)
	at org.eclipse.jdt.internal.junit.model.RemoteTestRunnerClient$4.run(RemoteTestRunnerClient.java:523)
	at org.eclipse.core.runtime.SafeRunner.run(SafeRunner.java:45)
	at org.eclipse.jdt.internal.junit.model.RemoteTestRunnerClient.notifyTestEnded(RemoteTestRunnerClient.java:519)
	at org.eclipse.jdt.internal.junit.model.RemoteTestRunnerClient.access$7(RemoteTestRunnerClient.java:515)
	at org.eclipse.jdt.internal.junit.model.RemoteTestRunnerClient$DefaultProcessingState.readMessage(RemoteTestRunnerClient.java:96)
	at org.eclipse.jdt.internal.junit.model.RemoteTestRunnerClient.receiveMessage(RemoteTestRunnerClient.java:378)
	at org.eclipse.jdt.internal.junit.model.RemoteTestRunnerClient.access$27(RemoteTestRunnerClient.java:377)
	at org.eclipse.jdt.internal.junit.model.RemoteTestRunnerClient$ServerConnection.run(RemoteTestRunnerClient.java:273)

!ENTRY org.eclipse.jdt.junit.core 4 4 2021-01-18 16:03:26.440
!MESSAGE Error
!STACK 0
java.lang.Exception: Unexpected TestElement type for testId '17': TestSuite: | karthick123 | 12131415 | : Not Started - Undefined (5)
	at org.eclipse.jdt.internal.junit.model.TestRunSession$TestSessionNotifier.logUnexpectedTest(TestRunSession.java:801)
	at org.eclipse.jdt.internal.junit.model.TestRunSession$TestSessionNotifier.testStarted(TestRunSession.java:708)
	at org.eclipse.jdt.internal.junit.model.RemoteTestRunnerClient$5.run(RemoteTestRunnerClient.java:537)
	at org.eclipse.core.runtime.SafeRunner.run(SafeRunner.java:45)
	at org.eclipse.jdt.internal.junit.model.RemoteTestRunnerClient.notifyTestStarted(RemoteTestRunnerClient.java:533)
	at org.eclipse.jdt.internal.junit.model.RemoteTestRunnerClient.access$6(RemoteTestRunnerClient.java:529)
	at org.eclipse.jdt.internal.junit.model.RemoteTestRunnerClient$DefaultProcessingState.readMessage(RemoteTestRunnerClient.java:92)
	at org.eclipse.jdt.internal.junit.model.RemoteTestRunnerClient.receiveMessage(RemoteTestRunnerClient.java:378)
	at org.eclipse.jdt.internal.junit.model.RemoteTestRunnerClient.access$27(RemoteTestRunnerClient.java:377)
	at org.eclipse.jdt.internal.junit.model.RemoteTestRunnerClient$ServerConnection.run(RemoteTestRunnerClient.java:273)

!ENTRY org.eclipse.jdt.junit.core 4 4 2021-01-18 16:03:29.420
!MESSAGE Error
!STACK 0
java.lang.Exception: Unexpected TestElement type for testId '17': TestSuite: | karthick123 | 12131415 | : Completed - OK (5)
	at org.eclipse.jdt.internal.junit.model.TestRunSession$TestSessionNotifier.logUnexpectedTest(TestRunSession.java:801)
	at org.eclipse.jdt.internal.junit.model.TestRunSession$TestSessionNotifier.testEnded(TestRunSession.java:738)
	at org.eclipse.jdt.internal.junit.model.RemoteTestRunnerClient$4.run(RemoteTestRunnerClient.java:523)
	at org.eclipse.core.runtime.SafeRunner.run(SafeRunner.java:45)
	at org.eclipse.jdt.internal.junit.model.RemoteTestRunnerClient.notifyTestEnded(RemoteTestRunnerClient.java:519)
	at org.eclipse.jdt.internal.junit.model.RemoteTestRunnerClient.access$7(RemoteTestRunnerClient.java:515)
	at org.eclipse.jdt.internal.junit.model.RemoteTestRunnerClient$DefaultProcessingState.readMessage(RemoteTestRunnerClient.java:96)
	at org.eclipse.jdt.internal.junit.model.RemoteTestRunnerClient.receiveMessage(RemoteTestRunnerClient.java:378)
	at org.eclipse.jdt.internal.junit.model.RemoteTestRunnerClient.access$27(RemoteTestRunnerClient.java:377)
	at org.eclipse.jdt.internal.junit.model.RemoteTestRunnerClient$ServerConnection.run(RemoteTestRunnerClient.java:273)

!ENTRY org.eclipse.jdt.junit.core 4 4 2021-01-18 16:03:29.439
!MESSAGE Error
!STACK 0
java.lang.Exception: Unexpected TestElement type for testId '23': TestSuite: Scenario: Verify the user is able to Search Hotel Page. : Not Started - Undefined (10)
	at org.eclipse.jdt.internal.junit.model.TestRunSession$TestSessionNotifier.logUnexpectedTest(TestRunSession.java:801)
	at org.eclipse.jdt.internal.junit.model.TestRunSession$TestSessionNotifier.testStarted(TestRunSession.java:708)
	at org.eclipse.jdt.internal.junit.model.RemoteTestRunnerClient$5.run(RemoteTestRunnerClient.java:537)
	at org.eclipse.core.runtime.SafeRunner.run(SafeRunner.java:45)
	at org.eclipse.jdt.internal.junit.model.RemoteTestRunnerClient.notifyTestStarted(RemoteTestRunnerClient.java:533)
	at org.eclipse.jdt.internal.junit.model.RemoteTestRunnerClient.access$6(RemoteTestRunnerClient.java:529)
	at org.eclipse.jdt.internal.junit.model.RemoteTestRunnerClient$DefaultProcessingState.readMessage(RemoteTestRunnerClient.java:92)
	at org.eclipse.jdt.internal.junit.model.RemoteTestRunnerClient.receiveMessage(RemoteTestRunnerClient.java:378)
	at org.eclipse.jdt.internal.junit.model.RemoteTestRunnerClient.access$27(RemoteTestRunnerClient.java:377)
	at org.eclipse.jdt.internal.junit.model.RemoteTestRunnerClient$ServerConnection.run(RemoteTestRunnerClient.java:273)

!ENTRY org.eclipse.jdt.junit.core 4 4 2021-01-18 16:03:32.403
!MESSAGE Error
!STACK 0
java.lang.Exception: Unexpected TestElement type for testId '23': TestSuite: Scenario: Verify the user is able to Search Hotel Page. : Completed - OK (10)
	at org.eclipse.jdt.internal.junit.model.TestRunSession$TestSessionNotifier.logUnexpectedTest(TestRunSession.java:801)
	at org.eclipse.jdt.internal.junit.model.TestRunSession$TestSessionNotifier.testEnded(TestRunSession.java:738)
	at org.eclipse.jdt.internal.junit.model.RemoteTestRunnerClient$4.run(RemoteTestRunnerClient.java:523)
	at org.eclipse.core.runtime.SafeRunner.run(SafeRunner.java:45)
	at org.eclipse.jdt.internal.junit.model.RemoteTestRunnerClient.notifyTestEnded(RemoteTestRunnerClient.java:519)
	at org.eclipse.jdt.internal.junit.model.RemoteTestRunnerClient.access$7(RemoteTestRunnerClient.java:515)
	at org.eclipse.jdt.internal.junit.model.RemoteTestRunnerClient$DefaultProcessingState.readMessage(RemoteTestRunnerClient.java:96)
	at org.eclipse.jdt.internal.junit.model.RemoteTestRunnerClient.receiveMessage(RemoteTestRunnerClient.java:378)
	at org.eclipse.jdt.internal.junit.model.RemoteTestRunnerClient.access$27(RemoteTestRunnerClient.java:377)
	at org.eclipse.jdt.internal.junit.model.RemoteTestRunnerClient$ServerConnection.run(RemoteTestRunnerClient.java:273)

!ENTRY org.eclipse.jdt.junit.core 4 4 2021-01-18 16:03:32.420
!MESSAGE Error
!STACK 0
java.lang.Exception: Unexpected TestElement type for testId '34': TestSuite: Scenario: Verify the user is able to Select Hotel Page. : Not Started - Undefined (3)
	at org.eclipse.jdt.internal.junit.model.TestRunSession$TestSessionNotifier.logUnexpectedTest(TestRunSession.java:801)
	at org.eclipse.jdt.internal.junit.model.TestRunSession$TestSessionNotifier.testStarted(TestRunSession.java:708)
	at org.eclipse.jdt.internal.junit.model.RemoteTestRunnerClient$5.run(RemoteTestRunnerClient.java:537)
	at org.eclipse.core.runtime.SafeRunner.run(SafeRunner.java:45)
	at org.eclipse.jdt.internal.junit.model.RemoteTestRunnerClient.notifyTestStarted(RemoteTestRunnerClient.java:533)
	at org.eclipse.jdt.internal.junit.model.RemoteTestRunnerClient.access$6(RemoteTestRunnerClient.java:529)
	at org.eclipse.jdt.internal.junit.model.RemoteTestRunnerClient$DefaultProcessingState.readMessage(RemoteTestRunnerClient.java:92)
	at org.eclipse.jdt.internal.junit.model.RemoteTestRunnerClient.receiveMessage(RemoteTestRunnerClient.java:378)
	at org.eclipse.jdt.internal.junit.model.RemoteTestRunnerClient.access$27(RemoteTestRunnerClient.java:377)
	at org.eclipse.jdt.internal.junit.model.RemoteTestRunnerClient$ServerConnection.run(RemoteTestRunnerClient.java:273)

!ENTRY org.eclipse.jdt.junit.core 4 4 2021-01-18 16:07:04.019
!MESSAGE Error
!STACK 0
java.lang.Exception: Unexpected TestElement type for testId '5': TestSuite: | AAA | 111 | : Not Started - Undefined (5)
	at org.eclipse.jdt.internal.junit.model.TestRunSession$TestSessionNotifier.logUnexpectedTest(TestRunSession.java:801)
	at org.eclipse.jdt.internal.junit.model.TestRunSession$TestSessionNotifier.testStarted(TestRunSession.java:708)
	at org.eclipse.jdt.internal.junit.model.RemoteTestRunnerClient$5.run(RemoteTestRunnerClient.java:537)
	at org.eclipse.core.runtime.SafeRunner.run(SafeRunner.java:45)
	at org.eclipse.jdt.internal.junit.model.RemoteTestRunnerClient.notifyTestStarted(RemoteTestRunnerClient.java:533)
	at org.eclipse.jdt.internal.junit.model.RemoteTestRunnerClient.access$6(RemoteTestRunnerClient.java:529)
	at org.eclipse.jdt.internal.junit.model.RemoteTestRunnerClient$DefaultProcessingState.readMessage(RemoteTestRunnerClient.java:92)
	at org.eclipse.jdt.internal.junit.model.RemoteTestRunnerClient.receiveMessage(RemoteTestRunnerClient.java:378)
	at org.eclipse.jdt.internal.junit.model.RemoteTestRunnerClient.access$27(RemoteTestRunnerClient.java:377)
	at org.eclipse.jdt.internal.junit.model.RemoteTestRunnerClient$ServerConnection.run(RemoteTestRunnerClient.java:273)

!ENTRY org.eclipse.jdt.junit.core 4 4 2021-01-18 16:07:10.131
!MESSAGE Error
!STACK 0
java.lang.Exception: Unexpected TestElement type for testId '5': TestSuite: | AAA | 111 | : Completed - OK (5)
	at org.eclipse.jdt.internal.junit.model.TestRunSession$TestSessionNotifier.logUnexpectedTest(TestRunSession.java:801)
	at org.eclipse.jdt.internal.junit.model.TestRunSession$TestSessionNotifier.testEnded(TestRunSession.java:738)
	at org.eclipse.jdt.internal.junit.model.RemoteTestRunnerClient$4.run(RemoteTestRunnerClient.java:523)
	at org.eclipse.core.runtime.SafeRunner.run(SafeRunner.java:45)
	at org.eclipse.jdt.internal.junit.model.RemoteTestRunnerClient.notifyTestEnded(RemoteTestRunnerClient.java:519)
	at org.eclipse.jdt.internal.junit.model.RemoteTestRunnerClient.access$7(RemoteTestRunnerClient.java:515)
	at org.eclipse.jdt.internal.junit.model.RemoteTestRunnerClient$DefaultProcessingState.readMessage(RemoteTestRunnerClient.java:96)
	at org.eclipse.jdt.internal.junit.model.RemoteTestRunnerClient.receiveMessage(RemoteTestRunnerClient.java:378)
	at org.eclipse.jdt.internal.junit.model.RemoteTestRunnerClient.access$27(RemoteTestRunnerClient.java:377)
	at org.eclipse.jdt.internal.junit.model.RemoteTestRunnerClient$ServerConnection.run(RemoteTestRunnerClient.java:273)

!ENTRY org.eclipse.jdt.junit.core 4 4 2021-01-18 16:07:10.151
!MESSAGE Error
!STACK 0
java.lang.Exception: Unexpected TestElement type for testId '11': TestSuite: | BBB | 222 | : Not Started - Undefined (5)
	at org.eclipse.jdt.internal.junit.model.TestRunSession$TestSessionNotifier.logUnexpectedTest(TestRunSession.java:801)
	at org.eclipse.jdt.internal.junit.model.TestRunSession$TestSessionNotifier.testStarted(TestRunSession.java:708)
	at org.eclipse.jdt.internal.junit.model.RemoteTestRunnerClient$5.run(RemoteTestRunnerClient.java:537)
	at org.eclipse.core.runtime.SafeRunner.run(SafeRunner.java:45)
	at org.eclipse.jdt.internal.junit.model.RemoteTestRunnerClient.notifyTestStarted(RemoteTestRunnerClient.java:533)
	at org.eclipse.jdt.internal.junit.model.RemoteTestRunnerClient.access$6(RemoteTestRunnerClient.java:529)
	at org.eclipse.jdt.internal.junit.model.RemoteTestRunnerClient$DefaultProcessingState.readMessage(RemoteTestRunnerClient.java:92)
	at org.eclipse.jdt.internal.junit.model.RemoteTestRunnerClient.receiveMessage(RemoteTestRunnerClient.java:378)
	at org.eclipse.jdt.internal.junit.model.RemoteTestRunnerClient.access$27(RemoteTestRunnerClient.java:377)
	at org.eclipse.jdt.internal.junit.model.RemoteTestRunnerClient$ServerConnection.run(RemoteTestRunnerClient.java:273)

!ENTRY org.eclipse.jdt.junit.core 4 4 2021-01-18 16:07:12.152
!MESSAGE Error
!STACK 0
java.lang.Exception: Unexpected TestElement type for testId '11': TestSuite: | BBB | 222 | : Completed - OK (5)
	at org.eclipse.jdt.internal.junit.model.TestRunSession$TestSessionNotifier.logUnexpectedTest(TestRunSession.java:801)
	at org.eclipse.jdt.internal.junit.model.TestRunSession$TestSessionNotifier.testEnded(TestRunSession.java:738)
	at org.eclipse.jdt.internal.junit.model.RemoteTestRunnerClient$4.run(RemoteTestRunnerClient.java:523)
	at org.eclipse.core.runtime.SafeRunner.run(SafeRunner.java:45)
	at org.eclipse.jdt.internal.junit.model.RemoteTestRunnerClient.notifyTestEnded(RemoteTestRunnerClient.java:519)
	at org.eclipse.jdt.internal.junit.model.RemoteTestRunnerClient.access$7(RemoteTestRunnerClient.java:515)
	at org.eclipse.jdt.internal.junit.model.RemoteTestRunnerClient$DefaultProcessingState.readMessage(RemoteTestRunnerClient.java:96)
	at org.eclipse.jdt.internal.junit.model.RemoteTestRunnerClient.receiveMessage(RemoteTestRunnerClient.java:378)
	at org.eclipse.jdt.internal.junit.model.RemoteTestRunnerClient.access$27(RemoteTestRunnerClient.java:377)
	at org.eclipse.jdt.internal.junit.model.RemoteTestRunnerClient$ServerConnection.run(RemoteTestRunnerClient.java:273)

!ENTRY org.eclipse.jdt.junit.core 4 4 2021-01-18 16:07:12.170
!MESSAGE Error
!STACK 0
java.lang.Exception: Unexpected TestElement type for testId '17': TestSuite: | karthick123 | 12131415 | : Not Started - Undefined (5)
	at org.eclipse.jdt.internal.junit.model.TestRunSession$TestSessionNotifier.logUnexpectedTest(TestRunSession.java:801)
	at org.eclipse.jdt.internal.junit.model.TestRunSession$TestSessionNotifier.testStarted(TestRunSession.java:708)
	at org.eclipse.jdt.internal.junit.model.RemoteTestRunnerClient$5.run(RemoteTestRunnerClient.java:537)
	at org.eclipse.core.runtime.SafeRunner.run(SafeRunner.java:45)
	at org.eclipse.jdt.internal.junit.model.RemoteTestRunnerClient.notifyTestStarted(RemoteTestRunnerClient.java:533)
	at org.eclipse.jdt.internal.junit.model.RemoteTestRunnerClient.access$6(RemoteTestRunnerClient.java:529)
	at org.eclipse.jdt.internal.junit.model.RemoteTestRunnerClient$DefaultProcessingState.readMessage(RemoteTestRunnerClient.java:92)
	at org.eclipse.jdt.internal.junit.model.RemoteTestRunnerClient.receiveMessage(RemoteTestRunnerClient.java:378)
	at org.eclipse.jdt.internal.junit.model.RemoteTestRunnerClient.access$27(RemoteTestRunnerClient.java:377)
	at org.eclipse.jdt.internal.junit.model.RemoteTestRunnerClient$ServerConnection.run(RemoteTestRunnerClient.java:273)

!ENTRY org.eclipse.jdt.junit.core 4 4 2021-01-18 16:07:14.527
!MESSAGE Error
!STACK 0
java.lang.Exception: Unexpected TestElement type for testId '17': TestSuite: | karthick123 | 12131415 | : Completed - OK (5)
	at org.eclipse.jdt.internal.junit.model.TestRunSession$TestSessionNotifier.logUnexpectedTest(TestRunSession.java:801)
	at org.eclipse.jdt.internal.junit.model.TestRunSession$TestSessionNotifier.testEnded(TestRunSession.java:738)
	at org.eclipse.jdt.internal.junit.model.RemoteTestRunnerClient$4.run(RemoteTestRunnerClient.java:523)
	at org.eclipse.core.runtime.SafeRunner.run(SafeRunner.java:45)
	at org.eclipse.jdt.internal.junit.model.RemoteTestRunnerClient.notifyTestEnded(RemoteTestRunnerClient.java:519)
	at org.eclipse.jdt.internal.junit.model.RemoteTestRunnerClient.access$7(RemoteTestRunnerClient.java:515)
	at org.eclipse.jdt.internal.junit.model.RemoteTestRunnerClient$DefaultProcessingState.readMessage(RemoteTestRunnerClient.java:96)
	at org.eclipse.jdt.internal.junit.model.RemoteTestRunnerClient.receiveMessage(RemoteTestRunnerClient.java:378)
	at org.eclipse.jdt.internal.junit.model.RemoteTestRunnerClient.access$27(RemoteTestRunnerClient.java:377)
	at org.eclipse.jdt.internal.junit.model.RemoteTestRunnerClient$ServerConnection.run(RemoteTestRunnerClient.java:273)

!ENTRY org.eclipse.jdt.junit.core 4 4 2021-01-18 16:07:14.546
!MESSAGE Error
!STACK 0
java.lang.Exception: Unexpected TestElement type for testId '23': TestSuite: Scenario: Verify the user is able to Search Hotel Page. : Not Started - Undefined (10)
	at org.eclipse.jdt.internal.junit.model.TestRunSession$TestSessionNotifier.logUnexpectedTest(TestRunSession.java:801)
	at org.eclipse.jdt.internal.junit.model.TestRunSession$TestSessionNotifier.testStarted(TestRunSession.java:708)
	at org.eclipse.jdt.internal.junit.model.RemoteTestRunnerClient$5.run(RemoteTestRunnerClient.java:537)
	at org.eclipse.core.runtime.SafeRunner.run(SafeRunner.java:45)
	at org.eclipse.jdt.internal.junit.model.RemoteTestRunnerClient.notifyTestStarted(RemoteTestRunnerClient.java:533)
	at org.eclipse.jdt.internal.junit.model.RemoteTestRunnerClient.access$6(RemoteTestRunnerClient.java:529)
	at org.eclipse.jdt.internal.junit.model.RemoteTestRunnerClient$DefaultProcessingState.readMessage(RemoteTestRunnerClient.java:92)
	at org.eclipse.jdt.internal.junit.model.RemoteTestRunnerClient.receiveMessage(RemoteTestRunnerClient.java:378)
	at org.eclipse.jdt.internal.junit.model.RemoteTestRunnerClient.access$27(RemoteTestRunnerClient.java:377)
	at org.eclipse.jdt.internal.junit.model.RemoteTestRunnerClient$ServerConnection.run(RemoteTestRunnerClient.java:273)

!ENTRY org.eclipse.jdt.junit.core 4 4 2021-01-18 16:07:17.846
!MESSAGE Error
!STACK 0
java.lang.Exception: Unexpected TestElement type for testId '23': TestSuite: Scenario: Verify the user is able to Search Hotel Page. : Completed - OK (10)
	at org.eclipse.jdt.internal.junit.model.TestRunSession$TestSessionNotifier.logUnexpectedTest(TestRunSession.java:801)
	at org.eclipse.jdt.internal.junit.model.TestRunSession$TestSessionNotifier.testEnded(TestRunSession.java:738)
	at org.eclipse.jdt.internal.junit.model.RemoteTestRunnerClient$4.run(RemoteTestRunnerClient.java:523)
	at org.eclipse.core.runtime.SafeRunner.run(SafeRunner.java:45)
	at org.eclipse.jdt.internal.junit.model.RemoteTestRunnerClient.notifyTestEnded(RemoteTestRunnerClient.java:519)
	at org.eclipse.jdt.internal.junit.model.RemoteTestRunnerClient.access$7(RemoteTestRunnerClient.java:515)
	at org.eclipse.jdt.internal.junit.model.RemoteTestRunnerClient$DefaultProcessingState.readMessage(RemoteTestRunnerClient.java:96)
	at org.eclipse.jdt.internal.junit.model.RemoteTestRunnerClient.receiveMessage(RemoteTestRunnerClient.java:378)
	at org.eclipse.jdt.internal.junit.model.RemoteTestRunnerClient.access$27(RemoteTestRunnerClient.java:377)
	at org.eclipse.jdt.internal.junit.model.RemoteTestRunnerClient$ServerConnection.run(RemoteTestRunnerClient.java:273)

!ENTRY org.eclipse.jdt.junit.core 4 4 2021-01-18 16:07:17.860
!MESSAGE Error
!STACK 0
java.lang.Exception: Unexpected TestElement type for testId '34': TestSuite: Scenario: Verify the user is able to Select Hotel Page. : Not Started - Undefined (3)
	at org.eclipse.jdt.internal.junit.model.TestRunSession$TestSessionNotifier.logUnexpectedTest(TestRunSession.java:801)
	at org.eclipse.jdt.internal.junit.model.TestRunSession$TestSessionNotifier.testStarted(TestRunSession.java:708)
	at org.eclipse.jdt.internal.junit.model.RemoteTestRunnerClient$5.run(RemoteTestRunnerClient.java:537)
	at org.eclipse.core.runtime.SafeRunner.run(SafeRunner.java:45)
	at org.eclipse.jdt.internal.junit.model.RemoteTestRunnerClient.notifyTestStarted(RemoteTestRunnerClient.java:533)
	at org.eclipse.jdt.internal.junit.model.RemoteTestRunnerClient.access$6(RemoteTestRunnerClient.java:529)
	at org.eclipse.jdt.internal.junit.model.RemoteTestRunnerClient$DefaultProcessingState.readMessage(RemoteTestRunnerClient.java:92)
	at org.eclipse.jdt.internal.junit.model.RemoteTestRunnerClient.receiveMessage(RemoteTestRunnerClient.java:378)
	at org.eclipse.jdt.internal.junit.model.RemoteTestRunnerClient.access$27(RemoteTestRunnerClient.java:377)
	at org.eclipse.jdt.internal.junit.model.RemoteTestRunnerClient$ServerConnection.run(RemoteTestRunnerClient.java:273)

!ENTRY org.eclipse.jdt.junit.core 4 4 2021-01-18 16:07:30.112
!MESSAGE Error
!STACK 0
java.lang.Exception: Unexpected TestElement type for testId '34': TestSuite: Scenario: Verify the user is able to Select Hotel Page. : Completed - OK (3)
	at org.eclipse.jdt.internal.junit.model.TestRunSession$TestSessionNotifier.logUnexpectedTest(TestRunSession.java:801)
	at org.eclipse.jdt.internal.junit.model.TestRunSession$TestSessionNotifier.testEnded(TestRunSession.java:738)
	at org.eclipse.jdt.internal.junit.model.RemoteTestRunnerClient$4.run(RemoteTestRunnerClient.java:523)
	at org.eclipse.core.runtime.SafeRunner.run(SafeRunner.java:45)
	at org.eclipse.jdt.internal.junit.model.RemoteTestRunnerClient.notifyTestEnded(RemoteTestRunnerClient.java:519)
	at org.eclipse.jdt.internal.junit.model.RemoteTestRunnerClient.access$7(RemoteTestRunnerClient.java:515)
	at org.eclipse.jdt.internal.junit.model.RemoteTestRunnerClient$DefaultProcessingState.readMessage(RemoteTestRunnerClient.java:96)
	at org.eclipse.jdt.internal.junit.model.RemoteTestRunnerClient.receiveMessage(RemoteTestRunnerClient.java:378)
	at org.eclipse.jdt.internal.junit.model.RemoteTestRunnerClient.access$27(RemoteTestRunnerClient.java:377)
	at org.eclipse.jdt.internal.junit.model.RemoteTestRunnerClient$ServerConnection.run(RemoteTestRunnerClient.java:273)

!ENTRY org.eclipse.jdt.junit.core 4 4 2021-01-18 16:07:30.181
!MESSAGE Error
!STACK 0
java.lang.Exception: Unexpected TestElement type for testId '38': TestSuite: Scenario: Verify the user is able to Book Now Page. : Not Started - Undefined (10)
	at org.eclipse.jdt.internal.junit.model.TestRunSession$TestSessionNotifier.logUnexpectedTest(TestRunSession.java:801)
	at org.eclipse.jdt.internal.junit.model.TestRunSession$TestSessionNotifier.testStarted(TestRunSession.java:708)
	at org.eclipse.jdt.internal.junit.model.RemoteTestRunnerClient$5.run(RemoteTestRunnerClient.java:537)
	at org.eclipse.core.runtime.SafeRunner.run(SafeRunner.java:45)
	at org.eclipse.jdt.internal.junit.model.RemoteTestRunnerClient.notifyTestStarted(RemoteTestRunnerClient.java:533)
	at org.eclipse.jdt.internal.junit.model.RemoteTestRunnerClient.access$6(RemoteTestRunnerClient.java:529)
	at org.eclipse.jdt.internal.junit.model.RemoteTestRunnerClient$DefaultProcessingState.readMessage(RemoteTestRunnerClient.java:92)
	at org.eclipse.jdt.internal.junit.model.RemoteTestRunnerClient.receiveMessage(RemoteTestRunnerClient.java:378)
	at org.eclipse.jdt.internal.junit.model.RemoteTestRunnerClient.access$27(RemoteTestRunnerClient.java:377)
	at org.eclipse.jdt.internal.junit.model.RemoteTestRunnerClient$ServerConnection.run(RemoteTestRunnerClient.java:273)

!ENTRY org.eclipse.jdt.junit.core 4 4 2021-01-18 16:12:01.326
!MESSAGE Error
!STACK 0
java.lang.Exception: Unexpected TestElement type for testId '5': TestSuite: | AAA | 111 | : Not Started - Undefined (5)
	at org.eclipse.jdt.internal.junit.model.TestRunSession$TestSessionNotifier.logUnexpectedTest(TestRunSession.java:801)
	at org.eclipse.jdt.internal.junit.model.TestRunSession$TestSessionNotifier.testStarted(TestRunSession.java:708)
	at org.eclipse.jdt.internal.junit.model.RemoteTestRunnerClient$5.run(RemoteTestRunnerClient.java:537)
	at org.eclipse.core.runtime.SafeRunner.run(SafeRunner.java:45)
	at org.eclipse.jdt.internal.junit.model.RemoteTestRunnerClient.notifyTestStarted(RemoteTestRunnerClient.java:533)
	at org.eclipse.jdt.internal.junit.model.RemoteTestRunnerClient.access$6(RemoteTestRunnerClient.java:529)
	at org.eclipse.jdt.internal.junit.model.RemoteTestRunnerClient$DefaultProcessingState.readMessage(RemoteTestRunnerClient.java:92)
	at org.eclipse.jdt.internal.junit.model.RemoteTestRunnerClient.receiveMessage(RemoteTestRunnerClient.java:378)
	at org.eclipse.jdt.internal.junit.model.RemoteTestRunnerClient.access$27(RemoteTestRunnerClient.java:377)
	at org.eclipse.jdt.internal.junit.model.RemoteTestRunnerClient$ServerConnection.run(RemoteTestRunnerClient.java:273)

!ENTRY org.eclipse.jdt.junit.core 4 4 2021-01-18 16:12:08.950
!MESSAGE Error
!STACK 0
java.lang.Exception: Unexpected TestElement type for testId '5': TestSuite: | AAA | 111 | : Completed - OK (5)
	at org.eclipse.jdt.internal.junit.model.TestRunSession$TestSessionNotifier.logUnexpectedTest(TestRunSession.java:801)
	at org.eclipse.jdt.internal.junit.model.TestRunSession$TestSessionNotifier.testEnded(TestRunSession.java:738)
	at org.eclipse.jdt.internal.junit.model.RemoteTestRunnerClient$4.run(RemoteTestRunnerClient.java:523)
	at org.eclipse.core.runtime.SafeRunner.run(SafeRunner.java:45)
	at org.eclipse.jdt.internal.junit.model.RemoteTestRunnerClient.notifyTestEnded(RemoteTestRunnerClient.java:519)
	at org.eclipse.jdt.internal.junit.model.RemoteTestRunnerClient.access$7(RemoteTestRunnerClient.java:515)
	at org.eclipse.jdt.internal.junit.model.RemoteTestRunnerClient$DefaultProcessingState.readMessage(RemoteTestRunnerClient.java:96)
	at org.eclipse.jdt.internal.junit.model.RemoteTestRunnerClient.receiveMessage(RemoteTestRunnerClient.java:378)
	at org.eclipse.jdt.internal.junit.model.RemoteTestRunnerClient.access$27(RemoteTestRunnerClient.java:377)
	at org.eclipse.jdt.internal.junit.model.RemoteTestRunnerClient$ServerConnection.run(RemoteTestRunnerClient.java:273)

!ENTRY org.eclipse.jdt.junit.core 4 4 2021-01-18 16:12:08.965
!MESSAGE Error
!STACK 0
java.lang.Exception: Unexpected TestElement type for testId '11': TestSuite: | BBB | 222 | : Not Started - Undefined (5)
	at org.eclipse.jdt.internal.junit.model.TestRunSession$TestSessionNotifier.logUnexpectedTest(TestRunSession.java:801)
	at org.eclipse.jdt.internal.junit.model.TestRunSession$TestSessionNotifier.testStarted(TestRunSession.java:708)
	at org.eclipse.jdt.internal.junit.model.RemoteTestRunnerClient$5.run(RemoteTestRunnerClient.java:537)
	at org.eclipse.core.runtime.SafeRunner.run(SafeRunner.java:45)
	at org.eclipse.jdt.internal.junit.model.RemoteTestRunnerClient.notifyTestStarted(RemoteTestRunnerClient.java:533)
	at org.eclipse.jdt.internal.junit.model.RemoteTestRunnerClient.access$6(RemoteTestRunnerClient.java:529)
	at org.eclipse.jdt.internal.junit.model.RemoteTestRunnerClient$DefaultProcessingState.readMessage(RemoteTestRunnerClient.java:92)
	at org.eclipse.jdt.internal.junit.model.RemoteTestRunnerClient.receiveMessage(RemoteTestRunnerClient.java:378)
	at org.eclipse.jdt.internal.junit.model.RemoteTestRunnerClient.access$27(RemoteTestRunnerClient.java:377)
	at org.eclipse.jdt.internal.junit.model.RemoteTestRunnerClient$ServerConnection.run(RemoteTestRunnerClient.java:273)

!ENTRY org.eclipse.jdt.junit.core 4 4 2021-01-18 16:12:10.925
!MESSAGE Error
!STACK 0
java.lang.Exception: Unexpected TestElement type for testId '11': TestSuite: | BBB | 222 | : Completed - OK (5)
	at org.eclipse.jdt.internal.junit.model.TestRunSession$TestSessionNotifier.logUnexpectedTest(TestRunSession.java:801)
	at org.eclipse.jdt.internal.junit.model.TestRunSession$TestSessionNotifier.testEnded(TestRunSession.java:738)
	at org.eclipse.jdt.internal.junit.model.RemoteTestRunnerClient$4.run(RemoteTestRunnerClient.java:523)
	at org.eclipse.core.runtime.SafeRunner.run(SafeRunner.java:45)
	at org.eclipse.jdt.internal.junit.model.RemoteTestRunnerClient.notifyTestEnded(RemoteTestRunnerClient.java:519)
	at org.eclipse.jdt.internal.junit.model.RemoteTestRunnerClient.access$7(RemoteTestRunnerClient.java:515)
	at org.eclipse.jdt.internal.junit.model.RemoteTestRunnerClient$DefaultProcessingState.readMessage(RemoteTestRunnerClient.java:96)
	at org.eclipse.jdt.internal.junit.model.RemoteTestRunnerClient.receiveMessage(RemoteTestRunnerClient.java:378)
	at org.eclipse.jdt.internal.junit.model.RemoteTestRunnerClient.access$27(RemoteTestRunnerClient.java:377)
	at org.eclipse.jdt.internal.junit.model.RemoteTestRunnerClient$ServerConnection.run(RemoteTestRunnerClient.java:273)

!ENTRY org.eclipse.jdt.junit.core 4 4 2021-01-18 16:12:10.945
!MESSAGE Error
!STACK 0
java.lang.Exception: Unexpected TestElement type for testId '17': TestSuite: | karthick123 | 12131415 | : Not Started - Undefined (5)
	at org.eclipse.jdt.internal.junit.model.TestRunSession$TestSessionNotifier.logUnexpectedTest(TestRunSession.java:801)
	at org.eclipse.jdt.internal.junit.model.TestRunSession$TestSessionNotifier.testStarted(TestRunSession.java:708)
	at org.eclipse.jdt.internal.junit.model.RemoteTestRunnerClient$5.run(RemoteTestRunnerClient.java:537)
	at org.eclipse.core.runtime.SafeRunner.run(SafeRunner.java:45)
	at org.eclipse.jdt.internal.junit.model.RemoteTestRunnerClient.notifyTestStarted(RemoteTestRunnerClient.java:533)
	at org.eclipse.jdt.internal.junit.model.RemoteTestRunnerClient.access$6(RemoteTestRunnerClient.java:529)
	at org.eclipse.jdt.internal.junit.model.RemoteTestRunnerClient$DefaultProcessingState.readMessage(RemoteTestRunnerClient.java:92)
	at org.eclipse.jdt.internal.junit.model.RemoteTestRunnerClient.receiveMessage(RemoteTestRunnerClient.java:378)
	at org.eclipse.jdt.internal.junit.model.RemoteTestRunnerClient.access$27(RemoteTestRunnerClient.java:377)
	at org.eclipse.jdt.internal.junit.model.RemoteTestRunnerClient$ServerConnection.run(RemoteTestRunnerClient.java:273)

!ENTRY org.eclipse.jdt.junit.core 4 4 2021-01-18 16:12:13.408
!MESSAGE Error
!STACK 0
java.lang.Exception: Unexpected TestElement type for testId '17': TestSuite: | karthick123 | 12131415 | : Completed - OK (5)
	at org.eclipse.jdt.internal.junit.model.TestRunSession$TestSessionNotifier.logUnexpectedTest(TestRunSession.java:801)
	at org.eclipse.jdt.internal.junit.model.TestRunSession$TestSessionNotifier.testEnded(TestRunSession.java:738)
	at org.eclipse.jdt.internal.junit.model.RemoteTestRunnerClient$4.run(RemoteTestRunnerClient.java:523)
	at org.eclipse.core.runtime.SafeRunner.run(SafeRunner.java:45)
	at org.eclipse.jdt.internal.junit.model.RemoteTestRunnerClient.notifyTestEnded(RemoteTestRunnerClient.java:519)
	at org.eclipse.jdt.internal.junit.model.RemoteTestRunnerClient.access$7(RemoteTestRunnerClient.java:515)
	at org.eclipse.jdt.internal.junit.model.RemoteTestRunnerClient$DefaultProcessingState.readMessage(RemoteTestRunnerClient.java:96)
	at org.eclipse.jdt.internal.junit.model.RemoteTestRunnerClient.receiveMessage(RemoteTestRunnerClient.java:378)
	at org.eclipse.jdt.internal.junit.model.RemoteTestRunnerClient.access$27(RemoteTestRunnerClient.java:377)
	at org.eclipse.jdt.internal.junit.model.RemoteTestRunnerClient$ServerConnection.run(RemoteTestRunnerClient.java:273)

!ENTRY org.eclipse.jdt.junit.core 4 4 2021-01-18 16:12:13.434
!MESSAGE Error
!STACK 0
java.lang.Exception: Unexpected TestElement type for testId '23': TestSuite: Scenario: Verify the user is able to Search Hotel Page. : Not Started - Undefined (10)
	at org.eclipse.jdt.internal.junit.model.TestRunSession$TestSessionNotifier.logUnexpectedTest(TestRunSession.java:801)
	at org.eclipse.jdt.internal.junit.model.TestRunSession$TestSessionNotifier.testStarted(TestRunSession.java:708)
	at org.eclipse.jdt.internal.junit.model.RemoteTestRunnerClient$5.run(RemoteTestRunnerClient.java:537)
	at org.eclipse.core.runtime.SafeRunner.run(SafeRunner.java:45)
	at org.eclipse.jdt.internal.junit.model.RemoteTestRunnerClient.notifyTestStarted(RemoteTestRunnerClient.java:533)
	at org.eclipse.jdt.internal.junit.model.RemoteTestRunnerClient.access$6(RemoteTestRunnerClient.java:529)
	at org.eclipse.jdt.internal.junit.model.RemoteTestRunnerClient$DefaultProcessingState.readMessage(RemoteTestRunnerClient.java:92)
	at org.eclipse.jdt.internal.junit.model.RemoteTestRunnerClient.receiveMessage(RemoteTestRunnerClient.java:378)
	at org.eclipse.jdt.internal.junit.model.RemoteTestRunnerClient.access$27(RemoteTestRunnerClient.java:377)
	at org.eclipse.jdt.internal.junit.model.RemoteTestRunnerClient$ServerConnection.run(RemoteTestRunnerClient.java:273)

!ENTRY org.eclipse.jdt.junit.core 4 4 2021-01-18 16:12:16.905
!MESSAGE Error
!STACK 0
java.lang.Exception: Unexpected TestElement type for testId '23': TestSuite: Scenario: Verify the user is able to Search Hotel Page. : Completed - OK (10)
	at org.eclipse.jdt.internal.junit.model.TestRunSession$TestSessionNotifier.logUnexpectedTest(TestRunSession.java:801)
	at org.eclipse.jdt.internal.junit.model.TestRunSession$TestSessionNotifier.testEnded(TestRunSession.java:738)
	at org.eclipse.jdt.internal.junit.model.RemoteTestRunnerClient$4.run(RemoteTestRunnerClient.java:523)
	at org.eclipse.core.runtime.SafeRunner.run(SafeRunner.java:45)
	at org.eclipse.jdt.internal.junit.model.RemoteTestRunnerClient.notifyTestEnded(RemoteTestRunnerClient.java:519)
	at org.eclipse.jdt.internal.junit.model.RemoteTestRunnerClient.access$7(RemoteTestRunnerClient.java:515)
	at org.eclipse.jdt.internal.junit.model.RemoteTestRunnerClient$DefaultProcessingState.readMessage(RemoteTestRunnerClient.java:96)
	at org.eclipse.jdt.internal.junit.model.RemoteTestRunnerClient.receiveMessage(RemoteTestRunnerClient.java:378)
	at org.eclipse.jdt.internal.junit.model.RemoteTestRunnerClient.access$27(RemoteTestRunnerClient.java:377)
	at org.eclipse.jdt.internal.junit.model.RemoteTestRunnerClient$ServerConnection.run(RemoteTestRunnerClient.java:273)

!ENTRY org.eclipse.jdt.junit.core 4 4 2021-01-18 16:12:16.923
!MESSAGE Error
!STACK 0
java.lang.Exception: Unexpected TestElement type for testId '34': TestSuite: Scenario: Verify the user is able to Select Hotel Page. : Not Started - Undefined (3)
	at org.eclipse.jdt.internal.junit.model.TestRunSession$TestSessionNotifier.logUnexpectedTest(TestRunSession.java:801)
	at org.eclipse.jdt.internal.junit.model.TestRunSession$TestSessionNotifier.testStarted(TestRunSession.java:708)
	at org.eclipse.jdt.internal.junit.model.RemoteTestRunnerClient$5.run(RemoteTestRunnerClient.java:537)
	at org.eclipse.core.runtime.SafeRunner.run(SafeRunner.java:45)
	at org.eclipse.jdt.internal.junit.model.RemoteTestRunnerClient.notifyTestStarted(RemoteTestRunnerClient.java:533)
	at org.eclipse.jdt.internal.junit.model.RemoteTestRunnerClient.access$6(RemoteTestRunnerClient.java:529)
	at org.eclipse.jdt.internal.junit.model.RemoteTestRunnerClient$DefaultProcessingState.readMessage(RemoteTestRunnerClient.java:92)
	at org.eclipse.jdt.internal.junit.model.RemoteTestRunnerClient.receiveMessage(RemoteTestRunnerClient.java:378)
	at org.eclipse.jdt.internal.junit.model.RemoteTestRunnerClient.access$27(RemoteTestRunnerClient.java:377)
	at org.eclipse.jdt.internal.junit.model.RemoteTestRunnerClient$ServerConnection.run(RemoteTestRunnerClient.java:273)

!ENTRY org.eclipse.jdt.junit.core 4 4 2021-01-18 16:12:18.243
!MESSAGE Error
!STACK 0
java.lang.Exception: Unexpected TestElement type for testId '34': TestSuite: Scenario: Verify the user is able to Select Hotel Page. : Completed - OK (3)
	at org.eclipse.jdt.internal.junit.model.TestRunSession$TestSessionNotifier.logUnexpectedTest(TestRunSession.java:801)
	at org.eclipse.jdt.internal.junit.model.TestRunSession$TestSessionNotifier.testEnded(TestRunSession.java:738)
	at org.eclipse.jdt.internal.junit.model.RemoteTestRunnerClient$4.run(RemoteTestRunnerClient.java:523)
	at org.eclipse.core.runtime.SafeRunner.run(SafeRunner.java:45)
	at org.eclipse.jdt.internal.junit.model.RemoteTestRunnerClient.notifyTestEnded(RemoteTestRunnerClient.java:519)
	at org.eclipse.jdt.internal.junit.model.RemoteTestRunnerClient.access$7(RemoteTestRunnerClient.java:515)
	at org.eclipse.jdt.internal.junit.model.RemoteTestRunnerClient$DefaultProcessingState.readMessage(RemoteTestRunnerClient.java:96)
	at org.eclipse.jdt.internal.junit.model.RemoteTestRunnerClient.receiveMessage(RemoteTestRunnerClient.java:378)
	at org.eclipse.jdt.internal.junit.model.RemoteTestRunnerClient.access$27(RemoteTestRunnerClient.java:377)
	at org.eclipse.jdt.internal.junit.model.RemoteTestRunnerClient$ServerConnection.run(RemoteTestRunnerClient.java:273)

!ENTRY org.eclipse.jdt.junit.core 4 4 2021-01-18 16:12:18.294
!MESSAGE Error
!STACK 0
java.lang.Exception: Unexpected TestElement type for testId '38': TestSuite: Scenario: Verify the user is able to Book Now Page. : Not Started - Undefined (10)
	at org.eclipse.jdt.internal.junit.model.TestRunSession$TestSessionNotifier.logUnexpectedTest(TestRunSession.java:801)
	at org.eclipse.jdt.internal.junit.model.TestRunSession$TestSessionNotifier.testStarted(TestRunSession.java:708)
	at org.eclipse.jdt.internal.junit.model.RemoteTestRunnerClient$5.run(RemoteTestRunnerClient.java:537)
	at org.eclipse.core.runtime.SafeRunner.run(SafeRunner.java:45)
	at org.eclipse.jdt.internal.junit.model.RemoteTestRunnerClient.notifyTestStarted(RemoteTestRunnerClient.java:533)
	at org.eclipse.jdt.internal.junit.model.RemoteTestRunnerClient.access$6(RemoteTestRunnerClient.java:529)
	at org.eclipse.jdt.internal.junit.model.RemoteTestRunnerClient$DefaultProcessingState.readMessage(RemoteTestRunnerClient.java:92)
	at org.eclipse.jdt.internal.junit.model.RemoteTestRunnerClient.receiveMessage(RemoteTestRunnerClient.java:378)
	at org.eclipse.jdt.internal.junit.model.RemoteTestRunnerClient.access$27(RemoteTestRunnerClient.java:377)
	at org.eclipse.jdt.internal.junit.model.RemoteTestRunnerClient$ServerConnection.run(RemoteTestRunnerClient.java:273)

!ENTRY org.eclipse.jdt.junit.core 4 4 2021-01-18 16:12:20.256
!MESSAGE Error
!STACK 0
java.lang.Exception: Unexpected TestElement type for testId '38': TestSuite: Scenario: Verify the user is able to Book Now Page. : Completed - OK (10)
	at org.eclipse.jdt.internal.junit.model.TestRunSession$TestSessionNotifier.logUnexpectedTest(TestRunSession.java:801)
	at org.eclipse.jdt.internal.junit.model.TestRunSession$TestSessionNotifier.testEnded(TestRunSession.java:738)
	at org.eclipse.jdt.internal.junit.model.RemoteTestRunnerClient$4.run(RemoteTestRunnerClient.java:523)
	at org.eclipse.core.runtime.SafeRunner.run(SafeRunner.java:45)
	at org.eclipse.jdt.internal.junit.model.RemoteTestRunnerClient.notifyTestEnded(RemoteTestRunnerClient.java:519)
	at org.eclipse.jdt.internal.junit.model.RemoteTestRunnerClient.access$7(RemoteTestRunnerClient.java:515)
	at org.eclipse.jdt.internal.junit.model.RemoteTestRunnerClient$DefaultProcessingState.readMessage(RemoteTestRunnerClient.java:96)
	at org.eclipse.jdt.internal.junit.model.RemoteTestRunnerClient.receiveMessage(RemoteTestRunnerClient.java:378)
	at org.eclipse.jdt.internal.junit.model.RemoteTestRunnerClient.access$27(RemoteTestRunnerClient.java:377)
	at org.eclipse.jdt.internal.junit.model.RemoteTestRunnerClient$ServerConnection.run(RemoteTestRunnerClient.java:273)

!ENTRY org.eclipse.jdt.junit.core 4 4 2021-01-18 16:12:20.322
!MESSAGE Error
!STACK 0
java.lang.Exception: Unexpected TestElement type for testId '49': TestSuite: Scenario: Verify the user is able to Book Confirmation Page. : Not Started - Undefined (1)
	at org.eclipse.jdt.internal.junit.model.TestRunSession$TestSessionNotifier.logUnexpectedTest(TestRunSession.java:801)
	at org.eclipse.jdt.internal.junit.model.TestRunSession$TestSessionNotifier.testStarted(TestRunSession.java:708)
	at org.eclipse.jdt.internal.junit.model.RemoteTestRunnerClient$5.run(RemoteTestRunnerClient.java:537)
	at org.eclipse.core.runtime.SafeRunner.run(SafeRunner.java:45)
	at org.eclipse.jdt.internal.junit.model.RemoteTestRunnerClient.notifyTestStarted(RemoteTestRunnerClient.java:533)
	at org.eclipse.jdt.internal.junit.model.RemoteTestRunnerClient.access$6(RemoteTestRunnerClient.java:529)
	at org.eclipse.jdt.internal.junit.model.RemoteTestRunnerClient$DefaultProcessingState.readMessage(RemoteTestRunnerClient.java:92)
	at org.eclipse.jdt.internal.junit.model.RemoteTestRunnerClient.receiveMessage(RemoteTestRunnerClient.java:378)
	at org.eclipse.jdt.internal.junit.model.RemoteTestRunnerClient.access$27(RemoteTestRunnerClient.java:377)
	at org.eclipse.jdt.internal.junit.model.RemoteTestRunnerClient$ServerConnection.run(RemoteTestRunnerClient.java:273)

!ENTRY org.eclipse.jdt.junit.core 4 4 2021-01-18 16:12:27.930
!MESSAGE Error
!STACK 0
java.lang.Exception: Unexpected TestElement type for testId '49': TestSuite: Scenario: Verify the user is able to Book Confirmation Page. : Completed - OK (1)
	at org.eclipse.jdt.internal.junit.model.TestRunSession$TestSessionNotifier.logUnexpectedTest(TestRunSession.java:801)
	at org.eclipse.jdt.internal.junit.model.TestRunSession$TestSessionNotifier.testEnded(TestRunSession.java:738)
	at org.eclipse.jdt.internal.junit.model.RemoteTestRunnerClient$4.run(RemoteTestRunnerClient.java:523)
	at org.eclipse.core.runtime.SafeRunner.run(SafeRunner.java:45)
	at org.eclipse.jdt.internal.junit.model.RemoteTestRunnerClient.notifyTestEnded(RemoteTestRunnerClient.java:519)
	at org.eclipse.jdt.internal.junit.model.RemoteTestRunnerClient.access$7(RemoteTestRunnerClient.java:515)
	at org.eclipse.jdt.internal.junit.model.RemoteTestRunnerClient$DefaultProcessingState.readMessage(RemoteTestRunnerClient.java:96)
	at org.eclipse.jdt.internal.junit.model.RemoteTestRunnerClient.receiveMessage(RemoteTestRunnerClient.java:378)
	at org.eclipse.jdt.internal.junit.model.RemoteTestRunnerClient.access$27(RemoteTestRunnerClient.java:377)
	at org.eclipse.jdt.internal.junit.model.RemoteTestRunnerClient$ServerConnection.run(RemoteTestRunnerClient.java:273)

!ENTRY org.eclipse.jdt.junit.core 4 4 2021-01-18 16:22:42.564
!MESSAGE Error
!STACK 0
java.lang.Exception: Unexpected TestElement type for testId '5': TestSuite: | AAA | 111 | : Not Started - Undefined (5)
	at org.eclipse.jdt.internal.junit.model.TestRunSession$TestSessionNotifier.logUnexpectedTest(TestRunSession.java:801)
	at org.eclipse.jdt.internal.junit.model.TestRunSession$TestSessionNotifier.testStarted(TestRunSession.java:708)
	at org.eclipse.jdt.internal.junit.model.RemoteTestRunnerClient$5.run(RemoteTestRunnerClient.java:537)
	at org.eclipse.core.runtime.SafeRunner.run(SafeRunner.java:45)
	at org.eclipse.jdt.internal.junit.model.RemoteTestRunnerClient.notifyTestStarted(RemoteTestRunnerClient.java:533)
	at org.eclipse.jdt.internal.junit.model.RemoteTestRunnerClient.access$6(RemoteTestRunnerClient.java:529)
	at org.eclipse.jdt.internal.junit.model.RemoteTestRunnerClient$DefaultProcessingState.readMessage(RemoteTestRunnerClient.java:92)
	at org.eclipse.jdt.internal.junit.model.RemoteTestRunnerClient.receiveMessage(RemoteTestRunnerClient.java:378)
	at org.eclipse.jdt.internal.junit.model.RemoteTestRunnerClient.access$27(RemoteTestRunnerClient.java:377)
	at org.eclipse.jdt.internal.junit.model.RemoteTestRunnerClient$ServerConnection.run(RemoteTestRunnerClient.java:273)

!ENTRY org.eclipse.jdt.junit.core 4 4 2021-01-18 16:22:52.685
!MESSAGE Error
!STACK 0
java.lang.Exception: Unexpected TestElement type for testId '5': TestSuite: | AAA | 111 | : Completed - OK (5)
	at org.eclipse.jdt.internal.junit.model.TestRunSession$TestSessionNotifier.logUnexpectedTest(TestRunSession.java:801)
	at org.eclipse.jdt.internal.junit.model.TestRunSession$TestSessionNotifier.testEnded(TestRunSession.java:738)
	at org.eclipse.jdt.internal.junit.model.RemoteTestRunnerClient$4.run(RemoteTestRunnerClient.java:523)
	at org.eclipse.core.runtime.SafeRunner.run(SafeRunner.java:45)
	at org.eclipse.jdt.internal.junit.model.RemoteTestRunnerClient.notifyTestEnded(RemoteTestRunnerClient.java:519)
	at org.eclipse.jdt.internal.junit.model.RemoteTestRunnerClient.access$7(RemoteTestRunnerClient.java:515)
	at org.eclipse.jdt.internal.junit.model.RemoteTestRunnerClient$DefaultProcessingState.readMessage(RemoteTestRunnerClient.java:96)
	at org.eclipse.jdt.internal.junit.model.RemoteTestRunnerClient.receiveMessage(RemoteTestRunnerClient.java:378)
	at org.eclipse.jdt.internal.junit.model.RemoteTestRunnerClient.access$27(RemoteTestRunnerClient.java:377)
	at org.eclipse.jdt.internal.junit.model.RemoteTestRunnerClient$ServerConnection.run(RemoteTestRunnerClient.java:273)

!ENTRY org.eclipse.jdt.junit.core 4 4 2021-01-18 16:22:52.704
!MESSAGE Error
!STACK 0
java.lang.Exception: Unexpected TestElement type for testId '11': TestSuite: | BBB | 222 | : Not Started - Undefined (5)
	at org.eclipse.jdt.internal.junit.model.TestRunSession$TestSessionNotifier.logUnexpectedTest(TestRunSession.java:801)
	at org.eclipse.jdt.internal.junit.model.TestRunSession$TestSessionNotifier.testStarted(TestRunSession.java:708)
	at org.eclipse.jdt.internal.junit.model.RemoteTestRunnerClient$5.run(RemoteTestRunnerClient.java:537)
	at org.eclipse.core.runtime.SafeRunner.run(SafeRunner.java:45)
	at org.eclipse.jdt.internal.junit.model.RemoteTestRunnerClient.notifyTestStarted(RemoteTestRunnerClient.java:533)
	at org.eclipse.jdt.internal.junit.model.RemoteTestRunnerClient.access$6(RemoteTestRunnerClient.java:529)
	at org.eclipse.jdt.internal.junit.model.RemoteTestRunnerClient$DefaultProcessingState.readMessage(RemoteTestRunnerClient.java:92)
	at org.eclipse.jdt.internal.junit.model.RemoteTestRunnerClient.receiveMessage(RemoteTestRunnerClient.java:378)
	at org.eclipse.jdt.internal.junit.model.RemoteTestRunnerClient.access$27(RemoteTestRunnerClient.java:377)
	at org.eclipse.jdt.internal.junit.model.RemoteTestRunnerClient$ServerConnection.run(RemoteTestRunnerClient.java:273)

!ENTRY org.eclipse.jdt.junit.core 4 4 2021-01-18 16:22:54.599
!MESSAGE Error
!STACK 0
java.lang.Exception: Unexpected TestElement type for testId '11': TestSuite: | BBB | 222 | : Completed - OK (5)
	at org.eclipse.jdt.internal.junit.model.TestRunSession$TestSessionNotifier.logUnexpectedTest(TestRunSession.java:801)
	at org.eclipse.jdt.internal.junit.model.TestRunSession$TestSessionNotifier.testEnded(TestRunSession.java:738)
	at org.eclipse.jdt.internal.junit.model.RemoteTestRunnerClient$4.run(RemoteTestRunnerClient.java:523)
	at org.eclipse.core.runtime.SafeRunner.run(SafeRunner.java:45)
	at org.eclipse.jdt.internal.junit.model.RemoteTestRunnerClient.notifyTestEnded(RemoteTestRunnerClient.java:519)
	at org.eclipse.jdt.internal.junit.model.RemoteTestRunnerClient.access$7(RemoteTestRunnerClient.java:515)
	at org.eclipse.jdt.internal.junit.model.RemoteTestRunnerClient$DefaultProcessingState.readMessage(RemoteTestRunnerClient.java:96)
	at org.eclipse.jdt.internal.junit.model.RemoteTestRunnerClient.receiveMessage(RemoteTestRunnerClient.java:378)
	at org.eclipse.jdt.internal.junit.model.RemoteTestRunnerClient.access$27(RemoteTestRunnerClient.java:377)
	at org.eclipse.jdt.internal.junit.model.RemoteTestRunnerClient$ServerConnection.run(RemoteTestRunnerClient.java:273)

!ENTRY org.eclipse.jdt.junit.core 4 4 2021-01-18 16:22:54.616
!MESSAGE Error
!STACK 0
java.lang.Exception: Unexpected TestElement type for testId '17': TestSuite: | karthick123 | 12131415 | : Not Started - Undefined (5)
	at org.eclipse.jdt.internal.junit.model.TestRunSession$TestSessionNotifier.logUnexpectedTest(TestRunSession.java:801)
	at org.eclipse.jdt.internal.junit.model.TestRunSession$TestSessionNotifier.testStarted(TestRunSession.java:708)
	at org.eclipse.jdt.internal.junit.model.RemoteTestRunnerClient$5.run(RemoteTestRunnerClient.java:537)
	at org.eclipse.core.runtime.SafeRunner.run(SafeRunner.java:45)
	at org.eclipse.jdt.internal.junit.model.RemoteTestRunnerClient.notifyTestStarted(RemoteTestRunnerClient.java:533)
	at org.eclipse.jdt.internal.junit.model.RemoteTestRunnerClient.access$6(RemoteTestRunnerClient.java:529)
	at org.eclipse.jdt.internal.junit.model.RemoteTestRunnerClient$DefaultProcessingState.readMessage(RemoteTestRunnerClient.java:92)
	at org.eclipse.jdt.internal.junit.model.RemoteTestRunnerClient.receiveMessage(RemoteTestRunnerClient.java:378)
	at org.eclipse.jdt.internal.junit.model.RemoteTestRunnerClient.access$27(RemoteTestRunnerClient.java:377)
	at org.eclipse.jdt.internal.junit.model.RemoteTestRunnerClient$ServerConnection.run(RemoteTestRunnerClient.java:273)

!ENTRY org.eclipse.jdt.junit.core 4 4 2021-01-18 16:22:57.104
!MESSAGE Error
!STACK 0
java.lang.Exception: Unexpected TestElement type for testId '17': TestSuite: | karthick123 | 12131415 | : Completed - OK (5)
	at org.eclipse.jdt.internal.junit.model.TestRunSession$TestSessionNotifier.logUnexpectedTest(TestRunSession.java:801)
	at org.eclipse.jdt.internal.junit.model.TestRunSession$TestSessionNotifier.testEnded(TestRunSession.java:738)
	at org.eclipse.jdt.internal.junit.model.RemoteTestRunnerClient$4.run(RemoteTestRunnerClient.java:523)
	at org.eclipse.core.runtime.SafeRunner.run(SafeRunner.java:45)
	at org.eclipse.jdt.internal.junit.model.RemoteTestRunnerClient.notifyTestEnded(RemoteTestRunnerClient.java:519)
	at org.eclipse.jdt.internal.junit.model.RemoteTestRunnerClient.access$7(RemoteTestRunnerClient.java:515)
	at org.eclipse.jdt.internal.junit.model.RemoteTestRunnerClient$DefaultProcessingState.readMessage(RemoteTestRunnerClient.java:96)
	at org.eclipse.jdt.internal.junit.model.RemoteTestRunnerClient.receiveMessage(RemoteTestRunnerClient.java:378)
	at org.eclipse.jdt.internal.junit.model.RemoteTestRunnerClient.access$27(RemoteTestRunnerClient.java:377)
	at org.eclipse.jdt.internal.junit.model.RemoteTestRunnerClient$ServerConnection.run(RemoteTestRunnerClient.java:273)

!ENTRY org.eclipse.jdt.junit.core 4 4 2021-01-18 16:22:57.124
!MESSAGE Error
!STACK 0
java.lang.Exception: Unexpected TestElement type for testId '23': TestSuite: Scenario: Verify the user is able to Search Hotel Page. : Not Started - Undefined (10)
	at org.eclipse.jdt.internal.junit.model.TestRunSession$TestSessionNotifier.logUnexpectedTest(TestRunSession.java:801)
	at org.eclipse.jdt.internal.junit.model.TestRunSession$TestSessionNotifier.testStarted(TestRunSession.java:708)
	at org.eclipse.jdt.internal.junit.model.RemoteTestRunnerClient$5.run(RemoteTestRunnerClient.java:537)
	at org.eclipse.core.runtime.SafeRunner.run(SafeRunner.java:45)
	at org.eclipse.jdt.internal.junit.model.RemoteTestRunnerClient.notifyTestStarted(RemoteTestRunnerClient.java:533)
	at org.eclipse.jdt.internal.junit.model.RemoteTestRunnerClient.access$6(RemoteTestRunnerClient.java:529)
	at org.eclipse.jdt.internal.junit.model.RemoteTestRunnerClient$DefaultProcessingState.readMessage(RemoteTestRunnerClient.java:92)
	at org.eclipse.jdt.internal.junit.model.RemoteTestRunnerClient.receiveMessage(RemoteTestRunnerClient.java:378)
	at org.eclipse.jdt.internal.junit.model.RemoteTestRunnerClient.access$27(RemoteTestRunnerClient.java:377)
	at org.eclipse.jdt.internal.junit.model.RemoteTestRunnerClient$ServerConnection.run(RemoteTestRunnerClient.java:273)

!ENTRY org.eclipse.jdt.junit.core 4 4 2021-01-18 16:23:00.913
!MESSAGE Error
!STACK 0
java.lang.Exception: Unexpected TestElement type for testId '23': TestSuite: Scenario: Verify the user is able to Search Hotel Page. : Completed - OK (10)
	at org.eclipse.jdt.internal.junit.model.TestRunSession$TestSessionNotifier.logUnexpectedTest(TestRunSession.java:801)
	at org.eclipse.jdt.internal.junit.model.TestRunSession$TestSessionNotifier.testEnded(TestRunSession.java:738)
	at org.eclipse.jdt.internal.junit.model.RemoteTestRunnerClient$4.run(RemoteTestRunnerClient.java:523)
	at org.eclipse.core.runtime.SafeRunner.run(SafeRunner.java:45)
	at org.eclipse.jdt.internal.junit.model.RemoteTestRunnerClient.notifyTestEnded(RemoteTestRunnerClient.java:519)
	at org.eclipse.jdt.internal.junit.model.RemoteTestRunnerClient.access$7(RemoteTestRunnerClient.java:515)
	at org.eclipse.jdt.internal.junit.model.RemoteTestRunnerClient$DefaultProcessingState.readMessage(RemoteTestRunnerClient.java:96)
	at org.eclipse.jdt.internal.junit.model.RemoteTestRunnerClient.receiveMessage(RemoteTestRunnerClient.java:378)
	at org.eclipse.jdt.internal.junit.model.RemoteTestRunnerClient.access$27(RemoteTestRunnerClient.java:377)
	at org.eclipse.jdt.internal.junit.model.RemoteTestRunnerClient$ServerConnection.run(RemoteTestRunnerClient.java:273)

!ENTRY org.eclipse.jdt.junit.core 4 4 2021-01-18 16:23:00.929
!MESSAGE Error
!STACK 0
java.lang.Exception: Unexpected TestElement type for testId '34': TestSuite: Scenario: Verify the user is able to Select Hotel Page. : Not Started - Undefined (3)
	at org.eclipse.jdt.internal.junit.model.TestRunSession$TestSessionNotifier.logUnexpectedTest(TestRunSession.java:801)
	at org.eclipse.jdt.internal.junit.model.TestRunSession$TestSessionNotifier.testStarted(TestRunSession.java:708)
	at org.eclipse.jdt.internal.junit.model.RemoteTestRunnerClient$5.run(RemoteTestRunnerClient.java:537)
	at org.eclipse.core.runtime.SafeRunner.run(SafeRunner.java:45)
	at org.eclipse.jdt.internal.junit.model.RemoteTestRunnerClient.notifyTestStarted(RemoteTestRunnerClient.java:533)
	at org.eclipse.jdt.internal.junit.model.RemoteTestRunnerClient.access$6(RemoteTestRunnerClient.java:529)
	at org.eclipse.jdt.internal.junit.model.RemoteTestRunnerClient$DefaultProcessingState.readMessage(RemoteTestRunnerClient.java:92)
	at org.eclipse.jdt.internal.junit.model.RemoteTestRunnerClient.receiveMessage(RemoteTestRunnerClient.java:378)
	at org.eclipse.jdt.internal.junit.model.RemoteTestRunnerClient.access$27(RemoteTestRunnerClient.java:377)
	at org.eclipse.jdt.internal.junit.model.RemoteTestRunnerClient$ServerConnection.run(RemoteTestRunnerClient.java:273)

!ENTRY org.eclipse.jdt.junit.core 4 4 2021-01-18 16:23:02.099
!MESSAGE Error
!STACK 0
java.lang.Exception: Unexpected TestElement type for testId '34': TestSuite: Scenario: Verify the user is able to Select Hotel Page. : Completed - OK (3)
	at org.eclipse.jdt.internal.junit.model.TestRunSession$TestSessionNotifier.logUnexpectedTest(TestRunSession.java:801)
	at org.eclipse.jdt.internal.junit.model.TestRunSession$TestSessionNotifier.testEnded(TestRunSession.java:738)
	at org.eclipse.jdt.internal.junit.model.RemoteTestRunnerClient$4.run(RemoteTestRunnerClient.java:523)
	at org.eclipse.core.runtime.SafeRunner.run(SafeRunner.java:45)
	at org.eclipse.jdt.internal.junit.model.RemoteTestRunnerClient.notifyTestEnded(RemoteTestRunnerClient.java:519)
	at org.eclipse.jdt.internal.junit.model.RemoteTestRunnerClient.access$7(RemoteTestRunnerClient.java:515)
	at org.eclipse.jdt.internal.junit.model.RemoteTestRunnerClient$DefaultProcessingState.readMessage(RemoteTestRunnerClient.java:96)
	at org.eclipse.jdt.internal.junit.model.RemoteTestRunnerClient.receiveMessage(RemoteTestRunnerClient.java:378)
	at org.eclipse.jdt.internal.junit.model.RemoteTestRunnerClient.access$27(RemoteTestRunnerClient.java:377)
	at org.eclipse.jdt.internal.junit.model.RemoteTestRunnerClient$ServerConnection.run(RemoteTestRunnerClient.java:273)

!ENTRY org.eclipse.jdt.junit.core 4 4 2021-01-18 16:23:02.162
!MESSAGE Error
!STACK 0
java.lang.Exception: Unexpected TestElement type for testId '38': TestSuite: Scenario: Verify the user is able to Book Now Page. : Not Started - Undefined (10)
	at org.eclipse.jdt.internal.junit.model.TestRunSession$TestSessionNotifier.logUnexpectedTest(TestRunSession.java:801)
	at org.eclipse.jdt.internal.junit.model.TestRunSession$TestSessionNotifier.testStarted(TestRunSession.java:708)
	at org.eclipse.jdt.internal.junit.model.RemoteTestRunnerClient$5.run(RemoteTestRunnerClient.java:537)
	at org.eclipse.core.runtime.SafeRunner.run(SafeRunner.java:45)
	at org.eclipse.jdt.internal.junit.model.RemoteTestRunnerClient.notifyTestStarted(RemoteTestRunnerClient.java:533)
	at org.eclipse.jdt.internal.junit.model.RemoteTestRunnerClient.access$6(RemoteTestRunnerClient.java:529)
	at org.eclipse.jdt.internal.junit.model.RemoteTestRunnerClient$DefaultProcessingState.readMessage(RemoteTestRunnerClient.java:92)
	at org.eclipse.jdt.internal.junit.model.RemoteTestRunnerClient.receiveMessage(RemoteTestRunnerClient.java:378)
	at org.eclipse.jdt.internal.junit.model.RemoteTestRunnerClient.access$27(RemoteTestRunnerClient.java:377)
	at org.eclipse.jdt.internal.junit.model.RemoteTestRunnerClient$ServerConnection.run(RemoteTestRunnerClient.java:273)

!ENTRY org.eclipse.jdt.junit.core 4 4 2021-01-18 16:23:04.715
!MESSAGE Error
!STACK 0
java.lang.Exception: Unexpected TestElement type for testId '38': TestSuite: Scenario: Verify the user is able to Book Now Page. : Completed - OK (10)
	at org.eclipse.jdt.internal.junit.model.TestRunSession$TestSessionNotifier.logUnexpectedTest(TestRunSession.java:801)
	at org.eclipse.jdt.internal.junit.model.TestRunSession$TestSessionNotifier.testEnded(TestRunSession.java:738)
	at org.eclipse.jdt.internal.junit.model.RemoteTestRunnerClient$4.run(RemoteTestRunnerClient.java:523)
	at org.eclipse.core.runtime.SafeRunner.run(SafeRunner.java:45)
	at org.eclipse.jdt.internal.junit.model.RemoteTestRunnerClient.notifyTestEnded(RemoteTestRunnerClient.java:519)
	at org.eclipse.jdt.internal.junit.model.RemoteTestRunnerClient.access$7(RemoteTestRunnerClient.java:515)
	at org.eclipse.jdt.internal.junit.model.RemoteTestRunnerClient$DefaultProcessingState.readMessage(RemoteTestRunnerClient.java:96)
	at org.eclipse.jdt.internal.junit.model.RemoteTestRunnerClient.receiveMessage(RemoteTestRunnerClient.java:378)
	at org.eclipse.jdt.internal.junit.model.RemoteTestRunnerClient.access$27(RemoteTestRunnerClient.java:377)
	at org.eclipse.jdt.internal.junit.model.RemoteTestRunnerClient$ServerConnection.run(RemoteTestRunnerClient.java:273)

!ENTRY org.eclipse.jdt.junit.core 4 4 2021-01-18 16:23:04.784
!MESSAGE Error
!STACK 0
java.lang.Exception: Unexpected TestElement type for testId '49': TestSuite: Scenario: Verify the user is able to Book Confirmation Page. : Not Started - Undefined (1)
	at org.eclipse.jdt.internal.junit.model.TestRunSession$TestSessionNotifier.logUnexpectedTest(TestRunSession.java:801)
	at org.eclipse.jdt.internal.junit.model.TestRunSession$TestSessionNotifier.testStarted(TestRunSession.java:708)
	at org.eclipse.jdt.internal.junit.model.RemoteTestRunnerClient$5.run(RemoteTestRunnerClient.java:537)
	at org.eclipse.core.runtime.SafeRunner.run(SafeRunner.java:45)
	at org.eclipse.jdt.internal.junit.model.RemoteTestRunnerClient.notifyTestStarted(RemoteTestRunnerClient.java:533)
	at org.eclipse.jdt.internal.junit.model.RemoteTestRunnerClient.access$6(RemoteTestRunnerClient.java:529)
	at org.eclipse.jdt.internal.junit.model.RemoteTestRunnerClient$DefaultProcessingState.readMessage(RemoteTestRunnerClient.java:92)
	at org.eclipse.jdt.internal.junit.model.RemoteTestRunnerClient.receiveMessage(RemoteTestRunnerClient.java:378)
	at org.eclipse.jdt.internal.junit.model.RemoteTestRunnerClient.access$27(RemoteTestRunnerClient.java:377)
	at org.eclipse.jdt.internal.junit.model.RemoteTestRunnerClient$ServerConnection.run(RemoteTestRunnerClient.java:273)

!ENTRY org.eclipse.jdt.junit.core 4 4 2021-01-18 16:23:12.310
!MESSAGE Error
!STACK 0
java.lang.Exception: Unexpected TestElement type for testId '49': TestSuite: Scenario: Verify the user is able to Book Confirmation Page. : Completed - OK (1)
	at org.eclipse.jdt.internal.junit.model.TestRunSession$TestSessionNotifier.logUnexpectedTest(TestRunSession.java:801)
	at org.eclipse.jdt.internal.junit.model.TestRunSession$TestSessionNotifier.testEnded(TestRunSession.java:738)
	at org.eclipse.jdt.internal.junit.model.RemoteTestRunnerClient$4.run(RemoteTestRunnerClient.java:523)
	at org.eclipse.core.runtime.SafeRunner.run(SafeRunner.java:45)
	at org.eclipse.jdt.internal.junit.model.RemoteTestRunnerClient.notifyTestEnded(RemoteTestRunnerClient.java:519)
	at org.eclipse.jdt.internal.junit.model.RemoteTestRunnerClient.access$7(RemoteTestRunnerClient.java:515)
	at org.eclipse.jdt.internal.junit.model.RemoteTestRunnerClient$DefaultProcessingState.readMessage(RemoteTestRunnerClient.java:96)
	at org.eclipse.jdt.internal.junit.model.RemoteTestRunnerClient.receiveMessage(RemoteTestRunnerClient.java:378)
	at org.eclipse.jdt.internal.junit.model.RemoteTestRunnerClient.access$27(RemoteTestRunnerClient.java:377)
	at org.eclipse.jdt.internal.junit.model.RemoteTestRunnerClient$ServerConnection.run(RemoteTestRunnerClient.java:273)

!ENTRY org.eclipse.jdt.junit.core 4 4 2021-01-18 16:27:00.996
!MESSAGE Error
!STACK 0
java.lang.Exception: Unexpected TestElement type for testId '5': TestSuite: | AAA | 111 | : Not Started - Undefined (5)
	at org.eclipse.jdt.internal.junit.model.TestRunSession$TestSessionNotifier.logUnexpectedTest(TestRunSession.java:801)
	at org.eclipse.jdt.internal.junit.model.TestRunSession$TestSessionNotifier.testStarted(TestRunSession.java:708)
	at org.eclipse.jdt.internal.junit.model.RemoteTestRunnerClient$5.run(RemoteTestRunnerClient.java:537)
	at org.eclipse.core.runtime.SafeRunner.run(SafeRunner.java:45)
	at org.eclipse.jdt.internal.junit.model.RemoteTestRunnerClient.notifyTestStarted(RemoteTestRunnerClient.java:533)
	at org.eclipse.jdt.internal.junit.model.RemoteTestRunnerClient.access$6(RemoteTestRunnerClient.java:529)
	at org.eclipse.jdt.internal.junit.model.RemoteTestRunnerClient$DefaultProcessingState.readMessage(RemoteTestRunnerClient.java:92)
	at org.eclipse.jdt.internal.junit.model.RemoteTestRunnerClient.receiveMessage(RemoteTestRunnerClient.java:378)
	at org.eclipse.jdt.internal.junit.model.RemoteTestRunnerClient.access$27(RemoteTestRunnerClient.java:377)
	at org.eclipse.jdt.internal.junit.model.RemoteTestRunnerClient$ServerConnection.run(RemoteTestRunnerClient.java:273)

!ENTRY org.eclipse.jdt.junit.core 4 4 2021-01-18 16:27:07.515
!MESSAGE Error
!STACK 0
java.lang.Exception: Unexpected TestElement type for testId '5': TestSuite: | AAA | 111 | : Completed - OK (5)
	at org.eclipse.jdt.internal.junit.model.TestRunSession$TestSessionNotifier.logUnexpectedTest(TestRunSession.java:801)
	at org.eclipse.jdt.internal.junit.model.TestRunSession$TestSessionNotifier.testEnded(TestRunSession.java:738)
	at org.eclipse.jdt.internal.junit.model.RemoteTestRunnerClient$4.run(RemoteTestRunnerClient.java:523)
	at org.eclipse.core.runtime.SafeRunner.run(SafeRunner.java:45)
	at org.eclipse.jdt.internal.junit.model.RemoteTestRunnerClient.notifyTestEnded(RemoteTestRunnerClient.java:519)
	at org.eclipse.jdt.internal.junit.model.RemoteTestRunnerClient.access$7(RemoteTestRunnerClient.java:515)
	at org.eclipse.jdt.internal.junit.model.RemoteTestRunnerClient$DefaultProcessingState.readMessage(RemoteTestRunnerClient.java:96)
	at org.eclipse.jdt.internal.junit.model.RemoteTestRunnerClient.receiveMessage(RemoteTestRunnerClient.java:378)
	at org.eclipse.jdt.internal.junit.model.RemoteTestRunnerClient.access$27(RemoteTestRunnerClient.java:377)
	at org.eclipse.jdt.internal.junit.model.RemoteTestRunnerClient$ServerConnection.run(RemoteTestRunnerClient.java:273)

!ENTRY org.eclipse.jdt.junit.core 4 4 2021-01-18 16:27:07.533
!MESSAGE Error
!STACK 0
java.lang.Exception: Unexpected TestElement type for testId '11': TestSuite: | BBB | 222 | : Not Started - Undefined (5)
	at org.eclipse.jdt.internal.junit.model.TestRunSession$TestSessionNotifier.logUnexpectedTest(TestRunSession.java:801)
	at org.eclipse.jdt.internal.junit.model.TestRunSession$TestSessionNotifier.testStarted(TestRunSession.java:708)
	at org.eclipse.jdt.internal.junit.model.RemoteTestRunnerClient$5.run(RemoteTestRunnerClient.java:537)
	at org.eclipse.core.runtime.SafeRunner.run(SafeRunner.java:45)
	at org.eclipse.jdt.internal.junit.model.RemoteTestRunnerClient.notifyTestStarted(RemoteTestRunnerClient.java:533)
	at org.eclipse.jdt.internal.junit.model.RemoteTestRunnerClient.access$6(RemoteTestRunnerClient.java:529)
	at org.eclipse.jdt.internal.junit.model.RemoteTestRunnerClient$DefaultProcessingState.readMessage(RemoteTestRunnerClient.java:92)
	at org.eclipse.jdt.internal.junit.model.RemoteTestRunnerClient.receiveMessage(RemoteTestRunnerClient.java:378)
	at org.eclipse.jdt.internal.junit.model.RemoteTestRunnerClient.access$27(RemoteTestRunnerClient.java:377)
	at org.eclipse.jdt.internal.junit.model.RemoteTestRunnerClient$ServerConnection.run(RemoteTestRunnerClient.java:273)

!ENTRY org.eclipse.jdt.junit.core 4 4 2021-01-18 16:27:09.573
!MESSAGE Error
!STACK 0
java.lang.Exception: Unexpected TestElement type for testId '11': TestSuite: | BBB | 222 | : Completed - OK (5)
	at org.eclipse.jdt.internal.junit.model.TestRunSession$TestSessionNotifier.logUnexpectedTest(TestRunSession.java:801)
	at org.eclipse.jdt.internal.junit.model.TestRunSession$TestSessionNotifier.testEnded(TestRunSession.java:738)
	at org.eclipse.jdt.internal.junit.model.RemoteTestRunnerClient$4.run(RemoteTestRunnerClient.java:523)
	at org.eclipse.core.runtime.SafeRunner.run(SafeRunner.java:45)
	at org.eclipse.jdt.internal.junit.model.RemoteTestRunnerClient.notifyTestEnded(RemoteTestRunnerClient.java:519)
	at org.eclipse.jdt.internal.junit.model.RemoteTestRunnerClient.access$7(RemoteTestRunnerClient.java:515)
	at org.eclipse.jdt.internal.junit.model.RemoteTestRunnerClient$DefaultProcessingState.readMessage(RemoteTestRunnerClient.java:96)
	at org.eclipse.jdt.internal.junit.model.RemoteTestRunnerClient.receiveMessage(RemoteTestRunnerClient.java:378)
	at org.eclipse.jdt.internal.junit.model.RemoteTestRunnerClient.access$27(RemoteTestRunnerClient.java:377)
	at org.eclipse.jdt.internal.junit.model.RemoteTestRunnerClient$ServerConnection.run(RemoteTestRunnerClient.java:273)

!ENTRY org.eclipse.jdt.junit.core 4 4 2021-01-18 16:27:09.591
!MESSAGE Error
!STACK 0
java.lang.Exception: Unexpected TestElement type for testId '17': TestSuite: | karthick123 | 12131415 | : Not Started - Undefined (5)
	at org.eclipse.jdt.internal.junit.model.TestRunSession$TestSessionNotifier.logUnexpectedTest(TestRunSession.java:801)
	at org.eclipse.jdt.internal.junit.model.TestRunSession$TestSessionNotifier.testStarted(TestRunSession.java:708)
	at org.eclipse.jdt.internal.junit.model.RemoteTestRunnerClient$5.run(RemoteTestRunnerClient.java:537)
	at org.eclipse.core.runtime.SafeRunner.run(SafeRunner.java:45)
	at org.eclipse.jdt.internal.junit.model.RemoteTestRunnerClient.notifyTestStarted(RemoteTestRunnerClient.java:533)
	at org.eclipse.jdt.internal.junit.model.RemoteTestRunnerClient.access$6(RemoteTestRunnerClient.java:529)
	at org.eclipse.jdt.internal.junit.model.RemoteTestRunnerClient$DefaultProcessingState.readMessage(RemoteTestRunnerClient.java:92)
	at org.eclipse.jdt.internal.junit.model.RemoteTestRunnerClient.receiveMessage(RemoteTestRunnerClient.java:378)
	at org.eclipse.jdt.internal.junit.model.RemoteTestRunnerClient.access$27(RemoteTestRunnerClient.java:377)
	at org.eclipse.jdt.internal.junit.model.RemoteTestRunnerClient$ServerConnection.run(RemoteTestRunnerClient.java:273)

!ENTRY org.eclipse.jdt.junit.core 4 4 2021-01-18 16:27:12.083
!MESSAGE Error
!STACK 0
java.lang.Exception: Unexpected TestElement type for testId '17': TestSuite: | karthick123 | 12131415 | : Completed - OK (5)
	at org.eclipse.jdt.internal.junit.model.TestRunSession$TestSessionNotifier.logUnexpectedTest(TestRunSession.java:801)
	at org.eclipse.jdt.internal.junit.model.TestRunSession$TestSessionNotifier.testEnded(TestRunSession.java:738)
	at org.eclipse.jdt.internal.junit.model.RemoteTestRunnerClient$4.run(RemoteTestRunnerClient.java:523)
	at org.eclipse.core.runtime.SafeRunner.run(SafeRunner.java:45)
	at org.eclipse.jdt.internal.junit.model.RemoteTestRunnerClient.notifyTestEnded(RemoteTestRunnerClient.java:519)
	at org.eclipse.jdt.internal.junit.model.RemoteTestRunnerClient.access$7(RemoteTestRunnerClient.java:515)
	at org.eclipse.jdt.internal.junit.model.RemoteTestRunnerClient$DefaultProcessingState.readMessage(RemoteTestRunnerClient.java:96)
	at org.eclipse.jdt.internal.junit.model.RemoteTestRunnerClient.receiveMessage(RemoteTestRunnerClient.java:378)
	at org.eclipse.jdt.internal.junit.model.RemoteTestRunnerClient.access$27(RemoteTestRunnerClient.java:377)
	at org.eclipse.jdt.internal.junit.model.RemoteTestRunnerClient$ServerConnection.run(RemoteTestRunnerClient.java:273)

!ENTRY org.eclipse.jdt.junit.core 4 4 2021-01-18 16:27:12.111
!MESSAGE Error
!STACK 0
java.lang.Exception: Unexpected TestElement type for testId '23': TestSuite: Scenario: Verify the user is able to Search Hotel Page. : Not Started - Undefined (10)
	at org.eclipse.jdt.internal.junit.model.TestRunSession$TestSessionNotifier.logUnexpectedTest(TestRunSession.java:801)
	at org.eclipse.jdt.internal.junit.model.TestRunSession$TestSessionNotifier.testStarted(TestRunSession.java:708)
	at org.eclipse.jdt.internal.junit.model.RemoteTestRunnerClient$5.run(RemoteTestRunnerClient.java:537)
	at org.eclipse.core.runtime.SafeRunner.run(SafeRunner.java:45)
	at org.eclipse.jdt.internal.junit.model.RemoteTestRunnerClient.notifyTestStarted(RemoteTestRunnerClient.java:533)
	at org.eclipse.jdt.internal.junit.model.RemoteTestRunnerClient.access$6(RemoteTestRunnerClient.java:529)
	at org.eclipse.jdt.internal.junit.model.RemoteTestRunnerClient$DefaultProcessingState.readMessage(RemoteTestRunnerClient.java:92)
	at org.eclipse.jdt.internal.junit.model.RemoteTestRunnerClient.receiveMessage(RemoteTestRunnerClient.java:378)
	at org.eclipse.jdt.internal.junit.model.RemoteTestRunnerClient.access$27(RemoteTestRunnerClient.java:377)
	at org.eclipse.jdt.internal.junit.model.RemoteTestRunnerClient$ServerConnection.run(RemoteTestRunnerClient.java:273)

!ENTRY org.eclipse.jdt.junit.core 4 4 2021-01-18 16:27:15.487
!MESSAGE Error
!STACK 0
java.lang.Exception: Unexpected TestElement type for testId '23': TestSuite: Scenario: Verify the user is able to Search Hotel Page. : Completed - OK (10)
	at org.eclipse.jdt.internal.junit.model.TestRunSession$TestSessionNotifier.logUnexpectedTest(TestRunSession.java:801)
	at org.eclipse.jdt.internal.junit.model.TestRunSession$TestSessionNotifier.testEnded(TestRunSession.java:738)
	at org.eclipse.jdt.internal.junit.model.RemoteTestRunnerClient$4.run(RemoteTestRunnerClient.java:523)
	at org.eclipse.core.runtime.SafeRunner.run(SafeRunner.java:45)
	at org.eclipse.jdt.internal.junit.model.RemoteTestRunnerClient.notifyTestEnded(RemoteTestRunnerClient.java:519)
	at org.eclipse.jdt.internal.junit.model.RemoteTestRunnerClient.access$7(RemoteTestRunnerClient.java:515)
	at org.eclipse.jdt.internal.junit.model.RemoteTestRunnerClient$DefaultProcessingState.readMessage(RemoteTestRunnerClient.java:96)
	at org.eclipse.jdt.internal.junit.model.RemoteTestRunnerClient.receiveMessage(RemoteTestRunnerClient.java:378)
	at org.eclipse.jdt.internal.junit.model.RemoteTestRunnerClient.access$27(RemoteTestRunnerClient.java:377)
	at org.eclipse.jdt.internal.junit.model.RemoteTestRunnerClient$ServerConnection.run(RemoteTestRunnerClient.java:273)

!ENTRY org.eclipse.jdt.junit.core 4 4 2021-01-18 16:27:15.503
!MESSAGE Error
!STACK 0
java.lang.Exception: Unexpected TestElement type for testId '34': TestSuite: Scenario: Verify the user is able to Select Hotel Page. : Not Started - Undefined (3)
	at org.eclipse.jdt.internal.junit.model.TestRunSession$TestSessionNotifier.logUnexpectedTest(TestRunSession.java:801)
	at org.eclipse.jdt.internal.junit.model.TestRunSession$TestSessionNotifier.testStarted(TestRunSession.java:708)
	at org.eclipse.jdt.internal.junit.model.RemoteTestRunnerClient$5.run(RemoteTestRunnerClient.java:537)
	at org.eclipse.core.runtime.SafeRunner.run(SafeRunner.java:45)
	at org.eclipse.jdt.internal.junit.model.RemoteTestRunnerClient.notifyTestStarted(RemoteTestRunnerClient.java:533)
	at org.eclipse.jdt.internal.junit.model.RemoteTestRunnerClient.access$6(RemoteTestRunnerClient.java:529)
	at org.eclipse.jdt.internal.junit.model.RemoteTestRunnerClient$DefaultProcessingState.readMessage(RemoteTestRunnerClient.java:92)
	at org.eclipse.jdt.internal.junit.model.RemoteTestRunnerClient.receiveMessage(RemoteTestRunnerClient.java:378)
	at org.eclipse.jdt.internal.junit.model.RemoteTestRunnerClient.access$27(RemoteTestRunnerClient.java:377)
	at org.eclipse.jdt.internal.junit.model.RemoteTestRunnerClient$ServerConnection.run(RemoteTestRunnerClient.java:273)

!ENTRY org.eclipse.jdt.junit.core 4 4 2021-01-18 16:27:16.714
!MESSAGE Error
!STACK 0
java.lang.Exception: Unexpected TestElement type for testId '34': TestSuite: Scenario: Verify the user is able to Select Hotel Page. : Completed - OK (3)
	at org.eclipse.jdt.internal.junit.model.TestRunSession$TestSessionNotifier.logUnexpectedTest(TestRunSession.java:801)
	at org.eclipse.jdt.internal.junit.model.TestRunSession$TestSessionNotifier.testEnded(TestRunSession.java:738)
	at org.eclipse.jdt.internal.junit.model.RemoteTestRunnerClient$4.run(RemoteTestRunnerClient.java:523)
	at org.eclipse.core.runtime.SafeRunner.run(SafeRunner.java:45)
	at org.eclipse.jdt.internal.junit.model.RemoteTestRunnerClient.notifyTestEnded(RemoteTestRunnerClient.java:519)
	at org.eclipse.jdt.internal.junit.model.RemoteTestRunnerClient.access$7(RemoteTestRunnerClient.java:515)
	at org.eclipse.jdt.internal.junit.model.RemoteTestRunnerClient$DefaultProcessingState.readMessage(RemoteTestRunnerClient.java:96)
	at org.eclipse.jdt.internal.junit.model.RemoteTestRunnerClient.receiveMessage(RemoteTestRunnerClient.java:378)
	at org.eclipse.jdt.internal.junit.model.RemoteTestRunnerClient.access$27(RemoteTestRunnerClient.java:377)
	at org.eclipse.jdt.internal.junit.model.RemoteTestRunnerClient$ServerConnection.run(RemoteTestRunnerClient.java:273)

!ENTRY org.eclipse.jdt.junit.core 4 4 2021-01-18 16:27:16.789
!MESSAGE Error
!STACK 0
java.lang.Exception: Unexpected TestElement type for testId '38': TestSuite: Scenario: Verify the user is able to Book Now Page. : Not Started - Undefined (10)
	at org.eclipse.jdt.internal.junit.model.TestRunSession$TestSessionNotifier.logUnexpectedTest(TestRunSession.java:801)
	at org.eclipse.jdt.internal.junit.model.TestRunSession$TestSessionNotifier.testStarted(TestRunSession.java:708)
	at org.eclipse.jdt.internal.junit.model.RemoteTestRunnerClient$5.run(RemoteTestRunnerClient.java:537)
	at org.eclipse.core.runtime.SafeRunner.run(SafeRunner.java:45)
	at org.eclipse.jdt.internal.junit.model.RemoteTestRunnerClient.notifyTestStarted(RemoteTestRunnerClient.java:533)
	at org.eclipse.jdt.internal.junit.model.RemoteTestRunnerClient.access$6(RemoteTestRunnerClient.java:529)
	at org.eclipse.jdt.internal.junit.model.RemoteTestRunnerClient$DefaultProcessingState.readMessage(RemoteTestRunnerClient.java:92)
	at org.eclipse.jdt.internal.junit.model.RemoteTestRunnerClient.receiveMessage(RemoteTestRunnerClient.java:378)
	at org.eclipse.jdt.internal.junit.model.RemoteTestRunnerClient.access$27(RemoteTestRunnerClient.java:377)
	at org.eclipse.jdt.internal.junit.model.RemoteTestRunnerClient$ServerConnection.run(RemoteTestRunnerClient.java:273)

!ENTRY org.eclipse.jdt.junit.core 4 4 2021-01-18 16:27:19.874
!MESSAGE Error
!STACK 0
java.lang.Exception: Unexpected TestElement type for testId '38': TestSuite: Scenario: Verify the user is able to Book Now Page. : Completed - OK (10)
	at org.eclipse.jdt.internal.junit.model.TestRunSession$TestSessionNotifier.logUnexpectedTest(TestRunSession.java:801)
	at org.eclipse.jdt.internal.junit.model.TestRunSession$TestSessionNotifier.testEnded(TestRunSession.java:738)
	at org.eclipse.jdt.internal.junit.model.RemoteTestRunnerClient$4.run(RemoteTestRunnerClient.java:523)
	at org.eclipse.core.runtime.SafeRunner.run(SafeRunner.java:45)
	at org.eclipse.jdt.internal.junit.model.RemoteTestRunnerClient.notifyTestEnded(RemoteTestRunnerClient.java:519)
	at org.eclipse.jdt.internal.junit.model.RemoteTestRunnerClient.access$7(RemoteTestRunnerClient.java:515)
	at org.eclipse.jdt.internal.junit.model.RemoteTestRunnerClient$DefaultProcessingState.readMessage(RemoteTestRunnerClient.java:96)
	at org.eclipse.jdt.internal.junit.model.RemoteTestRunnerClient.receiveMessage(RemoteTestRunnerClient.java:378)
	at org.eclipse.jdt.internal.junit.model.RemoteTestRunnerClient.access$27(RemoteTestRunnerClient.java:377)
	at org.eclipse.jdt.internal.junit.model.RemoteTestRunnerClient$ServerConnection.run(RemoteTestRunnerClient.java:273)

!ENTRY org.eclipse.jdt.junit.core 4 4 2021-01-18 16:27:19.971
!MESSAGE Error
!STACK 0
java.lang.Exception: Unexpected TestElement type for testId '49': TestSuite: Scenario: Verify the user is able to Book Confirmation Page. : Not Started - Undefined (1)
	at org.eclipse.jdt.internal.junit.model.TestRunSession$TestSessionNotifier.logUnexpectedTest(TestRunSession.java:801)
	at org.eclipse.jdt.internal.junit.model.TestRunSession$TestSessionNotifier.testStarted(TestRunSession.java:708)
	at org.eclipse.jdt.internal.junit.model.RemoteTestRunnerClient$5.run(RemoteTestRunnerClient.java:537)
	at org.eclipse.core.runtime.SafeRunner.run(SafeRunner.java:45)
	at org.eclipse.jdt.internal.junit.model.RemoteTestRunnerClient.notifyTestStarted(RemoteTestRunnerClient.java:533)
	at org.eclipse.jdt.internal.junit.model.RemoteTestRunnerClient.access$6(RemoteTestRunnerClient.java:529)
	at org.eclipse.jdt.internal.junit.model.RemoteTestRunnerClient$DefaultProcessingState.readMessage(RemoteTestRunnerClient.java:92)
	at org.eclipse.jdt.internal.junit.model.RemoteTestRunnerClient.receiveMessage(RemoteTestRunnerClient.java:378)
	at org.eclipse.jdt.internal.junit.model.RemoteTestRunnerClient.access$27(RemoteTestRunnerClient.java:377)
	at org.eclipse.jdt.internal.junit.model.RemoteTestRunnerClient$ServerConnection.run(RemoteTestRunnerClient.java:273)

!ENTRY org.eclipse.jdt.junit.core 4 4 2021-01-18 16:27:27.650
!MESSAGE Error
!STACK 0
java.lang.Exception: Unexpected TestElement type for testId '49': TestSuite: Scenario: Verify the user is able to Book Confirmation Page. : Completed - OK (1)
	at org.eclipse.jdt.internal.junit.model.TestRunSession$TestSessionNotifier.logUnexpectedTest(TestRunSession.java:801)
	at org.eclipse.jdt.internal.junit.model.TestRunSession$TestSessionNotifier.testEnded(TestRunSession.java:738)
	at org.eclipse.jdt.internal.junit.model.RemoteTestRunnerClient$4.run(RemoteTestRunnerClient.java:523)
	at org.eclipse.core.runtime.SafeRunner.run(SafeRunner.java:45)
	at org.eclipse.jdt.internal.junit.model.RemoteTestRunnerClient.notifyTestEnded(RemoteTestRunnerClient.java:519)
	at org.eclipse.jdt.internal.junit.model.RemoteTestRunnerClient.access$7(RemoteTestRunnerClient.java:515)
	at org.eclipse.jdt.internal.junit.model.RemoteTestRunnerClient$DefaultProcessingState.readMessage(RemoteTestRunnerClient.java:96)
	at org.eclipse.jdt.internal.junit.model.RemoteTestRunnerClient.receiveMessage(RemoteTestRunnerClient.java:378)
	at org.eclipse.jdt.internal.junit.model.RemoteTestRunnerClient.access$27(RemoteTestRunnerClient.java:377)
	at org.eclipse.jdt.internal.junit.model.RemoteTestRunnerClient$ServerConnection.run(RemoteTestRunnerClient.java:273)
!SESSION 2021-01-18 17:03:46.361 -----------------------------------------------
eclipse.buildId=4.17.0.I20200902-1800
java.version=15.0.1
java.vendor=Oracle Corporation
BootLoader constants: OS=win32, ARCH=x86_64, WS=win32, NL=en_US
Framework arguments:  -product org.eclipse.epp.package.java.product
Command-line arguments:  -os win32 -ws win32 -arch x86_64 -product org.eclipse.epp.package.java.product

!ENTRY org.eclipse.core.resources 2 10035 2021-01-18 17:04:14.115
!MESSAGE The workspace exited with unsaved changes in the previous session; refreshing workspace to recover changes.

!ENTRY org.eclipse.jface 2 0 2021-01-18 17:04:39.326
!MESSAGE Keybinding conflicts occurred.  They may interfere with normal accelerator operation.
!SUBENTRY 1 org.eclipse.jface 2 0 2021-01-18 17:04:39.326
!MESSAGE A conflict occurred for CTRL+SHIFT+T:
Binding(CTRL+SHIFT+T,
	ParameterizedCommand(Command(org.eclipse.jdt.ui.navigate.open.type,Open Type,
		Open a type in a Java editor,
		Category(org.eclipse.ui.category.navigate,Navigate,null,true),
		org.eclipse.ui.internal.WorkbenchHandlerServiceHandler@2842c098,
		,,true),null),
	org.eclipse.ui.defaultAcceleratorConfiguration,
	org.eclipse.ui.contexts.window,,,system)
Binding(CTRL+SHIFT+T,
	ParameterizedCommand(Command(org.eclipse.lsp4e.symbolinworkspace,Go to Symbol in Workspace,
		,
		Category(org.eclipse.lsp4e.category,Language Servers,null,true),
		org.eclipse.ui.internal.WorkbenchHandlerServiceHandler@2820b369,
		,,true),null),
	org.eclipse.ui.defaultAcceleratorConfiguration,
	org.eclipse.ui.contexts.window,,,system)

!ENTRY org.eclipse.egit.ui 2 0 2021-01-18 17:05:16.038
!MESSAGE Warning: The environment variable HOME is not set. The following directory will be used to store the Git
user global configuration and to define the default location to store repositories: 'C:\Users\karthick RS'. If this is
not correct please set the HOME environment variable and restart Eclipse. Otherwise Git for Windows and
EGit might behave differently since they see different configuration options.
This warning can be switched off on the Team > Git > Confirmations and Warnings preference page.

!ENTRY org.testng.eclipse 4 4 2021-01-18 17:05:38.178
!MESSAGE Error
!STACK 0
java.util.concurrent.CancellationException
	at org.eclipse.jface.internal.text.codemining.CancellationExceptionMonitor.isCanceled(CancellationExceptionMonitor.java:33)
	at org.testng.eclipse.ui.codemining.TestCodeMiningProvider.processElements(TestCodeMiningProvider.java:79)
	at org.testng.eclipse.ui.codemining.TestCodeMiningProvider.mineForTests(TestCodeMiningProvider.java:66)
	at org.testng.eclipse.ui.codemining.TestCodeMiningProvider.lambda$0(TestCodeMiningProvider.java:39)
	at java.base/java.util.concurrent.CompletableFuture$AsyncSupply.run(CompletableFuture.java:1764)
	at java.base/java.lang.Thread.run(Thread.java:832)

!ENTRY org.eclipse.m2e.logback.appender 2 0 2021-01-18 17:05:53.168
!MESSAGE The artifact info.cukes:cucumber-junit:jar:1.2.6 has been relocated to io.cucumber:cucumber-junit:jar:1.2.6

!ENTRY org.eclipse.m2e.logback.appender 2 0 2021-01-18 17:05:53.183
!MESSAGE The artifact info.cukes:cucumber-java:jar:1.2.6 has been relocated to io.cucumber:cucumber-java:jar:1.2.6

!ENTRY org.eclipse.m2e.logback.appender 2 0 2021-01-18 17:05:53.246
!MESSAGE The artifact info.cukes:cucumber-core:jar:1.2.6 has been relocated to io.cucumber:cucumber-core:jar:1.2.6
!SESSION 2021-01-19 17:09:32.013 -----------------------------------------------
eclipse.buildId=4.17.0.I20200902-1800
java.version=15.0.1
java.vendor=Oracle Corporation
BootLoader constants: OS=win32, ARCH=x86_64, WS=win32, NL=en_US
Framework arguments:  -product org.eclipse.epp.package.java.product
Command-line arguments:  -os win32 -ws win32 -arch x86_64 -product org.eclipse.epp.package.java.product

!ENTRY org.eclipse.jface 2 0 2021-01-19 17:10:08.005
!MESSAGE Keybinding conflicts occurred.  They may interfere with normal accelerator operation.
!SUBENTRY 1 org.eclipse.jface 2 0 2021-01-19 17:10:08.005
!MESSAGE A conflict occurred for CTRL+SHIFT+T:
Binding(CTRL+SHIFT+T,
	ParameterizedCommand(Command(org.eclipse.jdt.ui.navigate.open.type,Open Type,
		Open a type in a Java editor,
		Category(org.eclipse.ui.category.navigate,Navigate,null,true),
		org.eclipse.ui.internal.WorkbenchHandlerServiceHandler@16e5344c,
		,,true),null),
	org.eclipse.ui.defaultAcceleratorConfiguration,
	org.eclipse.ui.contexts.window,,,system)
Binding(CTRL+SHIFT+T,
	ParameterizedCommand(Command(org.eclipse.lsp4e.symbolinworkspace,Go to Symbol in Workspace,
		,
		Category(org.eclipse.lsp4e.category,Language Servers,null,true),
		org.eclipse.ui.internal.WorkbenchHandlerServiceHandler@3ba5c4dd,
		,,true),null),
	org.eclipse.ui.defaultAcceleratorConfiguration,
	org.eclipse.ui.contexts.window,,,system)

!ENTRY org.eclipse.egit.ui 2 0 2021-01-19 17:10:47.022
!MESSAGE Warning: The environment variable HOME is not set. The following directory will be used to store the Git
user global configuration and to define the default location to store repositories: 'C:\Users\karthick RS'. If this is
not correct please set the HOME environment variable and restart Eclipse. Otherwise Git for Windows and
EGit might behave differently since they see different configuration options.
This warning can be switched off on the Team > Git > Confirmations and Warnings preference page.

!ENTRY org.eclipse.m2e.logback.appender 2 0 2021-01-19 17:11:05.221
!MESSAGE The artifact info.cukes:cucumber-junit:jar:1.2.6 has been relocated to io.cucumber:cucumber-junit:jar:1.2.6

!ENTRY org.eclipse.m2e.logback.appender 2 0 2021-01-19 17:11:05.319
!MESSAGE The artifact info.cukes:cucumber-java:jar:1.2.6 has been relocated to io.cucumber:cucumber-java:jar:1.2.6

!ENTRY org.eclipse.m2e.logback.appender 2 0 2021-01-19 17:11:05.334
!MESSAGE The artifact info.cukes:cucumber-core:jar:1.2.6 has been relocated to io.cucumber:cucumber-core:jar:1.2.6
!SESSION 2021-01-19 18:48:16.150 -----------------------------------------------
eclipse.buildId=4.17.0.I20200902-1800
java.version=15.0.1
java.vendor=Oracle Corporation
BootLoader constants: OS=win32, ARCH=x86_64, WS=win32, NL=en_US
Framework arguments:  -product org.eclipse.epp.package.java.product
Command-line arguments:  -os win32 -ws win32 -arch x86_64 -product org.eclipse.epp.package.java.product

!ENTRY org.eclipse.core.resources 2 10035 2021-01-19 18:48:31.662
!MESSAGE The workspace exited with unsaved changes in the previous session; refreshing workspace to recover changes.

!ENTRY org.eclipse.jface 2 0 2021-01-19 18:48:45.630
!MESSAGE Keybinding conflicts occurred.  They may interfere with normal accelerator operation.
!SUBENTRY 1 org.eclipse.jface 2 0 2021-01-19 18:48:45.630
!MESSAGE A conflict occurred for CTRL+SHIFT+T:
Binding(CTRL+SHIFT+T,
	ParameterizedCommand(Command(org.eclipse.jdt.ui.navigate.open.type,Open Type,
		Open a type in a Java editor,
		Category(org.eclipse.ui.category.navigate,Navigate,null,true),
		org.eclipse.ui.internal.WorkbenchHandlerServiceHandler@1191029d,
		,,true),null),
	org.eclipse.ui.defaultAcceleratorConfiguration,
	org.eclipse.ui.contexts.window,,,system)
Binding(CTRL+SHIFT+T,
	ParameterizedCommand(Command(org.eclipse.lsp4e.symbolinworkspace,Go to Symbol in Workspace,
		,
		Category(org.eclipse.lsp4e.category,Language Servers,null,true),
		org.eclipse.ui.internal.WorkbenchHandlerServiceHandler@54b2d002,
		,,true),null),
	org.eclipse.ui.defaultAcceleratorConfiguration,
	org.eclipse.ui.contexts.window,,,system)

!ENTRY org.eclipse.egit.ui 2 0 2021-01-19 18:49:17.555
!MESSAGE Warning: The environment variable HOME is not set. The following directory will be used to store the Git
user global configuration and to define the default location to store repositories: 'C:\Users\karthick RS'. If this is
not correct please set the HOME environment variable and restart Eclipse. Otherwise Git for Windows and
EGit might behave differently since they see different configuration options.
This warning can be switched off on the Team > Git > Confirmations and Warnings preference page.
!SESSION 2021-01-21 22:06:01.723 -----------------------------------------------
eclipse.buildId=4.17.0.I20200902-1800
java.version=15.0.1
java.vendor=Oracle Corporation
BootLoader constants: OS=win32, ARCH=x86_64, WS=win32, NL=en_US
Framework arguments:  -product org.eclipse.epp.package.java.product
Command-line arguments:  -os win32 -ws win32 -arch x86_64 -product org.eclipse.epp.package.java.product

!ENTRY org.eclipse.core.resources 2 10035 2021-01-21 22:06:29.900
!MESSAGE The workspace exited with unsaved changes in the previous session; refreshing workspace to recover changes.

!ENTRY org.eclipse.jface 2 0 2021-01-21 22:06:47.496
!MESSAGE Keybinding conflicts occurred.  They may interfere with normal accelerator operation.
!SUBENTRY 1 org.eclipse.jface 2 0 2021-01-21 22:06:47.496
!MESSAGE A conflict occurred for CTRL+SHIFT+T:
Binding(CTRL+SHIFT+T,
	ParameterizedCommand(Command(org.eclipse.jdt.ui.navigate.open.type,Open Type,
		Open a type in a Java editor,
		Category(org.eclipse.ui.category.navigate,Navigate,null,true),
		org.eclipse.ui.internal.WorkbenchHandlerServiceHandler@66a8751a,
		,,true),null),
	org.eclipse.ui.defaultAcceleratorConfiguration,
	org.eclipse.ui.contexts.window,,,system)
Binding(CTRL+SHIFT+T,
	ParameterizedCommand(Command(org.eclipse.lsp4e.symbolinworkspace,Go to Symbol in Workspace,
		,
		Category(org.eclipse.lsp4e.category,Language Servers,null,true),
		org.eclipse.ui.internal.WorkbenchHandlerServiceHandler@4ec27c4c,
		,,true),null),
	org.eclipse.ui.defaultAcceleratorConfiguration,
	org.eclipse.ui.contexts.window,,,system)

!ENTRY org.eclipse.egit.ui 2 0 2021-01-21 22:07:36.199
!MESSAGE Warning: The environment variable HOME is not set. The following directory will be used to store the Git
user global configuration and to define the default location to store repositories: 'C:\Users\karthick RS'. If this is
not correct please set the HOME environment variable and restart Eclipse. Otherwise Git for Windows and
EGit might behave differently since they see different configuration options.
This warning can be switched off on the Team > Git > Confirmations and Warnings preference page.

!ENTRY org.eclipse.m2e.logback.appender 2 0 2021-01-21 22:10:32.341
!MESSAGE The artifact info.cukes:cucumber-junit:jar:1.2.6 has been relocated to io.cucumber:cucumber-junit:jar:1.2.6

!ENTRY org.eclipse.m2e.logback.appender 2 0 2021-01-21 22:10:32.363
!MESSAGE The artifact info.cukes:cucumber-java:jar:1.2.6 has been relocated to io.cucumber:cucumber-java:jar:1.2.6

!ENTRY org.eclipse.m2e.logback.appender 2 0 2021-01-21 22:10:32.384
!MESSAGE The artifact info.cukes:cucumber-core:jar:1.2.6 has been relocated to io.cucumber:cucumber-core:jar:1.2.6
!SESSION 2021-01-22 20:15:41.688 -----------------------------------------------
eclipse.buildId=4.17.0.I20200902-1800
java.version=15.0.1
java.vendor=Oracle Corporation
BootLoader constants: OS=win32, ARCH=x86_64, WS=win32, NL=en_US
Framework arguments:  -product org.eclipse.epp.package.java.product
Command-line arguments:  -os win32 -ws win32 -arch x86_64 -product org.eclipse.epp.package.java.product

!ENTRY org.eclipse.jface 2 0 2021-01-22 20:16:16.338
!MESSAGE Keybinding conflicts occurred.  They may interfere with normal accelerator operation.
!SUBENTRY 1 org.eclipse.jface 2 0 2021-01-22 20:16:16.339
!MESSAGE A conflict occurred for CTRL+SHIFT+T:
Binding(CTRL+SHIFT+T,
	ParameterizedCommand(Command(org.eclipse.jdt.ui.navigate.open.type,Open Type,
		Open a type in a Java editor,
		Category(org.eclipse.ui.category.navigate,Navigate,null,true),
		org.eclipse.ui.internal.WorkbenchHandlerServiceHandler@775edae0,
		,,true),null),
	org.eclipse.ui.defaultAcceleratorConfiguration,
	org.eclipse.ui.contexts.window,,,system)
Binding(CTRL+SHIFT+T,
	ParameterizedCommand(Command(org.eclipse.lsp4e.symbolinworkspace,Go to Symbol in Workspace,
		,
		Category(org.eclipse.lsp4e.category,Language Servers,null,true),
		org.eclipse.ui.internal.WorkbenchHandlerServiceHandler@26f480c6,
		,,true),null),
	org.eclipse.ui.defaultAcceleratorConfiguration,
	org.eclipse.ui.contexts.window,,,system)

!ENTRY org.eclipse.egit.ui 2 0 2021-01-22 20:16:40.901
!MESSAGE Warning: The environment variable HOME is not set. The following directory will be used to store the Git
user global configuration and to define the default location to store repositories: 'C:\Users\karthick RS'. If this is
not correct please set the HOME environment variable and restart Eclipse. Otherwise Git for Windows and
EGit might behave differently since they see different configuration options.
This warning can be switched off on the Team > Git > Confirmations and Warnings preference page.

!ENTRY org.eclipse.m2e.logback.appender 2 0 2021-01-22 20:17:15.949
!MESSAGE The artifact info.cukes:cucumber-junit:jar:1.2.6 has been relocated to io.cucumber:cucumber-junit:jar:1.2.6

!ENTRY org.eclipse.m2e.logback.appender 2 0 2021-01-22 20:17:16.047
!MESSAGE The artifact info.cukes:cucumber-java:jar:1.2.6 has been relocated to io.cucumber:cucumber-java:jar:1.2.6

!ENTRY org.eclipse.m2e.logback.appender 2 0 2021-01-22 20:17:16.078
!MESSAGE The artifact info.cukes:cucumber-core:jar:1.2.6 has been relocated to io.cucumber:cucumber-core:jar:1.2.6
!SESSION 2021-01-24 11:58:41.044 -----------------------------------------------
eclipse.buildId=4.17.0.I20200902-1800
java.version=15.0.1
java.vendor=Oracle Corporation
BootLoader constants: OS=win32, ARCH=x86_64, WS=win32, NL=en_US
Framework arguments:  -product org.eclipse.epp.package.java.product
Command-line arguments:  -os win32 -ws win32 -arch x86_64 -product org.eclipse.epp.package.java.product

!ENTRY org.eclipse.jface 2 0 2021-01-24 11:59:18.974
!MESSAGE Keybinding conflicts occurred.  They may interfere with normal accelerator operation.
!SUBENTRY 1 org.eclipse.jface 2 0 2021-01-24 11:59:18.974
!MESSAGE A conflict occurred for CTRL+SHIFT+T:
Binding(CTRL+SHIFT+T,
	ParameterizedCommand(Command(org.eclipse.jdt.ui.navigate.open.type,Open Type,
		Open a type in a Java editor,
		Category(org.eclipse.ui.category.navigate,Navigate,null,true),
		org.eclipse.ui.internal.WorkbenchHandlerServiceHandler@12723c5d,
		,,true),null),
	org.eclipse.ui.defaultAcceleratorConfiguration,
	org.eclipse.ui.contexts.window,,,system)
Binding(CTRL+SHIFT+T,
	ParameterizedCommand(Command(org.eclipse.lsp4e.symbolinworkspace,Go to Symbol in Workspace,
		,
		Category(org.eclipse.lsp4e.category,Language Servers,null,true),
		org.eclipse.ui.internal.WorkbenchHandlerServiceHandler@56a09a5c,
		,,true),null),
	org.eclipse.ui.defaultAcceleratorConfiguration,
	org.eclipse.ui.contexts.window,,,system)

!ENTRY org.eclipse.egit.ui 2 0 2021-01-24 11:59:44.485
!MESSAGE Warning: The environment variable HOME is not set. The following directory will be used to store the Git
user global configuration and to define the default location to store repositories: 'C:\Users\karthick RS'. If this is
not correct please set the HOME environment variable and restart Eclipse. Otherwise Git for Windows and
EGit might behave differently since they see different configuration options.
This warning can be switched off on the Team > Git > Confirmations and Warnings preference page.
!SESSION 2021-01-24 17:53:06.055 -----------------------------------------------
eclipse.buildId=4.17.0.I20200902-1800
java.version=15.0.1
java.vendor=Oracle Corporation
BootLoader constants: OS=win32, ARCH=x86_64, WS=win32, NL=en_US
Framework arguments:  -product org.eclipse.epp.package.java.product
Command-line arguments:  -os win32 -ws win32 -arch x86_64 -product org.eclipse.epp.package.java.product

!ENTRY org.eclipse.jface 2 0 2021-01-24 17:53:36.730
!MESSAGE Keybinding conflicts occurred.  They may interfere with normal accelerator operation.
!SUBENTRY 1 org.eclipse.jface 2 0 2021-01-24 17:53:36.730
!MESSAGE A conflict occurred for CTRL+SHIFT+T:
Binding(CTRL+SHIFT+T,
	ParameterizedCommand(Command(org.eclipse.jdt.ui.navigate.open.type,Open Type,
		Open a type in a Java editor,
		Category(org.eclipse.ui.category.navigate,Navigate,null,true),
		org.eclipse.ui.internal.WorkbenchHandlerServiceHandler@16e5344c,
		,,true),null),
	org.eclipse.ui.defaultAcceleratorConfiguration,
	org.eclipse.ui.contexts.window,,,system)
Binding(CTRL+SHIFT+T,
	ParameterizedCommand(Command(org.eclipse.lsp4e.symbolinworkspace,Go to Symbol in Workspace,
		,
		Category(org.eclipse.lsp4e.category,Language Servers,null,true),
		org.eclipse.ui.internal.WorkbenchHandlerServiceHandler@3ba5c4dd,
		,,true),null),
	org.eclipse.ui.defaultAcceleratorConfiguration,
	org.eclipse.ui.contexts.window,,,system)

!ENTRY org.eclipse.egit.ui 2 0 2021-01-24 17:53:55.396
!MESSAGE Warning: The environment variable HOME is not set. The following directory will be used to store the Git
user global configuration and to define the default location to store repositories: 'C:\Users\karthick RS'. If this is
not correct please set the HOME environment variable and restart Eclipse. Otherwise Git for Windows and
EGit might behave differently since they see different configuration options.
This warning can be switched off on the Team > Git > Confirmations and Warnings preference page.
!SESSION 2021-01-25 20:21:20.613 -----------------------------------------------
eclipse.buildId=4.17.0.I20200902-1800
java.version=15.0.1
java.vendor=Oracle Corporation
BootLoader constants: OS=win32, ARCH=x86_64, WS=win32, NL=en_US
Framework arguments:  -product org.eclipse.epp.package.java.product
Command-line arguments:  -os win32 -ws win32 -arch x86_64 -product org.eclipse.epp.package.java.product

!ENTRY org.eclipse.jface 2 0 2021-01-25 20:22:02.398
!MESSAGE Keybinding conflicts occurred.  They may interfere with normal accelerator operation.
!SUBENTRY 1 org.eclipse.jface 2 0 2021-01-25 20:22:02.398
!MESSAGE A conflict occurred for CTRL+SHIFT+T:
Binding(CTRL+SHIFT+T,
	ParameterizedCommand(Command(org.eclipse.jdt.ui.navigate.open.type,Open Type,
		Open a type in a Java editor,
		Category(org.eclipse.ui.category.navigate,Navigate,null,true),
		org.eclipse.ui.internal.WorkbenchHandlerServiceHandler@6802d023,
		,,true),null),
	org.eclipse.ui.defaultAcceleratorConfiguration,
	org.eclipse.ui.contexts.window,,,system)
Binding(CTRL+SHIFT+T,
	ParameterizedCommand(Command(org.eclipse.lsp4e.symbolinworkspace,Go to Symbol in Workspace,
		,
		Category(org.eclipse.lsp4e.category,Language Servers,null,true),
		org.eclipse.ui.internal.WorkbenchHandlerServiceHandler@e895e3e,
		,,true),null),
	org.eclipse.ui.defaultAcceleratorConfiguration,
	org.eclipse.ui.contexts.window,,,system)

!ENTRY org.eclipse.egit.ui 2 0 2021-01-25 20:22:26.815
!MESSAGE Warning: The environment variable HOME is not set. The following directory will be used to store the Git
user global configuration and to define the default location to store repositories: 'C:\Users\karthick RS'. If this is
not correct please set the HOME environment variable and restart Eclipse. Otherwise Git for Windows and
EGit might behave differently since they see different configuration options.
This warning can be switched off on the Team > Git > Confirmations and Warnings preference page.

!ENTRY org.eclipse.m2e.logback.appender 2 0 2021-01-25 20:23:51.653
!MESSAGE The artifact info.cukes:cucumber-junit:jar:1.2.6 has been relocated to io.cucumber:cucumber-junit:jar:1.2.6

!ENTRY org.eclipse.m2e.logback.appender 2 0 2021-01-25 20:23:51.673
!MESSAGE The artifact info.cukes:cucumber-java:jar:1.2.6 has been relocated to io.cucumber:cucumber-java:jar:1.2.6

!ENTRY org.eclipse.m2e.logback.appender 2 0 2021-01-25 20:23:51.690
!MESSAGE The artifact info.cukes:cucumber-core:jar:1.2.6 has been relocated to io.cucumber:cucumber-core:jar:1.2.6

!ENTRY org.eclipse.jdt.core 4 4 2021-01-25 20:57:11.554
!MESSAGE Exception occurred during compilation unit conversion:
----------------------------------- SOURCE BEGIN -------------------------------------
package com.numberprograms.com;

public class Arms2 {

	public static void main(String[] args) {

		for (int i = 1; i <= 1000; i++) {

			int a, rem = 0, rev = 0;
			a = i;
			 (a > 0) {
				rem = a % 10;
				rev = rev + (rem * rem * rem);
				a = rem / 10;
			}

			if (a == rev) {
				System.out.println(a);

			}

		}

	}
}

----------------------------------- SOURCE END -------------------------------------
!STACK 0
java.lang.IllegalArgumentException
	at org.eclipse.jdt.core.dom.InfixExpression.setOperator(InfixExpression.java:383)
	at org.eclipse.jdt.core.dom.ASTConverter.convert(ASTConverter.java:1276)
	at org.eclipse.jdt.core.dom.ASTConverter.convert(ASTConverter.java:2020)
	at org.eclipse.jdt.core.dom.ASTConverter.convertToParenthesizedExpression(ASTConverter.java:3750)
	at org.eclipse.jdt.core.dom.ASTConverter.convert(ASTConverter.java:1932)
	at org.eclipse.jdt.core.dom.ASTConverter.convert(ASTConverter.java:1204)
	at org.eclipse.jdt.core.dom.ASTConverter.convert(ASTConverter.java:1963)
	at org.eclipse.jdt.core.dom.ASTConverter.convert(ASTConverter.java:3023)
	at org.eclipse.jdt.core.dom.ASTConverter.convert(ASTConverter.java:1372)
	at org.eclipse.jdt.core.dom.ASTConverter.convert(ASTConverter.java:2944)
	at org.eclipse.jdt.core.dom.ASTConverter.convert(ASTConverter.java:2193)
	at org.eclipse.jdt.core.dom.ASTConverter.convert(ASTConverter.java:2965)
	at org.eclipse.jdt.core.dom.ASTConverter.convert(ASTConverter.java:751)
	at org.eclipse.jdt.core.dom.ASTConverter.buildBodyDeclarations(ASTConverter.java:208)
	at org.eclipse.jdt.core.dom.ASTConverter.convert(ASTConverter.java:3302)
	at org.eclipse.jdt.core.dom.ASTConverter.convert(ASTConverter.java:1513)
	at org.eclipse.jdt.core.dom.AST.convertCompilationUnit(AST.java:449)
	at org.eclipse.jdt.internal.core.CompilationUnit.buildStructure(CompilationUnit.java:200)
	at org.eclipse.jdt.internal.core.Openable.generateInfos(Openable.java:268)
	at org.eclipse.jdt.internal.core.JavaElement.openWhenClosed(JavaElement.java:596)
	at org.eclipse.jdt.internal.core.CompilationUnit.makeConsistent(CompilationUnit.java:1141)
	at org.eclipse.jdt.internal.core.ReconcileWorkingCopyOperation.makeConsistent(ReconcileWorkingCopyOperation.java:173)
	at org.eclipse.jdt.internal.core.ReconcileWorkingCopyOperation.executeOperation(ReconcileWorkingCopyOperation.java:94)
	at org.eclipse.jdt.internal.core.JavaModelOperation.run(JavaModelOperation.java:736)
	at org.eclipse.jdt.internal.core.JavaModelOperation.runOperation(JavaModelOperation.java:802)
	at org.eclipse.jdt.internal.core.CompilationUnit.reconcile(CompilationUnit.java:1318)
	at org.eclipse.jdt.internal.ui.text.java.JavaReconcilingStrategy.reconcile(JavaReconcilingStrategy.java:131)
	at org.eclipse.jdt.internal.ui.text.java.JavaReconcilingStrategy.access$0(JavaReconcilingStrategy.java:113)
	at org.eclipse.jdt.internal.ui.text.java.JavaReconcilingStrategy$1.run(JavaReconcilingStrategy.java:93)
	at org.eclipse.core.runtime.SafeRunner.run(SafeRunner.java:45)
	at org.eclipse.jdt.internal.ui.text.java.JavaReconcilingStrategy.reconcile(JavaReconcilingStrategy.java:90)
	at org.eclipse.jdt.internal.ui.text.java.JavaReconcilingStrategy.reconcile(JavaReconcilingStrategy.java:157)
	at org.eclipse.jdt.internal.ui.text.CompositeReconcilingStrategy.reconcile(CompositeReconcilingStrategy.java:94)
	at org.eclipse.jdt.internal.ui.text.JavaCompositeReconcilingStrategy.reconcile(JavaCompositeReconcilingStrategy.java:107)
	at org.eclipse.jface.text.reconciler.MonoReconciler.process(MonoReconciler.java:76)
	at org.eclipse.jface.text.reconciler.AbstractReconciler$BackgroundThread.run(AbstractReconciler.java:210)

!ENTRY org.eclipse.jdt.ui 4 2 2021-01-25 20:57:11.576
!MESSAGE Problems occurred when invoking code from plug-in: "org.eclipse.jdt.ui".
!STACK 0
java.lang.IllegalArgumentException
	at org.eclipse.jdt.core.dom.InfixExpression.setOperator(InfixExpression.java:383)
	at org.eclipse.jdt.core.dom.ASTConverter.convert(ASTConverter.java:1276)
	at org.eclipse.jdt.core.dom.ASTConverter.convert(ASTConverter.java:2020)
	at org.eclipse.jdt.core.dom.ASTConverter.convertToParenthesizedExpression(ASTConverter.java:3750)
	at org.eclipse.jdt.core.dom.ASTConverter.convert(ASTConverter.java:1932)
	at org.eclipse.jdt.core.dom.ASTConverter.convert(ASTConverter.java:1204)
	at org.eclipse.jdt.core.dom.ASTConverter.convert(ASTConverter.java:1963)
	at org.eclipse.jdt.core.dom.ASTConverter.convert(ASTConverter.java:3023)
	at org.eclipse.jdt.core.dom.ASTConverter.convert(ASTConverter.java:1372)
	at org.eclipse.jdt.core.dom.ASTConverter.convert(ASTConverter.java:2944)
	at org.eclipse.jdt.core.dom.ASTConverter.convert(ASTConverter.java:2193)
	at org.eclipse.jdt.core.dom.ASTConverter.convert(ASTConverter.java:2965)
	at org.eclipse.jdt.core.dom.ASTConverter.convert(ASTConverter.java:751)
	at org.eclipse.jdt.core.dom.ASTConverter.buildBodyDeclarations(ASTConverter.java:208)
	at org.eclipse.jdt.core.dom.ASTConverter.convert(ASTConverter.java:3302)
	at org.eclipse.jdt.core.dom.ASTConverter.convert(ASTConverter.java:1513)
	at org.eclipse.jdt.core.dom.AST.convertCompilationUnit(AST.java:449)
	at org.eclipse.jdt.internal.core.CompilationUnit.buildStructure(CompilationUnit.java:200)
	at org.eclipse.jdt.internal.core.Openable.generateInfos(Openable.java:268)
	at org.eclipse.jdt.internal.core.JavaElement.openWhenClosed(JavaElement.java:596)
	at org.eclipse.jdt.internal.core.CompilationUnit.makeConsistent(CompilationUnit.java:1141)
	at org.eclipse.jdt.internal.core.ReconcileWorkingCopyOperation.makeConsistent(ReconcileWorkingCopyOperation.java:173)
	at org.eclipse.jdt.internal.core.ReconcileWorkingCopyOperation.executeOperation(ReconcileWorkingCopyOperation.java:94)
	at org.eclipse.jdt.internal.core.JavaModelOperation.run(JavaModelOperation.java:736)
	at org.eclipse.jdt.internal.core.JavaModelOperation.runOperation(JavaModelOperation.java:802)
	at org.eclipse.jdt.internal.core.CompilationUnit.reconcile(CompilationUnit.java:1318)
	at org.eclipse.jdt.internal.ui.text.java.JavaReconcilingStrategy.reconcile(JavaReconcilingStrategy.java:131)
	at org.eclipse.jdt.internal.ui.text.java.JavaReconcilingStrategy.access$0(JavaReconcilingStrategy.java:113)
	at org.eclipse.jdt.internal.ui.text.java.JavaReconcilingStrategy$1.run(JavaReconcilingStrategy.java:93)
	at org.eclipse.core.runtime.SafeRunner.run(SafeRunner.java:45)
	at org.eclipse.jdt.internal.ui.text.java.JavaReconcilingStrategy.reconcile(JavaReconcilingStrategy.java:90)
	at org.eclipse.jdt.internal.ui.text.java.JavaReconcilingStrategy.reconcile(JavaReconcilingStrategy.java:157)
	at org.eclipse.jdt.internal.ui.text.CompositeReconcilingStrategy.reconcile(CompositeReconcilingStrategy.java:94)
	at org.eclipse.jdt.internal.ui.text.JavaCompositeReconcilingStrategy.reconcile(JavaCompositeReconcilingStrategy.java:107)
	at org.eclipse.jface.text.reconciler.MonoReconciler.process(MonoReconciler.java:76)
	at org.eclipse.jface.text.reconciler.AbstractReconciler$BackgroundThread.run(AbstractReconciler.java:210)

!ENTRY org.eclipse.jdt.ui 4 0 2021-01-25 20:57:11.886
!MESSAGE Error in JDT Core during reconcile
!STACK 0
java.lang.IllegalArgumentException
	at org.eclipse.jdt.core.dom.InfixExpression.setOperator(InfixExpression.java:383)
	at org.eclipse.jdt.core.dom.ASTConverter.convert(ASTConverter.java:1276)
	at org.eclipse.jdt.core.dom.ASTConverter.convert(ASTConverter.java:2020)
	at org.eclipse.jdt.core.dom.ASTConverter.convertToParenthesizedExpression(ASTConverter.java:3750)
	at org.eclipse.jdt.core.dom.ASTConverter.convert(ASTConverter.java:1932)
	at org.eclipse.jdt.core.dom.ASTConverter.convert(ASTConverter.java:1204)
	at org.eclipse.jdt.core.dom.ASTConverter.convert(ASTConverter.java:1963)
	at org.eclipse.jdt.core.dom.ASTConverter.convert(ASTConverter.java:3023)
	at org.eclipse.jdt.core.dom.ASTConverter.convert(ASTConverter.java:1372)
	at org.eclipse.jdt.core.dom.ASTConverter.convert(ASTConverter.java:2944)
	at org.eclipse.jdt.core.dom.ASTConverter.convert(ASTConverter.java:2193)
	at org.eclipse.jdt.core.dom.ASTConverter.convert(ASTConverter.java:2965)
	at org.eclipse.jdt.core.dom.ASTConverter.convert(ASTConverter.java:751)
	at org.eclipse.jdt.core.dom.ASTConverter.buildBodyDeclarations(ASTConverter.java:208)
	at org.eclipse.jdt.core.dom.ASTConverter.convert(ASTConverter.java:3302)
	at org.eclipse.jdt.core.dom.ASTConverter.convert(ASTConverter.java:1513)
	at org.eclipse.jdt.core.dom.AST.convertCompilationUnit(AST.java:449)
	at org.eclipse.jdt.internal.core.CompilationUnit.buildStructure(CompilationUnit.java:200)
	at org.eclipse.jdt.internal.core.Openable.generateInfos(Openable.java:268)
	at org.eclipse.jdt.internal.core.JavaElement.openWhenClosed(JavaElement.java:596)
	at org.eclipse.jdt.internal.core.CompilationUnit.makeConsistent(CompilationUnit.java:1141)
	at org.eclipse.jdt.internal.core.ReconcileWorkingCopyOperation.makeConsistent(ReconcileWorkingCopyOperation.java:173)
	at org.eclipse.jdt.internal.core.ReconcileWorkingCopyOperation.executeOperation(ReconcileWorkingCopyOperation.java:94)
	at org.eclipse.jdt.internal.core.JavaModelOperation.run(JavaModelOperation.java:736)
	at org.eclipse.jdt.internal.core.JavaModelOperation.runOperation(JavaModelOperation.java:802)
	at org.eclipse.jdt.internal.core.CompilationUnit.reconcile(CompilationUnit.java:1318)
	at org.eclipse.jdt.internal.ui.text.java.JavaReconcilingStrategy.reconcile(JavaReconcilingStrategy.java:131)
	at org.eclipse.jdt.internal.ui.text.java.JavaReconcilingStrategy.access$0(JavaReconcilingStrategy.java:113)
	at org.eclipse.jdt.internal.ui.text.java.JavaReconcilingStrategy$1.run(JavaReconcilingStrategy.java:93)
	at org.eclipse.core.runtime.SafeRunner.run(SafeRunner.java:45)
	at org.eclipse.jdt.internal.ui.text.java.JavaReconcilingStrategy.reconcile(JavaReconcilingStrategy.java:90)
	at org.eclipse.jdt.internal.ui.text.java.JavaReconcilingStrategy.reconcile(JavaReconcilingStrategy.java:157)
	at org.eclipse.jdt.internal.ui.text.CompositeReconcilingStrategy.reconcile(CompositeReconcilingStrategy.java:94)
	at org.eclipse.jdt.internal.ui.text.JavaCompositeReconcilingStrategy.reconcile(JavaCompositeReconcilingStrategy.java:107)
	at org.eclipse.jface.text.reconciler.MonoReconciler.process(MonoReconciler.java:76)
	at org.eclipse.jface.text.reconciler.AbstractReconciler$BackgroundThread.run(AbstractReconciler.java:210)

!ENTRY org.eclipse.jdt.core 4 4 2021-01-25 20:57:11.905
!MESSAGE Exception occurred during compilation unit conversion:
----------------------------------- SOURCE BEGIN -------------------------------------
package com.numberprograms.com;

public class Arms2 {

	public static void main(String[] args) {

		for (int i = 1; i <= 1000; i++) {

			int a, rem = 0, rev = 0;
			a = i;
			 (a > 0) {
				rem = a % 10;
				rev = rev + (rem * rem * rem);
				a = rem / 10;
			}

			if (a == rev) {
				System.out.println(a);

			}

		}

	}
}

----------------------------------- SOURCE END -------------------------------------
!STACK 0
java.lang.IllegalArgumentException
	at org.eclipse.jdt.core.dom.InfixExpression.setOperator(InfixExpression.java:383)
	at org.eclipse.jdt.core.dom.ASTConverter.convert(ASTConverter.java:1276)
	at org.eclipse.jdt.core.dom.ASTConverter.convert(ASTConverter.java:2020)
	at org.eclipse.jdt.core.dom.ASTConverter.convertToParenthesizedExpression(ASTConverter.java:3750)
	at org.eclipse.jdt.core.dom.ASTConverter.convert(ASTConverter.java:1932)
	at org.eclipse.jdt.core.dom.ASTConverter.convert(ASTConverter.java:1204)
	at org.eclipse.jdt.core.dom.ASTConverter.convert(ASTConverter.java:1963)
	at org.eclipse.jdt.core.dom.ASTConverter.convert(ASTConverter.java:3023)
	at org.eclipse.jdt.core.dom.ASTConverter.convert(ASTConverter.java:1372)
	at org.eclipse.jdt.core.dom.ASTConverter.convert(ASTConverter.java:2944)
	at org.eclipse.jdt.core.dom.ASTConverter.convert(ASTConverter.java:2193)
	at org.eclipse.jdt.core.dom.ASTConverter.convert(ASTConverter.java:2965)
	at org.eclipse.jdt.core.dom.ASTConverter.convert(ASTConverter.java:751)
	at org.eclipse.jdt.core.dom.ASTConverter.buildBodyDeclarations(ASTConverter.java:208)
	at org.eclipse.jdt.core.dom.ASTConverter.convert(ASTConverter.java:3302)
	at org.eclipse.jdt.core.dom.ASTConverter.convert(ASTConverter.java:1513)
	at org.eclipse.jdt.core.dom.CompilationUnitResolver.convert(CompilationUnitResolver.java:323)
	at org.eclipse.jdt.core.dom.ASTParser.internalCreateAST(ASTParser.java:1231)
	at org.eclipse.jdt.core.dom.ASTParser.createAST(ASTParser.java:820)
	at org.eclipse.jdt.core.manipulation.CoreASTProvider$1.run(CoreASTProvider.java:272)
	at org.eclipse.core.runtime.SafeRunner.run(SafeRunner.java:45)
	at org.eclipse.jdt.core.manipulation.CoreASTProvider.createAST(CoreASTProvider.java:264)
	at org.eclipse.jdt.core.manipulation.CoreASTProvider.getAST(CoreASTProvider.java:197)
	at org.eclipse.jdt.core.manipulation.CoreASTProvider.getAST(CoreASTProvider.java:187)
	at org.eclipse.jdt.core.manipulation.SharedASTProviderCore.getAST(SharedASTProviderCore.java:138)
	at org.eclipse.jdt.internal.ui.viewsupport.SelectionListenerWithASTManager$PartListenerGroup.calculateASTandInform(SelectionListenerWithASTManager.java:167)
	at org.eclipse.jdt.internal.ui.viewsupport.SelectionListenerWithASTManager$PartListenerGroup$1.run(SelectionListenerWithASTManager.java:152)
	at org.eclipse.core.internal.jobs.Worker.run(Worker.java:63)

!ENTRY org.eclipse.jdt.core.manipulation 4 2 2021-01-25 20:57:11.919
!MESSAGE Problems occurred when invoking code from plug-in: "org.eclipse.jdt.core.manipulation".
!STACK 0
java.lang.IllegalArgumentException
	at org.eclipse.jdt.core.dom.InfixExpression.setOperator(InfixExpression.java:383)
	at org.eclipse.jdt.core.dom.ASTConverter.convert(ASTConverter.java:1276)
	at org.eclipse.jdt.core.dom.ASTConverter.convert(ASTConverter.java:2020)
	at org.eclipse.jdt.core.dom.ASTConverter.convertToParenthesizedExpression(ASTConverter.java:3750)
	at org.eclipse.jdt.core.dom.ASTConverter.convert(ASTConverter.java:1932)
	at org.eclipse.jdt.core.dom.ASTConverter.convert(ASTConverter.java:1204)
	at org.eclipse.jdt.core.dom.ASTConverter.convert(ASTConverter.java:1963)
	at org.eclipse.jdt.core.dom.ASTConverter.convert(ASTConverter.java:3023)
	at org.eclipse.jdt.core.dom.ASTConverter.convert(ASTConverter.java:1372)
	at org.eclipse.jdt.core.dom.ASTConverter.convert(ASTConverter.java:2944)
	at org.eclipse.jdt.core.dom.ASTConverter.convert(ASTConverter.java:2193)
	at org.eclipse.jdt.core.dom.ASTConverter.convert(ASTConverter.java:2965)
	at org.eclipse.jdt.core.dom.ASTConverter.convert(ASTConverter.java:751)
	at org.eclipse.jdt.core.dom.ASTConverter.buildBodyDeclarations(ASTConverter.java:208)
	at org.eclipse.jdt.core.dom.ASTConverter.convert(ASTConverter.java:3302)
	at org.eclipse.jdt.core.dom.ASTConverter.convert(ASTConverter.java:1513)
	at org.eclipse.jdt.core.dom.CompilationUnitResolver.convert(CompilationUnitResolver.java:323)
	at org.eclipse.jdt.core.dom.ASTParser.internalCreateAST(ASTParser.java:1231)
	at org.eclipse.jdt.core.dom.ASTParser.createAST(ASTParser.java:820)
	at org.eclipse.jdt.core.manipulation.CoreASTProvider$1.run(CoreASTProvider.java:272)
	at org.eclipse.core.runtime.SafeRunner.run(SafeRunner.java:45)
	at org.eclipse.jdt.core.manipulation.CoreASTProvider.createAST(CoreASTProvider.java:264)
	at org.eclipse.jdt.core.manipulation.CoreASTProvider.getAST(CoreASTProvider.java:197)
	at org.eclipse.jdt.core.manipulation.CoreASTProvider.getAST(CoreASTProvider.java:187)
	at org.eclipse.jdt.core.manipulation.SharedASTProviderCore.getAST(SharedASTProviderCore.java:138)
	at org.eclipse.jdt.internal.ui.viewsupport.SelectionListenerWithASTManager$PartListenerGroup.calculateASTandInform(SelectionListenerWithASTManager.java:167)
	at org.eclipse.jdt.internal.ui.viewsupport.SelectionListenerWithASTManager$PartListenerGroup$1.run(SelectionListenerWithASTManager.java:152)
	at org.eclipse.core.internal.jobs.Worker.run(Worker.java:63)

!ENTRY org.eclipse.jdt.core.manipulation 4 0 2021-01-25 20:57:11.930
!MESSAGE Error in JDT Core during AST creation
!STACK 0
java.lang.IllegalArgumentException
	at org.eclipse.jdt.core.dom.InfixExpression.setOperator(InfixExpression.java:383)
	at org.eclipse.jdt.core.dom.ASTConverter.convert(ASTConverter.java:1276)
	at org.eclipse.jdt.core.dom.ASTConverter.convert(ASTConverter.java:2020)
	at org.eclipse.jdt.core.dom.ASTConverter.convertToParenthesizedExpression(ASTConverter.java:3750)
	at org.eclipse.jdt.core.dom.ASTConverter.convert(ASTConverter.java:1932)
	at org.eclipse.jdt.core.dom.ASTConverter.convert(ASTConverter.java:1204)
	at org.eclipse.jdt.core.dom.ASTConverter.convert(ASTConverter.java:1963)
	at org.eclipse.jdt.core.dom.ASTConverter.convert(ASTConverter.java:3023)
	at org.eclipse.jdt.core.dom.ASTConverter.convert(ASTConverter.java:1372)
	at org.eclipse.jdt.core.dom.ASTConverter.convert(ASTConverter.java:2944)
	at org.eclipse.jdt.core.dom.ASTConverter.convert(ASTConverter.java:2193)
	at org.eclipse.jdt.core.dom.ASTConverter.convert(ASTConverter.java:2965)
	at org.eclipse.jdt.core.dom.ASTConverter.convert(ASTConverter.java:751)
	at org.eclipse.jdt.core.dom.ASTConverter.buildBodyDeclarations(ASTConverter.java:208)
	at org.eclipse.jdt.core.dom.ASTConverter.convert(ASTConverter.java:3302)
	at org.eclipse.jdt.core.dom.ASTConverter.convert(ASTConverter.java:1513)
	at org.eclipse.jdt.core.dom.CompilationUnitResolver.convert(CompilationUnitResolver.java:323)
	at org.eclipse.jdt.core.dom.ASTParser.internalCreateAST(ASTParser.java:1231)
	at org.eclipse.jdt.core.dom.ASTParser.createAST(ASTParser.java:820)
	at org.eclipse.jdt.core.manipulation.CoreASTProvider$1.run(CoreASTProvider.java:272)
	at org.eclipse.core.runtime.SafeRunner.run(SafeRunner.java:45)
	at org.eclipse.jdt.core.manipulation.CoreASTProvider.createAST(CoreASTProvider.java:264)
	at org.eclipse.jdt.core.manipulation.CoreASTProvider.getAST(CoreASTProvider.java:197)
	at org.eclipse.jdt.core.manipulation.CoreASTProvider.getAST(CoreASTProvider.java:187)
	at org.eclipse.jdt.core.manipulation.SharedASTProviderCore.getAST(SharedASTProviderCore.java:138)
	at org.eclipse.jdt.internal.ui.viewsupport.SelectionListenerWithASTManager$PartListenerGroup.calculateASTandInform(SelectionListenerWithASTManager.java:167)
	at org.eclipse.jdt.internal.ui.viewsupport.SelectionListenerWithASTManager$PartListenerGroup$1.run(SelectionListenerWithASTManager.java:152)
	at org.eclipse.core.internal.jobs.Worker.run(Worker.java:63)
!SESSION 2021-01-26 20:19:36.445 -----------------------------------------------
eclipse.buildId=4.17.0.I20200902-1800
java.version=15.0.1
java.vendor=Oracle Corporation
BootLoader constants: OS=win32, ARCH=x86_64, WS=win32, NL=en_US
Framework arguments:  -product org.eclipse.epp.package.java.product
Command-line arguments:  -os win32 -ws win32 -arch x86_64 -product org.eclipse.epp.package.java.product

!ENTRY org.eclipse.core.resources 2 10035 2021-01-26 20:19:54.971
!MESSAGE The workspace exited with unsaved changes in the previous session; refreshing workspace to recover changes.

!ENTRY org.eclipse.jface 2 0 2021-01-26 20:20:15.330
!MESSAGE Keybinding conflicts occurred.  They may interfere with normal accelerator operation.
!SUBENTRY 1 org.eclipse.jface 2 0 2021-01-26 20:20:15.330
!MESSAGE A conflict occurred for CTRL+SHIFT+T:
Binding(CTRL+SHIFT+T,
	ParameterizedCommand(Command(org.eclipse.jdt.ui.navigate.open.type,Open Type,
		Open a type in a Java editor,
		Category(org.eclipse.ui.category.navigate,Navigate,null,true),
		org.eclipse.ui.internal.WorkbenchHandlerServiceHandler@6edd4fe2,
		,,true),null),
	org.eclipse.ui.defaultAcceleratorConfiguration,
	org.eclipse.ui.contexts.window,,,system)
Binding(CTRL+SHIFT+T,
	ParameterizedCommand(Command(org.eclipse.lsp4e.symbolinworkspace,Go to Symbol in Workspace,
		,
		Category(org.eclipse.lsp4e.category,Language Servers,null,true),
		org.eclipse.ui.internal.WorkbenchHandlerServiceHandler@53918b5e,
		,,true),null),
	org.eclipse.ui.defaultAcceleratorConfiguration,
	org.eclipse.ui.contexts.window,,,system)

!ENTRY org.eclipse.egit.ui 2 0 2021-01-26 20:20:40.864
!MESSAGE Warning: The environment variable HOME is not set. The following directory will be used to store the Git
user global configuration and to define the default location to store repositories: 'C:\Users\karthick RS'. If this is
not correct please set the HOME environment variable and restart Eclipse. Otherwise Git for Windows and
EGit might behave differently since they see different configuration options.
This warning can be switched off on the Team > Git > Confirmations and Warnings preference page.

!ENTRY org.eclipse.m2e.logback.appender 2 0 2021-01-26 20:30:36.797
!MESSAGE The artifact info.cukes:cucumber-junit:jar:1.2.6 has been relocated to io.cucumber:cucumber-junit:jar:1.2.6

!ENTRY org.eclipse.m2e.logback.appender 2 0 2021-01-26 20:30:36.819
!MESSAGE The artifact info.cukes:cucumber-java:jar:1.2.6 has been relocated to io.cucumber:cucumber-java:jar:1.2.6

!ENTRY org.eclipse.m2e.logback.appender 2 0 2021-01-26 20:30:36.836
!MESSAGE The artifact info.cukes:cucumber-core:jar:1.2.6 has been relocated to io.cucumber:cucumber-core:jar:1.2.6
!SESSION 2021-01-26 22:23:08.902 -----------------------------------------------
eclipse.buildId=4.17.0.I20200902-1800
java.version=15.0.1
java.vendor=Oracle Corporation
BootLoader constants: OS=win32, ARCH=x86_64, WS=win32, NL=en_US
Framework arguments:  -product org.eclipse.epp.package.java.product
Command-line arguments:  -os win32 -ws win32 -arch x86_64 -product org.eclipse.epp.package.java.product

!ENTRY org.eclipse.jface 2 0 2021-01-26 22:23:29.281
!MESSAGE Keybinding conflicts occurred.  They may interfere with normal accelerator operation.
!SUBENTRY 1 org.eclipse.jface 2 0 2021-01-26 22:23:29.281
!MESSAGE A conflict occurred for CTRL+SHIFT+T:
Binding(CTRL+SHIFT+T,
	ParameterizedCommand(Command(org.eclipse.jdt.ui.navigate.open.type,Open Type,
		Open a type in a Java editor,
		Category(org.eclipse.ui.category.navigate,Navigate,null,true),
		org.eclipse.ui.internal.WorkbenchHandlerServiceHandler@4ea48b2e,
		,,true),null),
	org.eclipse.ui.defaultAcceleratorConfiguration,
	org.eclipse.ui.contexts.window,,,system)
Binding(CTRL+SHIFT+T,
	ParameterizedCommand(Command(org.eclipse.lsp4e.symbolinworkspace,Go to Symbol in Workspace,
		,
		Category(org.eclipse.lsp4e.category,Language Servers,null,true),
		org.eclipse.ui.internal.WorkbenchHandlerServiceHandler@72c704f1,
		,,true),null),
	org.eclipse.ui.defaultAcceleratorConfiguration,
	org.eclipse.ui.contexts.window,,,system)

!ENTRY org.eclipse.egit.ui 2 0 2021-01-26 22:23:49.763
!MESSAGE Warning: The environment variable HOME is not set. The following directory will be used to store the Git
user global configuration and to define the default location to store repositories: 'C:\Users\karthick RS'. If this is
not correct please set the HOME environment variable and restart Eclipse. Otherwise Git for Windows and
EGit might behave differently since they see different configuration options.
This warning can be switched off on the Team > Git > Confirmations and Warnings preference page.
!SESSION 2021-01-26 23:45:11.679 -----------------------------------------------
eclipse.buildId=4.17.0.I20200902-1800
java.version=15.0.1
java.vendor=Oracle Corporation
BootLoader constants: OS=win32, ARCH=x86_64, WS=win32, NL=en_US
Framework arguments:  -product org.eclipse.epp.package.java.product
Command-line arguments:  -os win32 -ws win32 -arch x86_64 -product org.eclipse.epp.package.java.product

!ENTRY org.eclipse.jface 2 0 2021-01-26 23:46:00.486
!MESSAGE Keybinding conflicts occurred.  They may interfere with normal accelerator operation.
!SUBENTRY 1 org.eclipse.jface 2 0 2021-01-26 23:46:00.486
!MESSAGE A conflict occurred for CTRL+SHIFT+T:
Binding(CTRL+SHIFT+T,
	ParameterizedCommand(Command(org.eclipse.jdt.ui.navigate.open.type,Open Type,
		Open a type in a Java editor,
		Category(org.eclipse.ui.category.navigate,Navigate,null,true),
		org.eclipse.ui.internal.WorkbenchHandlerServiceHandler@53e82089,
		,,true),null),
	org.eclipse.ui.defaultAcceleratorConfiguration,
	org.eclipse.ui.contexts.window,,,system)
Binding(CTRL+SHIFT+T,
	ParameterizedCommand(Command(org.eclipse.lsp4e.symbolinworkspace,Go to Symbol in Workspace,
		,
		Category(org.eclipse.lsp4e.category,Language Servers,null,true),
		org.eclipse.ui.internal.WorkbenchHandlerServiceHandler@66a8751a,
		,,true),null),
	org.eclipse.ui.defaultAcceleratorConfiguration,
	org.eclipse.ui.contexts.window,,,system)

!ENTRY org.eclipse.egit.ui 2 0 2021-01-26 23:46:26.298
!MESSAGE Warning: The environment variable HOME is not set. The following directory will be used to store the Git
user global configuration and to define the default location to store repositories: 'C:\Users\karthick RS'. If this is
not correct please set the HOME environment variable and restart Eclipse. Otherwise Git for Windows and
EGit might behave differently since they see different configuration options.
This warning can be switched off on the Team > Git > Confirmations and Warnings preference page.
!SESSION 2021-01-27 22:28:24.273 -----------------------------------------------
eclipse.buildId=4.17.0.I20200902-1800
java.version=15.0.1
java.vendor=Oracle Corporation
BootLoader constants: OS=win32, ARCH=x86_64, WS=win32, NL=en_US
Framework arguments:  -product org.eclipse.epp.package.java.product
Command-line arguments:  -os win32 -ws win32 -arch x86_64 -product org.eclipse.epp.package.java.product

!ENTRY org.eclipse.jface 2 0 2021-01-27 22:29:07.240
!MESSAGE Keybinding conflicts occurred.  They may interfere with normal accelerator operation.
!SUBENTRY 1 org.eclipse.jface 2 0 2021-01-27 22:29:07.240
!MESSAGE A conflict occurred for CTRL+SHIFT+T:
Binding(CTRL+SHIFT+T,
	ParameterizedCommand(Command(org.eclipse.jdt.ui.navigate.open.type,Open Type,
		Open a type in a Java editor,
		Category(org.eclipse.ui.category.navigate,Navigate,null,true),
		org.eclipse.ui.internal.WorkbenchHandlerServiceHandler@55f6f965,
		,,true),null),
	org.eclipse.ui.defaultAcceleratorConfiguration,
	org.eclipse.ui.contexts.window,,,system)
Binding(CTRL+SHIFT+T,
	ParameterizedCommand(Command(org.eclipse.lsp4e.symbolinworkspace,Go to Symbol in Workspace,
		,
		Category(org.eclipse.lsp4e.category,Language Servers,null,true),
		org.eclipse.ui.internal.WorkbenchHandlerServiceHandler@40ddf339,
		,,true),null),
	org.eclipse.ui.defaultAcceleratorConfiguration,
	org.eclipse.ui.contexts.window,,,system)

!ENTRY org.eclipse.egit.ui 2 0 2021-01-27 22:29:48.661
!MESSAGE Warning: The environment variable HOME is not set. The following directory will be used to store the Git
user global configuration and to define the default location to store repositories: 'C:\Users\karthick RS'. If this is
not correct please set the HOME environment variable and restart Eclipse. Otherwise Git for Windows and
EGit might behave differently since they see different configuration options.
This warning can be switched off on the Team > Git > Confirmations and Warnings preference page.
!SESSION 2021-01-28 21:03:48.191 -----------------------------------------------
eclipse.buildId=4.17.0.I20200902-1800
java.version=15.0.1
java.vendor=Oracle Corporation
BootLoader constants: OS=win32, ARCH=x86_64, WS=win32, NL=en_US
Framework arguments:  -product org.eclipse.epp.package.java.product
Command-line arguments:  -os win32 -ws win32 -arch x86_64 -product org.eclipse.epp.package.java.product

!ENTRY org.eclipse.jface 2 0 2021-01-28 21:04:28.637
!MESSAGE Keybinding conflicts occurred.  They may interfere with normal accelerator operation.
!SUBENTRY 1 org.eclipse.jface 2 0 2021-01-28 21:04:28.637
!MESSAGE A conflict occurred for CTRL+SHIFT+T:
Binding(CTRL+SHIFT+T,
	ParameterizedCommand(Command(org.eclipse.jdt.ui.navigate.open.type,Open Type,
		Open a type in a Java editor,
		Category(org.eclipse.ui.category.navigate,Navigate,null,true),
		org.eclipse.ui.internal.WorkbenchHandlerServiceHandler@79ec57b8,
		,,true),null),
	org.eclipse.ui.defaultAcceleratorConfiguration,
	org.eclipse.ui.contexts.window,,,system)
Binding(CTRL+SHIFT+T,
	ParameterizedCommand(Command(org.eclipse.lsp4e.symbolinworkspace,Go to Symbol in Workspace,
		,
		Category(org.eclipse.lsp4e.category,Language Servers,null,true),
		org.eclipse.ui.internal.WorkbenchHandlerServiceHandler@56ba8e8c,
		,,true),null),
	org.eclipse.ui.defaultAcceleratorConfiguration,
	org.eclipse.ui.contexts.window,,,system)

!ENTRY org.eclipse.egit.ui 2 0 2021-01-28 21:05:30.579
!MESSAGE Warning: The environment variable HOME is not set. The following directory will be used to store the Git
user global configuration and to define the default location to store repositories: 'C:\Users\karthick RS'. If this is
not correct please set the HOME environment variable and restart Eclipse. Otherwise Git for Windows and
EGit might behave differently since they see different configuration options.
This warning can be switched off on the Team > Git > Confirmations and Warnings preference page.
!SESSION 2021-01-31 14:26:01.147 -----------------------------------------------
eclipse.buildId=4.17.0.I20200902-1800
java.version=15.0.1
java.vendor=Oracle Corporation
BootLoader constants: OS=win32, ARCH=x86_64, WS=win32, NL=en_US
Framework arguments:  -product org.eclipse.epp.package.java.product
Command-line arguments:  -os win32 -ws win32 -arch x86_64 -product org.eclipse.epp.package.java.product

!ENTRY org.eclipse.jface 2 0 2021-01-31 14:26:38.450
!MESSAGE Keybinding conflicts occurred.  They may interfere with normal accelerator operation.
!SUBENTRY 1 org.eclipse.jface 2 0 2021-01-31 14:26:38.450
!MESSAGE A conflict occurred for CTRL+SHIFT+T:
Binding(CTRL+SHIFT+T,
	ParameterizedCommand(Command(org.eclipse.jdt.ui.navigate.open.type,Open Type,
		Open a type in a Java editor,
		Category(org.eclipse.ui.category.navigate,Navigate,null,true),
		org.eclipse.ui.internal.WorkbenchHandlerServiceHandler@3af39e7b,
		,,true),null),
	org.eclipse.ui.defaultAcceleratorConfiguration,
	org.eclipse.ui.contexts.window,,,system)
Binding(CTRL+SHIFT+T,
	ParameterizedCommand(Command(org.eclipse.lsp4e.symbolinworkspace,Go to Symbol in Workspace,
		,
		Category(org.eclipse.lsp4e.category,Language Servers,null,true),
		org.eclipse.ui.internal.WorkbenchHandlerServiceHandler@4f6ff62,
		,,true),null),
	org.eclipse.ui.defaultAcceleratorConfiguration,
	org.eclipse.ui.contexts.window,,,system)

!ENTRY org.eclipse.egit.ui 2 0 2021-01-31 14:27:19.693
!MESSAGE Warning: The environment variable HOME is not set. The following directory will be used to store the Git
user global configuration and to define the default location to store repositories: 'C:\Users\karthick RS'. If this is
not correct please set the HOME environment variable and restart Eclipse. Otherwise Git for Windows and
EGit might behave differently since they see different configuration options.
This warning can be switched off on the Team > Git > Confirmations and Warnings preference page.
!SESSION 2021-02-01 17:18:17.437 -----------------------------------------------
eclipse.buildId=4.17.0.I20200902-1800
java.version=15.0.1
java.vendor=Oracle Corporation
BootLoader constants: OS=win32, ARCH=x86_64, WS=win32, NL=en_US
Framework arguments:  -product org.eclipse.epp.package.java.product
Command-line arguments:  -os win32 -ws win32 -arch x86_64 -product org.eclipse.epp.package.java.product

!ENTRY org.eclipse.jface 2 0 2021-02-01 17:19:27.326
!MESSAGE Keybinding conflicts occurred.  They may interfere with normal accelerator operation.
!SUBENTRY 1 org.eclipse.jface 2 0 2021-02-01 17:19:27.326
!MESSAGE A conflict occurred for CTRL+SHIFT+T:
Binding(CTRL+SHIFT+T,
	ParameterizedCommand(Command(org.eclipse.jdt.ui.navigate.open.type,Open Type,
		Open a type in a Java editor,
		Category(org.eclipse.ui.category.navigate,Navigate,null,true),
		org.eclipse.ui.internal.WorkbenchHandlerServiceHandler@40ddf339,
		,,true),null),
	org.eclipse.ui.defaultAcceleratorConfiguration,
	org.eclipse.ui.contexts.window,,,system)
Binding(CTRL+SHIFT+T,
	ParameterizedCommand(Command(org.eclipse.lsp4e.symbolinworkspace,Go to Symbol in Workspace,
		,
		Category(org.eclipse.lsp4e.category,Language Servers,null,true),
		org.eclipse.ui.internal.WorkbenchHandlerServiceHandler@c83ed77,
		,,true),null),
	org.eclipse.ui.defaultAcceleratorConfiguration,
	org.eclipse.ui.contexts.window,,,system)

!ENTRY org.eclipse.egit.ui 2 0 2021-02-01 17:20:20.387
!MESSAGE Warning: The environment variable HOME is not set. The following directory will be used to store the Git
user global configuration and to define the default location to store repositories: 'C:\Users\karthick RS'. If this is
not correct please set the HOME environment variable and restart Eclipse. Otherwise Git for Windows and
EGit might behave differently since they see different configuration options.
This warning can be switched off on the Team > Git > Confirmations and Warnings preference page.
